{"C:\\Users\\USER\\Desktop\\AntiPhishX\\backend\\src\\app.js": {"path":"C:\\Users\\USER\\Desktop\\AntiPhishX\\backend\\src\\app.js","statementMap":{"0":{"start":{"line":6,"column":16},"end":{"line":6,"column":34}},"1":{"start":{"line":7,"column":15},"end":{"line":7,"column":32}},"2":{"start":{"line":8,"column":13},"end":{"line":8,"column":28}},"3":{"start":{"line":9,"column":21},"end":{"line":9,"column":45}},"4":{"start":{"line":10,"column":22},"end":{"line":10,"column":55}},"5":{"start":{"line":11,"column":26},"end":{"line":11,"column":72}},"6":{"start":{"line":12,"column":35},"end":{"line":12,"column":75}},"7":{"start":{"line":13,"column":15},"end":{"line":13,"column":41}},"8":{"start":{"line":15,"column":12},"end":{"line":15,"column":21}},"9":{"start":{"line":18,"column":0},"end":{"line":36,"column":4}},"10":{"start":{"line":39,"column":0},"end":{"line":44,"column":4}},"11":{"start":{"line":47,"column":0},"end":{"line":47,"column":41}},"12":{"start":{"line":48,"column":0},"end":{"line":48,"column":63}},"13":{"start":{"line":51,"column":0},"end":{"line":51,"column":24}},"14":{"start":{"line":54,"column":0},"end":{"line":54,"column":25}},"15":{"start":{"line":57,"column":0},"end":{"line":57,"column":23}},"16":{"start":{"line":60,"column":0},"end":{"line":66,"column":3}},"17":{"start":{"line":61,"column":4},"end":{"line":64,"column":7}},"18":{"start":{"line":65,"column":4},"end":{"line":65,"column":11}},"19":{"start":{"line":69,"column":0},"end":{"line":75,"column":3}},"20":{"start":{"line":70,"column":4},"end":{"line":74,"column":7}},"21":{"start":{"line":78,"column":0},"end":{"line":84,"column":3}},"22":{"start":{"line":79,"column":4},"end":{"line":83,"column":7}},"23":{"start":{"line":87,"column":19},"end":{"line":87,"column":50}},"24":{"start":{"line":88,"column":0},"end":{"line":88,"column":33}},"25":{"start":{"line":91,"column":21},"end":{"line":91,"column":54}},"26":{"start":{"line":92,"column":0},"end":{"line":92,"column":38}},"27":{"start":{"line":95,"column":19},"end":{"line":95,"column":50}},"28":{"start":{"line":96,"column":0},"end":{"line":96,"column":36}},"29":{"start":{"line":99,"column":18},"end":{"line":99,"column":48}},"30":{"start":{"line":100,"column":0},"end":{"line":100,"column":32}},"31":{"start":{"line":103,"column":26},"end":{"line":103,"column":64}},"32":{"start":{"line":104,"column":0},"end":{"line":104,"column":48}},"33":{"start":{"line":107,"column":25},"end":{"line":107,"column":62}},"34":{"start":{"line":108,"column":0},"end":{"line":108,"column":45}},"35":{"start":{"line":111,"column":20},"end":{"line":111,"column":52}},"36":{"start":{"line":112,"column":0},"end":{"line":112,"column":35}},"37":{"start":{"line":115,"column":0},"end":{"line":115,"column":18}},"38":{"start":{"line":118,"column":0},"end":{"line":118,"column":22}},"39":{"start":{"line":120,"column":0},"end":{"line":120,"column":21}}},"fnMap":{"0":{"name":"(anonymous_0)","decl":{"start":{"line":60,"column":8},"end":{"line":60,"column":9}},"loc":{"start":{"line":60,"column":28},"end":{"line":66,"column":1}},"line":60},"1":{"name":"(anonymous_1)","decl":{"start":{"line":69,"column":19},"end":{"line":69,"column":20}},"loc":{"start":{"line":69,"column":33},"end":{"line":75,"column":1}},"line":69},"2":{"name":"(anonymous_2)","decl":{"start":{"line":78,"column":16},"end":{"line":78,"column":17}},"loc":{"start":{"line":78,"column":30},"end":{"line":84,"column":1}},"line":78}},"branchMap":{"0":{"loc":{"start":{"line":40,"column":12},"end":{"line":40,"column":62}},"type":"binary-expr","locations":[{"start":{"line":40,"column":12},"end":{"line":40,"column":35}},{"start":{"line":40,"column":39},"end":{"line":40,"column":62}}],"line":40}},"s":{"0":2,"1":2,"2":2,"3":2,"4":2,"5":2,"6":2,"7":2,"8":2,"9":2,"10":2,"11":2,"12":2,"13":2,"14":2,"15":2,"16":2,"17":5,"18":5,"19":2,"20":1,"21":2,"22":1,"23":2,"24":2,"25":2,"26":2,"27":2,"28":2,"29":2,"30":2,"31":2,"32":2,"33":2,"34":2,"35":2,"36":2,"37":2,"38":2,"39":2},"f":{"0":5,"1":1,"2":1},"b":{"0":[2,2]},"_coverageSchema":"1a1c01bbd47fc00a2c39e90264f33305004495a9","hash":"18fae6e5d8951aa280c9cab4a4cb3a334fda9792"}
,"C:\\Users\\USER\\Desktop\\AntiPhishX\\backend\\src\\admin\\admin.controller.js": {"path":"C:\\Users\\USER\\Desktop\\AntiPhishX\\backend\\src\\admin\\admin.controller.js","statementMap":{"0":{"start":{"line":6,"column":13},"end":{"line":6,"column":38}},"1":{"start":{"line":7,"column":15},"end":{"line":7,"column":42}},"2":{"start":{"line":8,"column":17},"end":{"line":8,"column":46}},"3":{"start":{"line":9,"column":25},"end":{"line":9,"column":66}},"4":{"start":{"line":10,"column":27},"end":{"line":10,"column":73}},"5":{"start":{"line":11,"column":15},"end":{"line":11,"column":42}},"6":{"start":{"line":12,"column":12},"end":{"line":12,"column":26}},"7":{"start":{"line":20,"column":8},"end":{"line":42,"column":9}},"8":{"start":{"line":21,"column":26},"end":{"line":21,"column":67}},"9":{"start":{"line":24,"column":32},"end":{"line":27,"column":66}},"10":{"start":{"line":29,"column":36},"end":{"line":32,"column":63}},"11":{"start":{"line":34,"column":12},"end":{"line":38,"column":15}},"12":{"start":{"line":40,"column":12},"end":{"line":40,"column":62}},"13":{"start":{"line":41,"column":12},"end":{"line":41,"column":59}},"14":{"start":{"line":50,"column":8},"end":{"line":83,"column":9}},"15":{"start":{"line":51,"column":59},"end":{"line":51,"column":68}},"16":{"start":{"line":53,"column":26},"end":{"line":53,"column":28}},"17":{"start":{"line":54,"column":12},"end":{"line":54,"column":40}},"18":{"start":{"line":54,"column":22},"end":{"line":54,"column":40}},"19":{"start":{"line":55,"column":12},"end":{"line":61,"column":13}},"20":{"start":{"line":56,"column":16},"end":{"line":60,"column":18}},"21":{"start":{"line":63,"column":26},"end":{"line":67,"column":61}},"22":{"start":{"line":69,"column":26},"end":{"line":69,"column":58}},"23":{"start":{"line":71,"column":12},"end":{"line":79,"column":15}},"24":{"start":{"line":81,"column":12},"end":{"line":81,"column":52}},"25":{"start":{"line":82,"column":12},"end":{"line":82,"column":59}},"26":{"start":{"line":91,"column":8},"end":{"line":109,"column":9}},"27":{"start":{"line":92,"column":27},"end":{"line":92,"column":37}},"28":{"start":{"line":94,"column":25},"end":{"line":94,"column":72}},"29":{"start":{"line":95,"column":12},"end":{"line":97,"column":13}},"30":{"start":{"line":96,"column":16},"end":{"line":96,"column":73}},"31":{"start":{"line":100,"column":30},"end":{"line":100,"column":73}},"32":{"start":{"line":102,"column":12},"end":{"line":105,"column":15}},"33":{"start":{"line":107,"column":12},"end":{"line":107,"column":51}},"34":{"start":{"line":108,"column":12},"end":{"line":108,"column":59}},"35":{"start":{"line":117,"column":8},"end":{"line":155,"column":9}},"36":{"start":{"line":118,"column":27},"end":{"line":118,"column":37}},"37":{"start":{"line":120,"column":27},"end":{"line":126,"column":14}},"38":{"start":{"line":128,"column":37},"end":{"line":128,"column":62}},"39":{"start":{"line":129,"column":12},"end":{"line":131,"column":13}},"40":{"start":{"line":130,"column":16},"end":{"line":130,"column":81}},"41":{"start":{"line":133,"column":25},"end":{"line":133,"column":103}},"42":{"start":{"line":135,"column":12},"end":{"line":137,"column":13}},"43":{"start":{"line":136,"column":16},"end":{"line":136,"column":73}},"44":{"start":{"line":139,"column":12},"end":{"line":146,"column":15}},"45":{"start":{"line":148,"column":12},"end":{"line":151,"column":15}},"46":{"start":{"line":153,"column":12},"end":{"line":153,"column":54}},"47":{"start":{"line":154,"column":12},"end":{"line":154,"column":59}},"48":{"start":{"line":163,"column":8},"end":{"line":184,"column":9}},"49":{"start":{"line":164,"column":27},"end":{"line":164,"column":37}},"50":{"start":{"line":166,"column":25},"end":{"line":166,"column":57}},"51":{"start":{"line":167,"column":12},"end":{"line":169,"column":13}},"52":{"start":{"line":168,"column":16},"end":{"line":168,"column":73}},"53":{"start":{"line":171,"column":12},"end":{"line":178,"column":15}},"54":{"start":{"line":180,"column":12},"end":{"line":180,"column":63}},"55":{"start":{"line":182,"column":12},"end":{"line":182,"column":54}},"56":{"start":{"line":183,"column":12},"end":{"line":183,"column":59}},"57":{"start":{"line":192,"column":8},"end":{"line":220,"column":9}},"58":{"start":{"line":193,"column":56},"end":{"line":193,"column":65}},"59":{"start":{"line":195,"column":26},"end":{"line":195,"column":28}},"60":{"start":{"line":196,"column":12},"end":{"line":198,"column":13}},"61":{"start":{"line":197,"column":16},"end":{"line":197,"column":57}},"62":{"start":{"line":200,"column":28},"end":{"line":204,"column":61}},"63":{"start":{"line":206,"column":26},"end":{"line":206,"column":60}},"64":{"start":{"line":208,"column":12},"end":{"line":216,"column":15}},"65":{"start":{"line":218,"column":12},"end":{"line":218,"column":58}},"66":{"start":{"line":219,"column":12},"end":{"line":219,"column":59}},"67":{"start":{"line":228,"column":8},"end":{"line":255,"column":9}},"68":{"start":{"line":229,"column":64},"end":{"line":229,"column":73}},"69":{"start":{"line":231,"column":26},"end":{"line":231,"column":28}},"70":{"start":{"line":232,"column":12},"end":{"line":232,"column":52}},"71":{"start":{"line":232,"column":26},"end":{"line":232,"column":52}},"72":{"start":{"line":233,"column":12},"end":{"line":233,"column":46}},"73":{"start":{"line":233,"column":24},"end":{"line":233,"column":46}},"74":{"start":{"line":235,"column":25},"end":{"line":239,"column":61}},"75":{"start":{"line":241,"column":26},"end":{"line":241,"column":62}},"76":{"start":{"line":243,"column":12},"end":{"line":251,"column":15}},"77":{"start":{"line":253,"column":12},"end":{"line":253,"column":60}},"78":{"start":{"line":254,"column":12},"end":{"line":254,"column":59}},"79":{"start":{"line":263,"column":8},"end":{"line":284,"column":9}},"80":{"start":{"line":264,"column":26},"end":{"line":264,"column":67}},"81":{"start":{"line":267,"column":32},"end":{"line":269,"column":14}},"82":{"start":{"line":271,"column":35},"end":{"line":274,"column":14}},"83":{"start":{"line":276,"column":12},"end":{"line":280,"column":15}},"84":{"start":{"line":282,"column":12},"end":{"line":282,"column":65}},"85":{"start":{"line":283,"column":12},"end":{"line":283,"column":59}},"86":{"start":{"line":292,"column":8},"end":{"line":345,"column":9}},"87":{"start":{"line":293,"column":27},"end":{"line":296,"column":14}},"88":{"start":{"line":298,"column":37},"end":{"line":298,"column":62}},"89":{"start":{"line":299,"column":12},"end":{"line":301,"column":13}},"90":{"start":{"line":300,"column":16},"end":{"line":300,"column":81}},"91":{"start":{"line":303,"column":43},"end":{"line":303,"column":48}},"92":{"start":{"line":306,"column":12},"end":{"line":328,"column":13}},"93":{"start":{"line":308,"column":20},"end":{"line":311,"column":22}},"94":{"start":{"line":312,"column":20},"end":{"line":312,"column":26}},"95":{"start":{"line":314,"column":20},"end":{"line":317,"column":22}},"96":{"start":{"line":318,"column":20},"end":{"line":318,"column":26}},"97":{"start":{"line":320,"column":20},"end":{"line":323,"column":22}},"98":{"start":{"line":324,"column":20},"end":{"line":324,"column":26}},"99":{"start":{"line":326,"column":20},"end":{"line":326,"column":78}},"100":{"start":{"line":327,"column":20},"end":{"line":327,"column":26}},"101":{"start":{"line":330,"column":12},"end":{"line":336,"column":15}},"102":{"start":{"line":338,"column":12},"end":{"line":341,"column":15}},"103":{"start":{"line":343,"column":12},"end":{"line":343,"column":62}},"104":{"start":{"line":344,"column":12},"end":{"line":344,"column":59}},"105":{"start":{"line":353,"column":8},"end":{"line":376,"column":9}},"106":{"start":{"line":355,"column":29},"end":{"line":370,"column":13}},"107":{"start":{"line":372,"column":12},"end":{"line":372,"column":35}},"108":{"start":{"line":374,"column":12},"end":{"line":374,"column":55}},"109":{"start":{"line":375,"column":12},"end":{"line":375,"column":59}},"110":{"start":{"line":380,"column":0},"end":{"line":380,"column":39}}},"fnMap":{"0":{"name":"(anonymous_0)","decl":{"start":{"line":19,"column":4},"end":{"line":19,"column":5}},"loc":{"start":{"line":19,"column":33},"end":{"line":43,"column":5}},"line":19},"1":{"name":"(anonymous_1)","decl":{"start":{"line":49,"column":4},"end":{"line":49,"column":5}},"loc":{"start":{"line":49,"column":29},"end":{"line":84,"column":5}},"line":49},"2":{"name":"(anonymous_2)","decl":{"start":{"line":90,"column":4},"end":{"line":90,"column":5}},"loc":{"start":{"line":90,"column":32},"end":{"line":110,"column":5}},"line":90},"3":{"name":"(anonymous_3)","decl":{"start":{"line":116,"column":4},"end":{"line":116,"column":5}},"loc":{"start":{"line":116,"column":31},"end":{"line":156,"column":5}},"line":116},"4":{"name":"(anonymous_4)","decl":{"start":{"line":162,"column":4},"end":{"line":162,"column":5}},"loc":{"start":{"line":162,"column":31},"end":{"line":185,"column":5}},"line":162},"5":{"name":"(anonymous_5)","decl":{"start":{"line":191,"column":4},"end":{"line":191,"column":5}},"loc":{"start":{"line":191,"column":34},"end":{"line":221,"column":5}},"line":191},"6":{"name":"(anonymous_6)","decl":{"start":{"line":227,"column":4},"end":{"line":227,"column":5}},"loc":{"start":{"line":227,"column":36},"end":{"line":256,"column":5}},"line":227},"7":{"name":"(anonymous_7)","decl":{"start":{"line":262,"column":4},"end":{"line":262,"column":5}},"loc":{"start":{"line":262,"column":41},"end":{"line":285,"column":5}},"line":262},"8":{"name":"(anonymous_8)","decl":{"start":{"line":291,"column":4},"end":{"line":291,"column":5}},"loc":{"start":{"line":291,"column":38},"end":{"line":346,"column":5}},"line":291},"9":{"name":"(anonymous_9)","decl":{"start":{"line":352,"column":4},"end":{"line":352,"column":5}},"loc":{"start":{"line":352,"column":32},"end":{"line":377,"column":5}},"line":352}},"branchMap":{"0":{"loc":{"start":{"line":51,"column":34},"end":{"line":51,"column":42}},"type":"default-arg","locations":[{"start":{"line":51,"column":41},"end":{"line":51,"column":42}}],"line":51},"1":{"loc":{"start":{"line":51,"column":44},"end":{"line":51,"column":54}},"type":"default-arg","locations":[{"start":{"line":51,"column":52},"end":{"line":51,"column":54}}],"line":51},"2":{"loc":{"start":{"line":54,"column":12},"end":{"line":54,"column":40}},"type":"if","locations":[{"start":{"line":54,"column":12},"end":{"line":54,"column":40}},{"start":{},"end":{}}],"line":54},"3":{"loc":{"start":{"line":55,"column":12},"end":{"line":61,"column":13}},"type":"if","locations":[{"start":{"line":55,"column":12},"end":{"line":61,"column":13}},{"start":{},"end":{}}],"line":55},"4":{"loc":{"start":{"line":95,"column":12},"end":{"line":97,"column":13}},"type":"if","locations":[{"start":{"line":95,"column":12},"end":{"line":97,"column":13}},{"start":{},"end":{}}],"line":95},"5":{"loc":{"start":{"line":129,"column":12},"end":{"line":131,"column":13}},"type":"if","locations":[{"start":{"line":129,"column":12},"end":{"line":131,"column":13}},{"start":{},"end":{}}],"line":129},"6":{"loc":{"start":{"line":135,"column":12},"end":{"line":137,"column":13}},"type":"if","locations":[{"start":{"line":135,"column":12},"end":{"line":137,"column":13}},{"start":{},"end":{}}],"line":135},"7":{"loc":{"start":{"line":167,"column":12},"end":{"line":169,"column":13}},"type":"if","locations":[{"start":{"line":167,"column":12},"end":{"line":169,"column":13}},{"start":{},"end":{}}],"line":167},"8":{"loc":{"start":{"line":193,"column":31},"end":{"line":193,"column":39}},"type":"default-arg","locations":[{"start":{"line":193,"column":38},"end":{"line":193,"column":39}}],"line":193},"9":{"loc":{"start":{"line":193,"column":41},"end":{"line":193,"column":51}},"type":"default-arg","locations":[{"start":{"line":193,"column":49},"end":{"line":193,"column":51}}],"line":193},"10":{"loc":{"start":{"line":196,"column":12},"end":{"line":198,"column":13}},"type":"if","locations":[{"start":{"line":196,"column":12},"end":{"line":198,"column":13}},{"start":{},"end":{}}],"line":196},"11":{"loc":{"start":{"line":229,"column":38},"end":{"line":229,"column":46}},"type":"default-arg","locations":[{"start":{"line":229,"column":45},"end":{"line":229,"column":46}}],"line":229},"12":{"loc":{"start":{"line":229,"column":48},"end":{"line":229,"column":59}},"type":"default-arg","locations":[{"start":{"line":229,"column":56},"end":{"line":229,"column":59}}],"line":229},"13":{"loc":{"start":{"line":232,"column":12},"end":{"line":232,"column":52}},"type":"if","locations":[{"start":{"line":232,"column":12},"end":{"line":232,"column":52}},{"start":{},"end":{}}],"line":232},"14":{"loc":{"start":{"line":233,"column":12},"end":{"line":233,"column":46}},"type":"if","locations":[{"start":{"line":233,"column":12},"end":{"line":233,"column":46}},{"start":{},"end":{}}],"line":233},"15":{"loc":{"start":{"line":299,"column":12},"end":{"line":301,"column":13}},"type":"if","locations":[{"start":{"line":299,"column":12},"end":{"line":301,"column":13}},{"start":{},"end":{}}],"line":299},"16":{"loc":{"start":{"line":306,"column":12},"end":{"line":328,"column":13}},"type":"switch","locations":[{"start":{"line":307,"column":16},"end":{"line":312,"column":26}},{"start":{"line":313,"column":16},"end":{"line":318,"column":26}},{"start":{"line":319,"column":16},"end":{"line":324,"column":26}},{"start":{"line":325,"column":16},"end":{"line":327,"column":26}}],"line":306},"17":{"loc":{"start":{"line":340,"column":26},"end":{"line":340,"column":69}},"type":"binary-expr","locations":[{"start":{"line":340,"column":26},"end":{"line":340,"column":46}},{"start":{"line":340,"column":50},"end":{"line":340,"column":69}}],"line":340}},"s":{"0":2,"1":2,"2":2,"3":2,"4":2,"5":2,"6":2,"7":0,"8":0,"9":0,"10":0,"11":0,"12":0,"13":0,"14":0,"15":0,"16":0,"17":0,"18":0,"19":0,"20":0,"21":0,"22":0,"23":0,"24":0,"25":0,"26":0,"27":0,"28":0,"29":0,"30":0,"31":0,"32":0,"33":0,"34":0,"35":0,"36":0,"37":0,"38":0,"39":0,"40":0,"41":0,"42":0,"43":0,"44":0,"45":0,"46":0,"47":0,"48":0,"49":0,"50":0,"51":0,"52":0,"53":0,"54":0,"55":0,"56":0,"57":0,"58":0,"59":0,"60":0,"61":0,"62":0,"63":0,"64":0,"65":0,"66":0,"67":0,"68":0,"69":0,"70":0,"71":0,"72":0,"73":0,"74":0,"75":0,"76":0,"77":0,"78":0,"79":0,"80":0,"81":0,"82":0,"83":0,"84":0,"85":0,"86":0,"87":0,"88":0,"89":0,"90":0,"91":0,"92":0,"93":0,"94":0,"95":0,"96":0,"97":0,"98":0,"99":0,"100":0,"101":0,"102":0,"103":0,"104":0,"105":0,"106":0,"107":0,"108":0,"109":0,"110":2},"f":{"0":0,"1":0,"2":0,"3":0,"4":0,"5":0,"6":0,"7":0,"8":0,"9":0},"b":{"0":[0],"1":[0],"2":[0,0],"3":[0,0],"4":[0,0],"5":[0,0],"6":[0,0],"7":[0,0],"8":[0],"9":[0],"10":[0,0],"11":[0],"12":[0],"13":[0,0],"14":[0,0],"15":[0,0],"16":[0,0,0,0],"17":[0,0]},"_coverageSchema":"1a1c01bbd47fc00a2c39e90264f33305004495a9","hash":"b535974b4e0130f16e5009babddb26287efd5aff"}
,"C:\\Users\\USER\\Desktop\\AntiPhishX\\backend\\src\\analytics\\advanced-analytics.service.js": {"path":"C:\\Users\\USER\\Desktop\\AntiPhishX\\backend\\src\\analytics\\advanced-analytics.service.js","statementMap":{"0":{"start":{"line":6,"column":15},"end":{"line":6,"column":42}},"1":{"start":{"line":7,"column":17},"end":{"line":7,"column":46}},"2":{"start":{"line":8,"column":21},"end":{"line":8,"column":54}},"3":{"start":{"line":9,"column":22},"end":{"line":9,"column":56}},"4":{"start":{"line":10,"column":20},"end":{"line":10,"column":52}},"5":{"start":{"line":11,"column":13},"end":{"line":11,"column":38}},"6":{"start":{"line":29,"column":12},"end":{"line":39,"column":10}},"7":{"start":{"line":41,"column":8},"end":{"line":53,"column":10}},"8":{"start":{"line":61,"column":30},"end":{"line":61,"column":77}},"9":{"start":{"line":72,"column":12},"end":{"line":81,"column":10}},"10":{"start":{"line":83,"column":8},"end":{"line":97,"column":10}},"11":{"start":{"line":105,"column":25},"end":{"line":125,"column":10}},"12":{"start":{"line":127,"column":8},"end":{"line":133,"column":12}},"13":{"start":{"line":127,"column":40},"end":{"line":133,"column":9}},"14":{"start":{"line":141,"column":26},"end":{"line":170,"column":10}},"15":{"start":{"line":172,"column":8},"end":{"line":177,"column":12}},"16":{"start":{"line":172,"column":41},"end":{"line":177,"column":9}},"17":{"start":{"line":185,"column":24},"end":{"line":185,"column":55}},"18":{"start":{"line":186,"column":26},"end":{"line":186,"column":51}},"19":{"start":{"line":187,"column":33},"end":{"line":187,"column":65}},"20":{"start":{"line":189,"column":8},"end":{"line":193,"column":10}},"21":{"start":{"line":202,"column":8},"end":{"line":207,"column":10}},"22":{"start":{"line":212,"column":22},"end":{"line":212,"column":53}},"23":{"start":{"line":213,"column":26},"end":{"line":213,"column":78}},"24":{"start":{"line":214,"column":8},"end":{"line":214,"column":70}},"25":{"start":{"line":218,"column":23},"end":{"line":220,"column":10}},"26":{"start":{"line":221,"column":8},"end":{"line":221,"column":69}},"27":{"start":{"line":225,"column":8},"end":{"line":249,"column":11}},"28":{"start":{"line":253,"column":29},"end":{"line":253,"column":77}},"29":{"start":{"line":255,"column":8},"end":{"line":267,"column":11}},"30":{"start":{"line":272,"column":8},"end":{"line":272,"column":18}},"31":{"start":{"line":277,"column":8},"end":{"line":277,"column":18}},"32":{"start":{"line":281,"column":30},"end":{"line":281,"column":77}},"33":{"start":{"line":282,"column":22},"end":{"line":282,"column":49}},"34":{"start":{"line":283,"column":25},"end":{"line":283,"column":91}},"35":{"start":{"line":284,"column":8},"end":{"line":284,"column":69}},"36":{"start":{"line":289,"column":8},"end":{"line":289,"column":17}},"37":{"start":{"line":293,"column":0},"end":{"line":293,"column":48}}},"fnMap":{"0":{"name":"(anonymous_0)","decl":{"start":{"line":18,"column":4},"end":{"line":18,"column":5}},"loc":{"start":{"line":18,"column":33},"end":{"line":54,"column":5}},"line":18},"1":{"name":"(anonymous_1)","decl":{"start":{"line":60,"column":4},"end":{"line":60,"column":5}},"loc":{"start":{"line":60,"column":33},"end":{"line":98,"column":5}},"line":60},"2":{"name":"(anonymous_2)","decl":{"start":{"line":104,"column":4},"end":{"line":104,"column":5}},"loc":{"start":{"line":104,"column":37},"end":{"line":134,"column":5}},"line":104},"3":{"name":"(anonymous_3)","decl":{"start":{"line":127,"column":28},"end":{"line":127,"column":29}},"loc":{"start":{"line":127,"column":40},"end":{"line":133,"column":9}},"line":127},"4":{"name":"(anonymous_4)","decl":{"start":{"line":140,"column":4},"end":{"line":140,"column":5}},"loc":{"start":{"line":140,"column":40},"end":{"line":178,"column":5}},"line":140},"5":{"name":"(anonymous_5)","decl":{"start":{"line":172,"column":29},"end":{"line":172,"column":30}},"loc":{"start":{"line":172,"column":41},"end":{"line":177,"column":9}},"line":172},"6":{"name":"(anonymous_6)","decl":{"start":{"line":184,"column":4},"end":{"line":184,"column":5}},"loc":{"start":{"line":184,"column":34},"end":{"line":194,"column":5}},"line":184},"7":{"name":"(anonymous_7)","decl":{"start":{"line":200,"column":4},"end":{"line":200,"column":5}},"loc":{"start":{"line":200,"column":32},"end":{"line":208,"column":5}},"line":200},"8":{"name":"(anonymous_8)","decl":{"start":{"line":211,"column":4},"end":{"line":211,"column":5}},"loc":{"start":{"line":211,"column":30},"end":{"line":215,"column":5}},"line":211},"9":{"name":"(anonymous_9)","decl":{"start":{"line":217,"column":4},"end":{"line":217,"column":5}},"loc":{"start":{"line":217,"column":28},"end":{"line":222,"column":5}},"line":217},"10":{"name":"(anonymous_10)","decl":{"start":{"line":224,"column":4},"end":{"line":224,"column":5}},"loc":{"start":{"line":224,"column":26},"end":{"line":250,"column":5}},"line":224},"11":{"name":"(anonymous_11)","decl":{"start":{"line":252,"column":4},"end":{"line":252,"column":5}},"loc":{"start":{"line":252,"column":26},"end":{"line":268,"column":5}},"line":252},"12":{"name":"(anonymous_12)","decl":{"start":{"line":270,"column":4},"end":{"line":270,"column":5}},"loc":{"start":{"line":270,"column":38},"end":{"line":273,"column":5}},"line":270},"13":{"name":"(anonymous_13)","decl":{"start":{"line":275,"column":4},"end":{"line":275,"column":5}},"loc":{"start":{"line":275,"column":31},"end":{"line":278,"column":5}},"line":275},"14":{"name":"(anonymous_14)","decl":{"start":{"line":280,"column":4},"end":{"line":280,"column":5}},"loc":{"start":{"line":280,"column":25},"end":{"line":285,"column":5}},"line":280},"15":{"name":"(anonymous_15)","decl":{"start":{"line":287,"column":4},"end":{"line":287,"column":5}},"loc":{"start":{"line":287,"column":32},"end":{"line":290,"column":5}},"line":287}},"branchMap":{"0":{"loc":{"start":{"line":96,"column":28},"end":{"line":96,"column":113}},"type":"cond-expr","locations":[{"start":{"line":96,"column":53},"end":{"line":96,"column":109}},{"start":{"line":96,"column":112},"end":{"line":96,"column":113}}],"line":96},"1":{"loc":{"start":{"line":214,"column":15},"end":{"line":214,"column":69}},"type":"cond-expr","locations":[{"start":{"line":214,"column":27},"end":{"line":214,"column":65}},{"start":{"line":214,"column":68},"end":{"line":214,"column":69}}],"line":214},"2":{"loc":{"start":{"line":221,"column":15},"end":{"line":221,"column":68}},"type":"cond-expr","locations":[{"start":{"line":221,"column":35},"end":{"line":221,"column":64}},{"start":{"line":221,"column":67},"end":{"line":221,"column":68}}],"line":221},"3":{"loc":{"start":{"line":284,"column":15},"end":{"line":284,"column":68}},"type":"cond-expr","locations":[{"start":{"line":284,"column":27},"end":{"line":284,"column":64}},{"start":{"line":284,"column":67},"end":{"line":284,"column":68}}],"line":284}},"s":{"0":0,"1":0,"2":0,"3":0,"4":0,"5":0,"6":0,"7":0,"8":0,"9":0,"10":0,"11":0,"12":0,"13":0,"14":0,"15":0,"16":0,"17":0,"18":0,"19":0,"20":0,"21":0,"22":0,"23":0,"24":0,"25":0,"26":0,"27":0,"28":0,"29":0,"30":0,"31":0,"32":0,"33":0,"34":0,"35":0,"36":0,"37":0},"f":{"0":0,"1":0,"2":0,"3":0,"4":0,"5":0,"6":0,"7":0,"8":0,"9":0,"10":0,"11":0,"12":0,"13":0,"14":0,"15":0},"b":{"0":[0,0],"1":[0,0],"2":[0,0],"3":[0,0]}}
,"C:\\Users\\USER\\Desktop\\AntiPhishX\\backend\\src\\analytics\\analytics.service.js": {"path":"C:\\Users\\USER\\Desktop\\AntiPhishX\\backend\\src\\analytics\\analytics.service.js","statementMap":{"0":{"start":{"line":6,"column":15},"end":{"line":6,"column":42}},"1":{"start":{"line":7,"column":17},"end":{"line":7,"column":46}},"2":{"start":{"line":8,"column":13},"end":{"line":8,"column":38}},"3":{"start":{"line":9,"column":21},"end":{"line":9,"column":54}},"4":{"start":{"line":10,"column":12},"end":{"line":10,"column":36}},"5":{"start":{"line":11,"column":22},"end":{"line":11,"column":56}},"6":{"start":{"line":12,"column":20},"end":{"line":12,"column":52}},"7":{"start":{"line":13,"column":13},"end":{"line":13,"column":38}},"8":{"start":{"line":14,"column":15},"end":{"line":14,"column":42}},"9":{"start":{"line":22,"column":27},"end":{"line":22,"column":54}},"10":{"start":{"line":23,"column":29},"end":{"line":23,"column":79}},"11":{"start":{"line":24,"column":33},"end":{"line":24,"column":64}},"12":{"start":{"line":25,"column":34},"end":{"line":25,"column":88}},"13":{"start":{"line":27,"column":28},"end":{"line":29,"column":10}},"14":{"start":{"line":31,"column":8},"end":{"line":38,"column":10}},"15":{"start":{"line":47,"column":23},"end":{"line":47,"column":54}},"16":{"start":{"line":48,"column":8},"end":{"line":50,"column":9}},"17":{"start":{"line":49,"column":12},"end":{"line":49,"column":48}},"18":{"start":{"line":52,"column":28},"end":{"line":52,"column":61}},"19":{"start":{"line":53,"column":28},"end":{"line":53,"column":75}},"20":{"start":{"line":53,"column":54},"end":{"line":53,"column":67}},"21":{"start":{"line":56,"column":12},"end":{"line":58,"column":19}},"22":{"start":{"line":57,"column":49},"end":{"line":57,"column":72}},"23":{"start":{"line":60,"column":34},"end":{"line":60,"column":85}},"24":{"start":{"line":62,"column":8},"end":{"line":71,"column":10}},"25":{"start":{"line":80,"column":34},"end":{"line":84,"column":10}},"26":{"start":{"line":86,"column":8},"end":{"line":86,"column":53}},"27":{"start":{"line":86,"column":44},"end":{"line":86,"column":53}},"28":{"start":{"line":88,"column":26},"end":{"line":91,"column":13}},"29":{"start":{"line":89,"column":25},"end":{"line":89,"column":79}},"30":{"start":{"line":90,"column":12},"end":{"line":90,"column":30}},"31":{"start":{"line":93,"column":8},"end":{"line":93,"column":64}},"32":{"start":{"line":103,"column":26},"end":{"line":103,"column":75}},"33":{"start":{"line":105,"column":28},"end":{"line":119,"column":10}},"34":{"start":{"line":121,"column":8},"end":{"line":121,"column":27}},"35":{"start":{"line":130,"column":21},"end":{"line":130,"column":48}},"36":{"start":{"line":131,"column":8},"end":{"line":133,"column":9}},"37":{"start":{"line":132,"column":12},"end":{"line":132,"column":46}},"38":{"start":{"line":135,"column":26},"end":{"line":135,"column":61}},"39":{"start":{"line":136,"column":30},"end":{"line":136,"column":46}},"40":{"start":{"line":137,"column":31},"end":{"line":137,"column":71}},"41":{"start":{"line":137,"column":55},"end":{"line":137,"column":63}},"42":{"start":{"line":140,"column":12},"end":{"line":142,"column":19}},"43":{"start":{"line":141,"column":47},"end":{"line":141,"column":70}},"44":{"start":{"line":145,"column":30},"end":{"line":156,"column":10}},"45":{"start":{"line":146,"column":33},"end":{"line":148,"column":20}},"46":{"start":{"line":147,"column":23},"end":{"line":147,"column":69}},"47":{"start":{"line":150,"column":12},"end":{"line":155,"column":14}},"48":{"start":{"line":158,"column":8},"end":{"line":166,"column":10}},"49":{"start":{"line":176,"column":8},"end":{"line":176,"column":50}},"50":{"start":{"line":176,"column":33},"end":{"line":176,"column":50}},"51":{"start":{"line":177,"column":28},"end":{"line":177,"column":64}},"52":{"start":{"line":179,"column":8},"end":{"line":179,"column":45}},"53":{"start":{"line":179,"column":31},"end":{"line":179,"column":45}},"54":{"start":{"line":180,"column":8},"end":{"line":180,"column":47}},"55":{"start":{"line":180,"column":31},"end":{"line":180,"column":47}},"56":{"start":{"line":181,"column":8},"end":{"line":181,"column":22}},"57":{"start":{"line":190,"column":20},"end":{"line":190,"column":45}},"58":{"start":{"line":191,"column":8},"end":{"line":193,"column":9}},"59":{"start":{"line":192,"column":12},"end":{"line":192,"column":45}},"60":{"start":{"line":195,"column":28},"end":{"line":195,"column":95}},"61":{"start":{"line":196,"column":30},"end":{"line":196,"column":48}},"62":{"start":{"line":197,"column":31},"end":{"line":197,"column":73}},"63":{"start":{"line":197,"column":57},"end":{"line":197,"column":65}},"64":{"start":{"line":200,"column":12},"end":{"line":200,"column":100}},"65":{"start":{"line":200,"column":63},"end":{"line":200,"column":76}},"66":{"start":{"line":203,"column":31},"end":{"line":213,"column":10}},"67":{"start":{"line":204,"column":35},"end":{"line":206,"column":20}},"68":{"start":{"line":205,"column":16},"end":{"line":205,"column":53}},"69":{"start":{"line":208,"column":12},"end":{"line":212,"column":14}},"70":{"start":{"line":215,"column":8},"end":{"line":223,"column":10}},"71":{"start":{"line":232,"column":21},"end":{"line":232,"column":48}},"72":{"start":{"line":233,"column":8},"end":{"line":235,"column":9}},"73":{"start":{"line":234,"column":12},"end":{"line":234,"column":46}},"74":{"start":{"line":237,"column":28},"end":{"line":237,"column":59}},"75":{"start":{"line":238,"column":28},"end":{"line":238,"column":75}},"76":{"start":{"line":238,"column":54},"end":{"line":238,"column":67}},"77":{"start":{"line":239,"column":29},"end":{"line":239,"column":91}},"78":{"start":{"line":241,"column":29},"end":{"line":241,"column":74}},"79":{"start":{"line":242,"column":27},"end":{"line":242,"column":86}},"80":{"start":{"line":244,"column":28},"end":{"line":247,"column":10}},"81":{"start":{"line":248,"column":26},"end":{"line":248,"column":86}},"82":{"start":{"line":250,"column":8},"end":{"line":266,"column":10}},"83":{"start":{"line":263,"column":55},"end":{"line":263,"column":78}},"84":{"start":{"line":270,"column":0},"end":{"line":270,"column":40}}},"fnMap":{"0":{"name":"(anonymous_0)","decl":{"start":{"line":21,"column":4},"end":{"line":21,"column":5}},"loc":{"start":{"line":21,"column":29},"end":{"line":39,"column":5}},"line":21},"1":{"name":"(anonymous_1)","decl":{"start":{"line":46,"column":4},"end":{"line":46,"column":5}},"loc":{"start":{"line":46,"column":39},"end":{"line":72,"column":5}},"line":46},"2":{"name":"(anonymous_2)","decl":{"start":{"line":53,"column":47},"end":{"line":53,"column":48}},"loc":{"start":{"line":53,"column":54},"end":{"line":53,"column":67}},"line":53},"3":{"name":"(anonymous_3)","decl":{"start":{"line":57,"column":37},"end":{"line":57,"column":38}},"loc":{"start":{"line":57,"column":49},"end":{"line":57,"column":72}},"line":57},"4":{"name":"(anonymous_4)","decl":{"start":{"line":79,"column":4},"end":{"line":79,"column":5}},"loc":{"start":{"line":79,"column":51},"end":{"line":94,"column":5}},"line":79},"5":{"name":"(anonymous_5)","decl":{"start":{"line":88,"column":51},"end":{"line":88,"column":52}},"loc":{"start":{"line":88,"column":63},"end":{"line":91,"column":9}},"line":88},"6":{"name":"(anonymous_6)","decl":{"start":{"line":102,"column":4},"end":{"line":102,"column":5}},"loc":{"start":{"line":102,"column":50},"end":{"line":122,"column":5}},"line":102},"7":{"name":"(anonymous_7)","decl":{"start":{"line":129,"column":4},"end":{"line":129,"column":5}},"loc":{"start":{"line":129,"column":35},"end":{"line":167,"column":5}},"line":129},"8":{"name":"(anonymous_8)","decl":{"start":{"line":137,"column":48},"end":{"line":137,"column":49}},"loc":{"start":{"line":137,"column":55},"end":{"line":137,"column":63}},"line":137},"9":{"name":"(anonymous_9)","decl":{"start":{"line":141,"column":35},"end":{"line":141,"column":36}},"loc":{"start":{"line":141,"column":47},"end":{"line":141,"column":70}},"line":141},"10":{"name":"(anonymous_10)","decl":{"start":{"line":145,"column":49},"end":{"line":145,"column":50}},"loc":{"start":{"line":145,"column":70},"end":{"line":156,"column":9}},"line":145},"11":{"name":"(anonymous_11)","decl":{"start":{"line":147,"column":16},"end":{"line":147,"column":17}},"loc":{"start":{"line":147,"column":23},"end":{"line":147,"column":69}},"line":147},"12":{"name":"(anonymous_12)","decl":{"start":{"line":175,"column":4},"end":{"line":175,"column":5}},"loc":{"start":{"line":175,"column":61},"end":{"line":182,"column":5}},"line":175},"13":{"name":"(anonymous_13)","decl":{"start":{"line":189,"column":4},"end":{"line":189,"column":5}},"loc":{"start":{"line":189,"column":33},"end":{"line":224,"column":5}},"line":189},"14":{"name":"(anonymous_14)","decl":{"start":{"line":197,"column":50},"end":{"line":197,"column":51}},"loc":{"start":{"line":197,"column":57},"end":{"line":197,"column":65}},"line":197},"15":{"name":"(anonymous_15)","decl":{"start":{"line":200,"column":51},"end":{"line":200,"column":52}},"loc":{"start":{"line":200,"column":63},"end":{"line":200,"column":76}},"line":200},"16":{"name":"(anonymous_16)","decl":{"start":{"line":203,"column":50},"end":{"line":203,"column":51}},"loc":{"start":{"line":203,"column":72},"end":{"line":213,"column":9}},"line":203},"17":{"name":"(anonymous_17)","decl":{"start":{"line":204,"column":54},"end":{"line":204,"column":55}},"loc":{"start":{"line":205,"column":16},"end":{"line":205,"column":53}},"line":205},"18":{"name":"(anonymous_18)","decl":{"start":{"line":231,"column":4},"end":{"line":231,"column":5}},"loc":{"start":{"line":231,"column":35},"end":{"line":267,"column":5}},"line":231},"19":{"name":"(anonymous_19)","decl":{"start":{"line":238,"column":47},"end":{"line":238,"column":48}},"loc":{"start":{"line":238,"column":54},"end":{"line":238,"column":67}},"line":238},"20":{"name":"(anonymous_20)","decl":{"start":{"line":263,"column":43},"end":{"line":263,"column":44}},"loc":{"start":{"line":263,"column":55},"end":{"line":263,"column":78}},"line":263}},"branchMap":{"0":{"loc":{"start":{"line":37,"column":41},"end":{"line":37,"column":95}},"type":"cond-expr","locations":[{"start":{"line":37,"column":60},"end":{"line":37,"column":91}},{"start":{"line":37,"column":94},"end":{"line":37,"column":95}}],"line":37},"1":{"loc":{"start":{"line":48,"column":8},"end":{"line":50,"column":9}},"type":"if","locations":[{"start":{"line":48,"column":8},"end":{"line":50,"column":9}},{"start":{},"end":{}}],"line":48},"2":{"loc":{"start":{"line":56,"column":12},"end":{"line":58,"column":19}},"type":"cond-expr","locations":[{"start":{"line":57,"column":18},"end":{"line":57,"column":97}},{"start":{"line":58,"column":18},"end":{"line":58,"column":19}}],"line":56},"3":{"loc":{"start":{"line":67,"column":28},"end":{"line":67,"column":97}},"type":"cond-expr","locations":[{"start":{"line":67,"column":53},"end":{"line":67,"column":93}},{"start":{"line":67,"column":96},"end":{"line":67,"column":97}}],"line":67},"4":{"loc":{"start":{"line":86,"column":8},"end":{"line":86,"column":53}},"type":"if","locations":[{"start":{"line":86,"column":8},"end":{"line":86,"column":53}},{"start":{},"end":{}}],"line":86},"5":{"loc":{"start":{"line":102,"column":39},"end":{"line":102,"column":48}},"type":"default-arg","locations":[{"start":{"line":102,"column":46},"end":{"line":102,"column":48}}],"line":102},"6":{"loc":{"start":{"line":131,"column":8},"end":{"line":133,"column":9}},"type":"if","locations":[{"start":{"line":131,"column":8},"end":{"line":133,"column":9}},{"start":{},"end":{}}],"line":131},"7":{"loc":{"start":{"line":140,"column":12},"end":{"line":142,"column":19}},"type":"cond-expr","locations":[{"start":{"line":141,"column":18},"end":{"line":141,"column":90}},{"start":{"line":142,"column":18},"end":{"line":142,"column":19}}],"line":140},"8":{"loc":{"start":{"line":147,"column":23},"end":{"line":147,"column":69}},"type":"binary-expr","locations":[{"start":{"line":147,"column":23},"end":{"line":147,"column":39}},{"start":{"line":147,"column":43},"end":{"line":147,"column":69}}],"line":147},"9":{"loc":{"start":{"line":153,"column":29},"end":{"line":153,"column":89}},"type":"cond-expr","locations":[{"start":{"line":153,"column":49},"end":{"line":153,"column":85}},{"start":{"line":153,"column":88},"end":{"line":153,"column":89}}],"line":153},"10":{"loc":{"start":{"line":163,"column":22},"end":{"line":163,"column":84}},"type":"cond-expr","locations":[{"start":{"line":163,"column":42},"end":{"line":163,"column":80}},{"start":{"line":163,"column":83},"end":{"line":163,"column":84}}],"line":163},"11":{"loc":{"start":{"line":176,"column":8},"end":{"line":176,"column":50}},"type":"if","locations":[{"start":{"line":176,"column":8},"end":{"line":176,"column":50}},{"start":{},"end":{}}],"line":176},"12":{"loc":{"start":{"line":179,"column":8},"end":{"line":179,"column":45}},"type":"if","locations":[{"start":{"line":179,"column":8},"end":{"line":179,"column":45}},{"start":{},"end":{}}],"line":179},"13":{"loc":{"start":{"line":180,"column":8},"end":{"line":180,"column":47}},"type":"if","locations":[{"start":{"line":180,"column":8},"end":{"line":180,"column":47}},{"start":{},"end":{}}],"line":180},"14":{"loc":{"start":{"line":191,"column":8},"end":{"line":193,"column":9}},"type":"if","locations":[{"start":{"line":191,"column":8},"end":{"line":193,"column":9}},{"start":{},"end":{}}],"line":191},"15":{"loc":{"start":{"line":200,"column":12},"end":{"line":200,"column":100}},"type":"cond-expr","locations":[{"start":{"line":200,"column":32},"end":{"line":200,"column":96}},{"start":{"line":200,"column":99},"end":{"line":200,"column":100}}],"line":200},"16":{"loc":{"start":{"line":211,"column":32},"end":{"line":211,"column":94}},"type":"cond-expr","locations":[{"start":{"line":211,"column":52},"end":{"line":211,"column":90}},{"start":{"line":211,"column":93},"end":{"line":211,"column":94}}],"line":211},"17":{"loc":{"start":{"line":220,"column":22},"end":{"line":220,"column":84}},"type":"cond-expr","locations":[{"start":{"line":220,"column":42},"end":{"line":220,"column":80}},{"start":{"line":220,"column":83},"end":{"line":220,"column":84}}],"line":220},"18":{"loc":{"start":{"line":233,"column":8},"end":{"line":235,"column":9}},"type":"if","locations":[{"start":{"line":233,"column":8},"end":{"line":235,"column":9}},{"start":{},"end":{}}],"line":233},"19":{"loc":{"start":{"line":257,"column":26},"end":{"line":257,"column":82}},"type":"cond-expr","locations":[{"start":{"line":257,"column":45},"end":{"line":257,"column":78}},{"start":{"line":257,"column":81},"end":{"line":257,"column":82}}],"line":257},"20":{"loc":{"start":{"line":259,"column":25},"end":{"line":259,"column":78}},"type":"cond-expr","locations":[{"start":{"line":259,"column":43},"end":{"line":259,"column":74}},{"start":{"line":259,"column":77},"end":{"line":259,"column":78}}],"line":259},"21":{"loc":{"start":{"line":261,"column":16},"end":{"line":265,"column":23}},"type":"cond-expr","locations":[{"start":{"line":262,"column":22},"end":{"line":264,"column":21}},{"start":{"line":265,"column":22},"end":{"line":265,"column":23}}],"line":261}},"s":{"0":2,"1":2,"2":2,"3":2,"4":2,"5":2,"6":2,"7":2,"8":2,"9":0,"10":0,"11":0,"12":0,"13":0,"14":0,"15":0,"16":0,"17":0,"18":0,"19":0,"20":0,"21":0,"22":0,"23":0,"24":0,"25":0,"26":0,"27":0,"28":0,"29":0,"30":0,"31":0,"32":0,"33":0,"34":0,"35":0,"36":0,"37":0,"38":0,"39":0,"40":0,"41":0,"42":0,"43":0,"44":0,"45":0,"46":0,"47":0,"48":0,"49":0,"50":0,"51":0,"52":0,"53":0,"54":0,"55":0,"56":0,"57":0,"58":0,"59":0,"60":0,"61":0,"62":0,"63":0,"64":0,"65":0,"66":0,"67":0,"68":0,"69":0,"70":0,"71":0,"72":0,"73":0,"74":0,"75":0,"76":0,"77":0,"78":0,"79":0,"80":0,"81":0,"82":0,"83":0,"84":2},"f":{"0":0,"1":0,"2":0,"3":0,"4":0,"5":0,"6":0,"7":0,"8":0,"9":0,"10":0,"11":0,"12":0,"13":0,"14":0,"15":0,"16":0,"17":0,"18":0,"19":0,"20":0},"b":{"0":[0,0],"1":[0,0],"2":[0,0],"3":[0,0],"4":[0,0],"5":[0],"6":[0,0],"7":[0,0],"8":[0,0],"9":[0,0],"10":[0,0],"11":[0,0],"12":[0,0],"13":[0,0],"14":[0,0],"15":[0,0],"16":[0,0],"17":[0,0],"18":[0,0],"19":[0,0],"20":[0,0],"21":[0,0]},"_coverageSchema":"1a1c01bbd47fc00a2c39e90264f33305004495a9","hash":"254ee4859fdf00e578ec74fa85968d0d06af03a1"}
,"C:\\Users\\USER\\Desktop\\AntiPhishX\\backend\\src\\auth\\auth.controller.js": {"path":"C:\\Users\\USER\\Desktop\\AntiPhishX\\backend\\src\\auth\\auth.controller.js","statementMap":{"0":{"start":{"line":6,"column":12},"end":{"line":6,"column":26}},"1":{"start":{"line":7,"column":20},"end":{"line":7,"column":45}},"2":{"start":{"line":8,"column":19},"end":{"line":8,"column":43}},"3":{"start":{"line":9,"column":13},"end":{"line":9,"column":38}},"4":{"start":{"line":10,"column":17},"end":{"line":10,"column":46}},"5":{"start":{"line":11,"column":15},"end":{"line":11,"column":42}},"6":{"start":{"line":19,"column":8},"end":{"line":63,"column":9}},"7":{"start":{"line":21,"column":27},"end":{"line":32,"column":14}},"8":{"start":{"line":34,"column":37},"end":{"line":34,"column":62}},"9":{"start":{"line":35,"column":12},"end":{"line":37,"column":13}},"10":{"start":{"line":36,"column":16},"end":{"line":36,"column":81}},"11":{"start":{"line":39,"column":25},"end":{"line":39,"column":58}},"12":{"start":{"line":42,"column":12},"end":{"line":49,"column":15}},"13":{"start":{"line":51,"column":12},"end":{"line":59,"column":15}},"14":{"start":{"line":61,"column":12},"end":{"line":61,"column":55}},"15":{"start":{"line":62,"column":12},"end":{"line":62,"column":59}},"16":{"start":{"line":71,"column":8},"end":{"line":147,"column":9}},"17":{"start":{"line":72,"column":27},"end":{"line":76,"column":14}},"18":{"start":{"line":78,"column":37},"end":{"line":78,"column":62}},"19":{"start":{"line":79,"column":12},"end":{"line":81,"column":13}},"20":{"start":{"line":80,"column":16},"end":{"line":80,"column":81}},"21":{"start":{"line":83,"column":27},"end":{"line":88,"column":13}},"22":{"start":{"line":91,"column":12},"end":{"line":129,"column":13}},"23":{"start":{"line":93,"column":16},"end":{"line":121,"column":17}},"24":{"start":{"line":94,"column":33},"end":{"line":94,"column":93}},"25":{"start":{"line":95,"column":36},"end":{"line":95,"column":94}},"26":{"start":{"line":97,"column":20},"end":{"line":99,"column":21}},"27":{"start":{"line":98,"column":24},"end":{"line":98,"column":83}},"28":{"start":{"line":102,"column":40},"end":{"line":106,"column":21}},"29":{"start":{"line":109,"column":20},"end":{"line":114,"column":23}},"30":{"start":{"line":116,"column":20},"end":{"line":120,"column":23}},"31":{"start":{"line":124,"column":16},"end":{"line":128,"column":19}},"32":{"start":{"line":132,"column":12},"end":{"line":137,"column":15}},"33":{"start":{"line":139,"column":12},"end":{"line":143,"column":15}},"34":{"start":{"line":145,"column":12},"end":{"line":145,"column":48}},"35":{"start":{"line":146,"column":12},"end":{"line":146,"column":59}},"36":{"start":{"line":155,"column":8},"end":{"line":182,"column":9}},"37":{"start":{"line":156,"column":33},"end":{"line":156,"column":57}},"38":{"start":{"line":158,"column":12},"end":{"line":160,"column":13}},"39":{"start":{"line":159,"column":16},"end":{"line":159,"column":85}},"40":{"start":{"line":162,"column":27},"end":{"line":166,"column":13}},"41":{"start":{"line":169,"column":12},"end":{"line":174,"column":15}},"42":{"start":{"line":176,"column":12},"end":{"line":178,"column":15}},"43":{"start":{"line":180,"column":12},"end":{"line":180,"column":56}},"44":{"start":{"line":181,"column":12},"end":{"line":181,"column":59}},"45":{"start":{"line":190,"column":8},"end":{"line":202,"column":9}},"46":{"start":{"line":191,"column":33},"end":{"line":191,"column":57}},"47":{"start":{"line":193,"column":12},"end":{"line":195,"column":13}},"48":{"start":{"line":194,"column":16},"end":{"line":194,"column":55}},"49":{"start":{"line":197,"column":12},"end":{"line":197,"column":44}},"50":{"start":{"line":198,"column":12},"end":{"line":198,"column":55}},"51":{"start":{"line":200,"column":12},"end":{"line":200,"column":49}},"52":{"start":{"line":201,"column":12},"end":{"line":201,"column":59}},"53":{"start":{"line":210,"column":8},"end":{"line":232,"column":9}},"54":{"start":{"line":211,"column":25},"end":{"line":211,"column":58}},"55":{"start":{"line":213,"column":12},"end":{"line":215,"column":13}},"56":{"start":{"line":214,"column":16},"end":{"line":214,"column":79}},"57":{"start":{"line":217,"column":52},"end":{"line":217,"column":99}},"58":{"start":{"line":220,"column":12},"end":{"line":220,"column":41}},"59":{"start":{"line":221,"column":12},"end":{"line":221,"column":47}},"60":{"start":{"line":222,"column":12},"end":{"line":222,"column":30}},"61":{"start":{"line":224,"column":12},"end":{"line":228,"column":15}},"62":{"start":{"line":230,"column":12},"end":{"line":230,"column":53}},"63":{"start":{"line":231,"column":12},"end":{"line":231,"column":59}},"64":{"start":{"line":240,"column":8},"end":{"line":279,"column":9}},"65":{"start":{"line":241,"column":27},"end":{"line":243,"column":14}},"66":{"start":{"line":245,"column":37},"end":{"line":245,"column":62}},"67":{"start":{"line":246,"column":12},"end":{"line":248,"column":13}},"68":{"start":{"line":247,"column":16},"end":{"line":247,"column":81}},"69":{"start":{"line":250,"column":25},"end":{"line":250,"column":84}},"70":{"start":{"line":252,"column":12},"end":{"line":254,"column":13}},"71":{"start":{"line":253,"column":16},"end":{"line":253,"column":74}},"72":{"start":{"line":256,"column":28},"end":{"line":256,"column":82}},"73":{"start":{"line":258,"column":12},"end":{"line":260,"column":13}},"74":{"start":{"line":259,"column":16},"end":{"line":259,"column":76}},"75":{"start":{"line":263,"column":12},"end":{"line":263,"column":40}},"76":{"start":{"line":264,"column":12},"end":{"line":264,"column":30}},"77":{"start":{"line":266,"column":12},"end":{"line":273,"column":15}},"78":{"start":{"line":275,"column":12},"end":{"line":275,"column":63}},"79":{"start":{"line":277,"column":12},"end":{"line":277,"column":60}},"80":{"start":{"line":278,"column":12},"end":{"line":278,"column":59}},"81":{"start":{"line":287,"column":8},"end":{"line":299,"column":9}},"82":{"start":{"line":288,"column":25},"end":{"line":288,"column":58}},"83":{"start":{"line":290,"column":28},"end":{"line":290,"column":86}},"84":{"start":{"line":293,"column":12},"end":{"line":293,"column":62}},"85":{"start":{"line":295,"column":12},"end":{"line":295,"column":30}},"86":{"start":{"line":297,"column":12},"end":{"line":297,"column":57}},"87":{"start":{"line":298,"column":12},"end":{"line":298,"column":59}},"88":{"start":{"line":307,"column":8},"end":{"line":346,"column":9}},"89":{"start":{"line":308,"column":25},"end":{"line":308,"column":58}},"90":{"start":{"line":309,"column":38},"end":{"line":309,"column":67}},"91":{"start":{"line":311,"column":12},"end":{"line":313,"column":13}},"92":{"start":{"line":312,"column":16},"end":{"line":312,"column":77}},"93":{"start":{"line":315,"column":31},"end":{"line":318,"column":13}},"94":{"start":{"line":321,"column":12},"end":{"line":326,"column":15}},"95":{"start":{"line":327,"column":12},"end":{"line":327,"column":44}},"96":{"start":{"line":328,"column":12},"end":{"line":328,"column":30}},"97":{"start":{"line":331,"column":12},"end":{"line":331,"column":49}},"98":{"start":{"line":333,"column":12},"end":{"line":340,"column":15}},"99":{"start":{"line":342,"column":12},"end":{"line":342,"column":67}},"100":{"start":{"line":344,"column":12},"end":{"line":344,"column":64}},"101":{"start":{"line":345,"column":12},"end":{"line":345,"column":59}},"102":{"start":{"line":354,"column":8},"end":{"line":363,"column":9}},"103":{"start":{"line":355,"column":30},"end":{"line":355,"column":40}},"104":{"start":{"line":357,"column":12},"end":{"line":357,"column":49}},"105":{"start":{"line":359,"column":12},"end":{"line":359,"column":65}},"106":{"start":{"line":361,"column":12},"end":{"line":361,"column":61}},"107":{"start":{"line":362,"column":12},"end":{"line":362,"column":59}},"108":{"start":{"line":371,"column":8},"end":{"line":388,"column":9}},"109":{"start":{"line":372,"column":27},"end":{"line":374,"column":14}},"110":{"start":{"line":376,"column":37},"end":{"line":376,"column":62}},"111":{"start":{"line":377,"column":12},"end":{"line":379,"column":13}},"112":{"start":{"line":378,"column":16},"end":{"line":378,"column":81}},"113":{"start":{"line":381,"column":12},"end":{"line":381,"column":64}},"114":{"start":{"line":384,"column":12},"end":{"line":384,"column":85}},"115":{"start":{"line":386,"column":12},"end":{"line":386,"column":65}},"116":{"start":{"line":387,"column":12},"end":{"line":387,"column":65}},"117":{"start":{"line":396,"column":8},"end":{"line":416,"column":9}},"118":{"start":{"line":397,"column":27},"end":{"line":403,"column":14}},"119":{"start":{"line":405,"column":37},"end":{"line":405,"column":62}},"120":{"start":{"line":406,"column":12},"end":{"line":408,"column":13}},"121":{"start":{"line":407,"column":16},"end":{"line":407,"column":81}},"122":{"start":{"line":410,"column":12},"end":{"line":410,"column":73}},"123":{"start":{"line":412,"column":12},"end":{"line":412,"column":63}},"124":{"start":{"line":414,"column":12},"end":{"line":414,"column":57}},"125":{"start":{"line":415,"column":12},"end":{"line":415,"column":59}},"126":{"start":{"line":424,"column":8},"end":{"line":431,"column":9}},"127":{"start":{"line":425,"column":29},"end":{"line":425,"column":76}},"128":{"start":{"line":427,"column":12},"end":{"line":427,"column":35}},"129":{"start":{"line":429,"column":12},"end":{"line":429,"column":55}},"130":{"start":{"line":430,"column":12},"end":{"line":430,"column":59}},"131":{"start":{"line":439,"column":8},"end":{"line":448,"column":9}},"132":{"start":{"line":440,"column":34},"end":{"line":440,"column":44}},"133":{"start":{"line":442,"column":12},"end":{"line":442,"column":69}},"134":{"start":{"line":444,"column":12},"end":{"line":444,"column":66}},"135":{"start":{"line":446,"column":12},"end":{"line":446,"column":57}},"136":{"start":{"line":447,"column":12},"end":{"line":447,"column":59}},"137":{"start":{"line":452,"column":0},"end":{"line":452,"column":38}}},"fnMap":{"0":{"name":"(anonymous_0)","decl":{"start":{"line":18,"column":4},"end":{"line":18,"column":5}},"loc":{"start":{"line":18,"column":29},"end":{"line":64,"column":5}},"line":18},"1":{"name":"(anonymous_1)","decl":{"start":{"line":70,"column":4},"end":{"line":70,"column":5}},"loc":{"start":{"line":70,"column":26},"end":{"line":148,"column":5}},"line":70},"2":{"name":"(anonymous_2)","decl":{"start":{"line":154,"column":4},"end":{"line":154,"column":5}},"loc":{"start":{"line":154,"column":33},"end":{"line":183,"column":5}},"line":154},"3":{"name":"(anonymous_3)","decl":{"start":{"line":189,"column":4},"end":{"line":189,"column":5}},"loc":{"start":{"line":189,"column":27},"end":{"line":203,"column":5}},"line":189},"4":{"name":"(anonymous_4)","decl":{"start":{"line":209,"column":4},"end":{"line":209,"column":5}},"loc":{"start":{"line":209,"column":30},"end":{"line":233,"column":5}},"line":209},"5":{"name":"(anonymous_5)","decl":{"start":{"line":239,"column":4},"end":{"line":239,"column":5}},"loc":{"start":{"line":239,"column":31},"end":{"line":280,"column":5}},"line":239},"6":{"name":"(anonymous_6)","decl":{"start":{"line":286,"column":4},"end":{"line":286,"column":5}},"loc":{"start":{"line":286,"column":34},"end":{"line":300,"column":5}},"line":286},"7":{"name":"(anonymous_7)","decl":{"start":{"line":306,"column":4},"end":{"line":306,"column":5}},"loc":{"start":{"line":306,"column":35},"end":{"line":347,"column":5}},"line":306},"8":{"name":"(anonymous_8)","decl":{"start":{"line":353,"column":4},"end":{"line":353,"column":5}},"loc":{"start":{"line":353,"column":32},"end":{"line":364,"column":5}},"line":353},"9":{"name":"(anonymous_9)","decl":{"start":{"line":370,"column":4},"end":{"line":370,"column":5}},"loc":{"start":{"line":370,"column":41},"end":{"line":389,"column":5}},"line":370},"10":{"name":"(anonymous_10)","decl":{"start":{"line":395,"column":4},"end":{"line":395,"column":5}},"loc":{"start":{"line":395,"column":34},"end":{"line":417,"column":5}},"line":395},"11":{"name":"(anonymous_11)","decl":{"start":{"line":423,"column":4},"end":{"line":423,"column":5}},"loc":{"start":{"line":423,"column":32},"end":{"line":432,"column":5}},"line":423},"12":{"name":"(anonymous_12)","decl":{"start":{"line":438,"column":4},"end":{"line":438,"column":5}},"loc":{"start":{"line":438,"column":34},"end":{"line":449,"column":5}},"line":438}},"branchMap":{"0":{"loc":{"start":{"line":35,"column":12},"end":{"line":37,"column":13}},"type":"if","locations":[{"start":{"line":35,"column":12},"end":{"line":37,"column":13}},{"start":{},"end":{}}],"line":35},"1":{"loc":{"start":{"line":79,"column":12},"end":{"line":81,"column":13}},"type":"if","locations":[{"start":{"line":79,"column":12},"end":{"line":81,"column":13}},{"start":{},"end":{}}],"line":79},"2":{"loc":{"start":{"line":91,"column":12},"end":{"line":129,"column":13}},"type":"if","locations":[{"start":{"line":91,"column":12},"end":{"line":129,"column":13}},{"start":{},"end":{}}],"line":91},"3":{"loc":{"start":{"line":93,"column":16},"end":{"line":121,"column":17}},"type":"if","locations":[{"start":{"line":93,"column":16},"end":{"line":121,"column":17}},{"start":{},"end":{}}],"line":93},"4":{"loc":{"start":{"line":93,"column":20},"end":{"line":93,"column":60}},"type":"binary-expr","locations":[{"start":{"line":93,"column":20},"end":{"line":93,"column":34}},{"start":{"line":93,"column":38},"end":{"line":93,"column":60}}],"line":93},"5":{"loc":{"start":{"line":97,"column":20},"end":{"line":99,"column":21}},"type":"if","locations":[{"start":{"line":97,"column":20},"end":{"line":99,"column":21}},{"start":{},"end":{}}],"line":97},"6":{"loc":{"start":{"line":112,"column":34},"end":{"line":112,"column":81}},"type":"binary-expr","locations":[{"start":{"line":112,"column":34},"end":{"line":112,"column":69}},{"start":{"line":112,"column":73},"end":{"line":112,"column":81}}],"line":112},"7":{"loc":{"start":{"line":135,"column":26},"end":{"line":135,"column":73}},"type":"binary-expr","locations":[{"start":{"line":135,"column":26},"end":{"line":135,"column":61}},{"start":{"line":135,"column":65},"end":{"line":135,"column":73}}],"line":135},"8":{"loc":{"start":{"line":158,"column":12},"end":{"line":160,"column":13}},"type":"if","locations":[{"start":{"line":158,"column":12},"end":{"line":160,"column":13}},{"start":{},"end":{}}],"line":158},"9":{"loc":{"start":{"line":172,"column":26},"end":{"line":172,"column":73}},"type":"binary-expr","locations":[{"start":{"line":172,"column":26},"end":{"line":172,"column":61}},{"start":{"line":172,"column":65},"end":{"line":172,"column":73}}],"line":172},"10":{"loc":{"start":{"line":193,"column":12},"end":{"line":195,"column":13}},"type":"if","locations":[{"start":{"line":193,"column":12},"end":{"line":195,"column":13}},{"start":{},"end":{}}],"line":193},"11":{"loc":{"start":{"line":213,"column":12},"end":{"line":215,"column":13}},"type":"if","locations":[{"start":{"line":213,"column":12},"end":{"line":215,"column":13}},{"start":{},"end":{}}],"line":213},"12":{"loc":{"start":{"line":246,"column":12},"end":{"line":248,"column":13}},"type":"if","locations":[{"start":{"line":246,"column":12},"end":{"line":248,"column":13}},{"start":{},"end":{}}],"line":246},"13":{"loc":{"start":{"line":252,"column":12},"end":{"line":254,"column":13}},"type":"if","locations":[{"start":{"line":252,"column":12},"end":{"line":254,"column":13}},{"start":{},"end":{}}],"line":252},"14":{"loc":{"start":{"line":258,"column":12},"end":{"line":260,"column":13}},"type":"if","locations":[{"start":{"line":258,"column":12},"end":{"line":260,"column":13}},{"start":{},"end":{}}],"line":258},"15":{"loc":{"start":{"line":311,"column":12},"end":{"line":313,"column":13}},"type":"if","locations":[{"start":{"line":311,"column":12},"end":{"line":313,"column":13}},{"start":{},"end":{}}],"line":311},"16":{"loc":{"start":{"line":325,"column":28},"end":{"line":325,"column":62}},"type":"binary-expr","locations":[{"start":{"line":325,"column":28},"end":{"line":325,"column":56}},{"start":{"line":325,"column":60},"end":{"line":325,"column":62}}],"line":325},"17":{"loc":{"start":{"line":377,"column":12},"end":{"line":379,"column":13}},"type":"if","locations":[{"start":{"line":377,"column":12},"end":{"line":379,"column":13}},{"start":{},"end":{}}],"line":377},"18":{"loc":{"start":{"line":406,"column":12},"end":{"line":408,"column":13}},"type":"if","locations":[{"start":{"line":406,"column":12},"end":{"line":408,"column":13}},{"start":{},"end":{}}],"line":406}},"s":{"0":2,"1":2,"2":2,"3":2,"4":2,"5":2,"6":1,"7":1,"8":1,"9":1,"10":0,"11":1,"12":1,"13":1,"14":0,"15":0,"16":1,"17":1,"18":1,"19":1,"20":0,"21":1,"22":1,"23":0,"24":0,"25":0,"26":0,"27":0,"28":0,"29":0,"30":0,"31":0,"32":1,"33":1,"34":0,"35":0,"36":0,"37":0,"38":0,"39":0,"40":0,"41":0,"42":0,"43":0,"44":0,"45":0,"46":0,"47":0,"48":0,"49":0,"50":0,"51":0,"52":0,"53":0,"54":0,"55":0,"56":0,"57":0,"58":0,"59":0,"60":0,"61":0,"62":0,"63":0,"64":0,"65":0,"66":0,"67":0,"68":0,"69":0,"70":0,"71":0,"72":0,"73":0,"74":0,"75":0,"76":0,"77":0,"78":0,"79":0,"80":0,"81":0,"82":0,"83":0,"84":0,"85":0,"86":0,"87":0,"88":0,"89":0,"90":0,"91":0,"92":0,"93":0,"94":0,"95":0,"96":0,"97":0,"98":0,"99":0,"100":0,"101":0,"102":0,"103":0,"104":0,"105":0,"106":0,"107":0,"108":0,"109":0,"110":0,"111":0,"112":0,"113":0,"114":0,"115":0,"116":0,"117":0,"118":0,"119":0,"120":0,"121":0,"122":0,"123":0,"124":0,"125":0,"126":0,"127":0,"128":0,"129":0,"130":0,"131":0,"132":0,"133":0,"134":0,"135":0,"136":0,"137":2},"f":{"0":1,"1":1,"2":0,"3":0,"4":0,"5":0,"6":0,"7":0,"8":0,"9":0,"10":0,"11":0,"12":0},"b":{"0":[0,1],"1":[0,1],"2":[0,1],"3":[0,0],"4":[0,0],"5":[0,0],"6":[0,0],"7":[1,1],"8":[0,0],"9":[0,0],"10":[0,0],"11":[0,0],"12":[0,0],"13":[0,0],"14":[0,0],"15":[0,0],"16":[0,0],"17":[0,0],"18":[0,0]},"_coverageSchema":"1a1c01bbd47fc00a2c39e90264f33305004495a9","hash":"96b7fa70dc1a33744d51377abd8c33ed8cb4d67b"}
,"C:\\Users\\USER\\Desktop\\AntiPhishX\\backend\\src\\auth\\auth.service.js": {"path":"C:\\Users\\USER\\Desktop\\AntiPhishX\\backend\\src\\auth\\auth.service.js","statementMap":{"0":{"start":{"line":6,"column":15},"end":{"line":6,"column":32}},"1":{"start":{"line":7,"column":15},"end":{"line":7,"column":32}},"2":{"start":{"line":8,"column":13},"end":{"line":8,"column":38}},"3":{"start":{"line":9,"column":16},"end":{"line":9,"column":44}},"4":{"start":{"line":10,"column":17},"end":{"line":10,"column":46}},"5":{"start":{"line":11,"column":19},"end":{"line":11,"column":43}},"6":{"start":{"line":12,"column":15},"end":{"line":12,"column":42}},"7":{"start":{"line":21,"column":8},"end":{"line":31,"column":9}},"8":{"start":{"line":22,"column":12},"end":{"line":27,"column":15}},"9":{"start":{"line":29,"column":12},"end":{"line":29,"column":59}},"10":{"start":{"line":30,"column":12},"end":{"line":30,"column":55}},"11":{"start":{"line":41,"column":8},"end":{"line":46,"column":9}},"12":{"start":{"line":42,"column":12},"end":{"line":42,"column":55}},"13":{"start":{"line":44,"column":12},"end":{"line":44,"column":61}},"14":{"start":{"line":45,"column":12},"end":{"line":45,"column":25}},"15":{"start":{"line":55,"column":75},"end":{"line":55,"column":83}},"16":{"start":{"line":58,"column":29},"end":{"line":58,"column":79}},"17":{"start":{"line":59,"column":8},"end":{"line":61,"column":9}},"18":{"start":{"line":60,"column":12},"end":{"line":60,"column":56}},"19":{"start":{"line":64,"column":29},"end":{"line":64,"column":62}},"20":{"start":{"line":67,"column":39},"end":{"line":67,"column":77}},"21":{"start":{"line":68,"column":41},"end":{"line":68,"column":83}},"22":{"start":{"line":71,"column":21},"end":{"line":80,"column":10}},"23":{"start":{"line":83,"column":8},"end":{"line":83,"column":49}},"24":{"start":{"line":86,"column":24},"end":{"line":86,"column":39}},"25":{"start":{"line":87,"column":8},"end":{"line":87,"column":36}},"26":{"start":{"line":88,"column":8},"end":{"line":88,"column":46}},"27":{"start":{"line":90,"column":8},"end":{"line":90,"column":23}},"28":{"start":{"line":103,"column":21},"end":{"line":104,"column":52}},"29":{"start":{"line":106,"column":8},"end":{"line":108,"column":9}},"30":{"start":{"line":107,"column":12},"end":{"line":107,"column":51}},"31":{"start":{"line":111,"column":8},"end":{"line":113,"column":9}},"32":{"start":{"line":112,"column":12},"end":{"line":112,"column":74}},"33":{"start":{"line":116,"column":32},"end":{"line":116,"column":86}},"34":{"start":{"line":118,"column":8},"end":{"line":135,"column":9}},"35":{"start":{"line":120,"column":12},"end":{"line":120,"column":48}},"36":{"start":{"line":123,"column":12},"end":{"line":132,"column":15}},"37":{"start":{"line":134,"column":12},"end":{"line":134,"column":51}},"38":{"start":{"line":138,"column":8},"end":{"line":138,"column":40}},"39":{"start":{"line":141,"column":8},"end":{"line":151,"column":9}},"40":{"start":{"line":143,"column":12},"end":{"line":150,"column":14}},"41":{"start":{"line":154,"column":8},"end":{"line":154,"column":77}},"42":{"start":{"line":166,"column":34},"end":{"line":169,"column":26}},"43":{"start":{"line":172,"column":28},"end":{"line":172,"column":64}},"44":{"start":{"line":173,"column":29},"end":{"line":173,"column":66}},"45":{"start":{"line":176,"column":33},"end":{"line":179,"column":26}},"46":{"start":{"line":182,"column":26},"end":{"line":182,"column":72}},"47":{"start":{"line":183,"column":8},"end":{"line":190,"column":11}},"48":{"start":{"line":193,"column":8},"end":{"line":193,"column":36}},"49":{"start":{"line":194,"column":8},"end":{"line":194,"column":37}},"50":{"start":{"line":195,"column":8},"end":{"line":195,"column":26}},"51":{"start":{"line":198,"column":8},"end":{"line":208,"column":11}},"52":{"start":{"line":210,"column":8},"end":{"line":210,"column":53}},"53":{"start":{"line":213,"column":24},"end":{"line":213,"column":39}},"54":{"start":{"line":214,"column":8},"end":{"line":214,"column":36}},"55":{"start":{"line":215,"column":8},"end":{"line":215,"column":38}},"56":{"start":{"line":217,"column":8},"end":{"line":221,"column":10}},"57":{"start":{"line":233,"column":24},"end":{"line":233,"column":67}},"58":{"start":{"line":236,"column":33},"end":{"line":239,"column":26}},"59":{"start":{"line":242,"column":24},"end":{"line":246,"column":10}},"60":{"start":{"line":248,"column":8},"end":{"line":250,"column":9}},"61":{"start":{"line":249,"column":12},"end":{"line":249,"column":64}},"62":{"start":{"line":253,"column":34},"end":{"line":256,"column":26}},"63":{"start":{"line":258,"column":8},"end":{"line":275,"column":9}},"64":{"start":{"line":260,"column":12},"end":{"line":260,"column":35}},"65":{"start":{"line":262,"column":12},"end":{"line":272,"column":15}},"66":{"start":{"line":274,"column":12},"end":{"line":274,"column":78}},"67":{"start":{"line":278,"column":21},"end":{"line":278,"column":56}},"68":{"start":{"line":279,"column":8},"end":{"line":281,"column":9}},"69":{"start":{"line":280,"column":12},"end":{"line":280,"column":46}},"70":{"start":{"line":284,"column":31},"end":{"line":284,"column":67}},"71":{"start":{"line":285,"column":32},"end":{"line":285,"column":69}},"72":{"start":{"line":288,"column":36},"end":{"line":291,"column":26}},"73":{"start":{"line":294,"column":8},"end":{"line":294,"column":55}},"74":{"start":{"line":295,"column":8},"end":{"line":295,"column":42}},"75":{"start":{"line":296,"column":8},"end":{"line":296,"column":29}},"76":{"start":{"line":298,"column":8},"end":{"line":298,"column":63}},"77":{"start":{"line":300,"column":8},"end":{"line":303,"column":10}},"78":{"start":{"line":312,"column":33},"end":{"line":315,"column":26}},"79":{"start":{"line":317,"column":24},"end":{"line":317,"column":67}},"80":{"start":{"line":319,"column":8},"end":{"line":322,"column":9}},"81":{"start":{"line":320,"column":12},"end":{"line":320,"column":35}},"82":{"start":{"line":321,"column":12},"end":{"line":321,"column":62}},"83":{"start":{"line":331,"column":21},"end":{"line":334,"column":10}},"84":{"start":{"line":336,"column":8},"end":{"line":338,"column":9}},"85":{"start":{"line":337,"column":12},"end":{"line":337,"column":69}},"86":{"start":{"line":340,"column":8},"end":{"line":340,"column":36}},"87":{"start":{"line":341,"column":8},"end":{"line":341,"column":48}},"88":{"start":{"line":342,"column":8},"end":{"line":342,"column":50}},"89":{"start":{"line":343,"column":8},"end":{"line":343,"column":26}},"90":{"start":{"line":345,"column":8},"end":{"line":345,"column":62}},"91":{"start":{"line":347,"column":8},"end":{"line":347,"column":20}},"92":{"start":{"line":356,"column":21},"end":{"line":356,"column":71}},"93":{"start":{"line":358,"column":8},"end":{"line":361,"column":9}},"94":{"start":{"line":360,"column":12},"end":{"line":360,"column":24}},"95":{"start":{"line":364,"column":27},"end":{"line":364,"column":65}},"96":{"start":{"line":365,"column":31},"end":{"line":365,"column":91}},"97":{"start":{"line":367,"column":8},"end":{"line":367,"column":49}},"98":{"start":{"line":368,"column":8},"end":{"line":368,"column":74}},"99":{"start":{"line":369,"column":8},"end":{"line":369,"column":26}},"100":{"start":{"line":371,"column":8},"end":{"line":371,"column":62}},"101":{"start":{"line":375,"column":8},"end":{"line":375,"column":26}},"102":{"start":{"line":385,"column":31},"end":{"line":385,"column":86}},"103":{"start":{"line":387,"column":21},"end":{"line":390,"column":37}},"104":{"start":{"line":392,"column":8},"end":{"line":394,"column":9}},"105":{"start":{"line":393,"column":12},"end":{"line":393,"column":62}},"106":{"start":{"line":397,"column":8},"end":{"line":404,"column":9}},"107":{"start":{"line":398,"column":12},"end":{"line":403,"column":13}},"108":{"start":{"line":399,"column":38},"end":{"line":399,"column":85}},"109":{"start":{"line":400,"column":16},"end":{"line":402,"column":17}},"110":{"start":{"line":401,"column":20},"end":{"line":401,"column":69}},"111":{"start":{"line":407,"column":32},"end":{"line":407,"column":68}},"112":{"start":{"line":410,"column":8},"end":{"line":412,"column":9}},"113":{"start":{"line":411,"column":12},"end":{"line":411,"column":38}},"114":{"start":{"line":413,"column":8},"end":{"line":413,"column":53}},"115":{"start":{"line":416,"column":8},"end":{"line":416,"column":44}},"116":{"start":{"line":417,"column":8},"end":{"line":417,"column":44}},"117":{"start":{"line":418,"column":8},"end":{"line":418,"column":46}},"118":{"start":{"line":419,"column":8},"end":{"line":419,"column":26}},"119":{"start":{"line":422,"column":8},"end":{"line":422,"column":49}},"120":{"start":{"line":424,"column":8},"end":{"line":424,"column":62}},"121":{"start":{"line":433,"column":8},"end":{"line":436,"column":63}},"122":{"start":{"line":446,"column":24},"end":{"line":449,"column":10}},"123":{"start":{"line":451,"column":8},"end":{"line":453,"column":9}},"124":{"start":{"line":452,"column":12},"end":{"line":452,"column":49}},"125":{"start":{"line":455,"column":8},"end":{"line":455,"column":31}},"126":{"start":{"line":456,"column":8},"end":{"line":456,"column":53}},"127":{"start":{"line":460,"column":0},"end":{"line":460,"column":35}}},"fnMap":{"0":{"name":"(anonymous_0)","decl":{"start":{"line":20,"column":4},"end":{"line":20,"column":5}},"loc":{"start":{"line":20,"column":33},"end":{"line":32,"column":5}},"line":20},"1":{"name":"(anonymous_1)","decl":{"start":{"line":40,"column":4},"end":{"line":40,"column":5}},"loc":{"start":{"line":40,"column":41},"end":{"line":47,"column":5}},"line":40},"2":{"name":"(anonymous_2)","decl":{"start":{"line":54,"column":4},"end":{"line":54,"column":5}},"loc":{"start":{"line":54,"column":29},"end":{"line":91,"column":5}},"line":54},"3":{"name":"(anonymous_3)","decl":{"start":{"line":101,"column":4},"end":{"line":101,"column":5}},"loc":{"start":{"line":101,"column":55},"end":{"line":155,"column":5}},"line":101},"4":{"name":"(anonymous_4)","decl":{"start":{"line":164,"column":4},"end":{"line":164,"column":5}},"loc":{"start":{"line":164,"column":61},"end":{"line":222,"column":5}},"line":164},"5":{"name":"(anonymous_5)","decl":{"start":{"line":231,"column":4},"end":{"line":231,"column":5}},"loc":{"start":{"line":231,"column":65},"end":{"line":304,"column":5}},"line":231},"6":{"name":"(anonymous_6)","decl":{"start":{"line":311,"column":4},"end":{"line":311,"column":5}},"loc":{"start":{"line":311,"column":31},"end":{"line":323,"column":5}},"line":311},"7":{"name":"(anonymous_7)","decl":{"start":{"line":330,"column":4},"end":{"line":330,"column":5}},"loc":{"start":{"line":330,"column":29},"end":{"line":348,"column":5}},"line":330},"8":{"name":"(anonymous_8)","decl":{"start":{"line":355,"column":4},"end":{"line":355,"column":5}},"loc":{"start":{"line":355,"column":38},"end":{"line":376,"column":5}},"line":355},"9":{"name":"(anonymous_9)","decl":{"start":{"line":384,"column":4},"end":{"line":384,"column":5}},"loc":{"start":{"line":384,"column":44},"end":{"line":425,"column":5}},"line":384},"10":{"name":"(anonymous_10)","decl":{"start":{"line":432,"column":4},"end":{"line":432,"column":5}},"loc":{"start":{"line":432,"column":34},"end":{"line":437,"column":5}},"line":432},"11":{"name":"(anonymous_11)","decl":{"start":{"line":445,"column":4},"end":{"line":445,"column":5}},"loc":{"start":{"line":445,"column":43},"end":{"line":457,"column":5}},"line":445}},"branchMap":{"0":{"loc":{"start":{"line":24,"column":28},"end":{"line":24,"column":77}},"type":"binary-expr","locations":[{"start":{"line":24,"column":28},"end":{"line":24,"column":68}},{"start":{"line":24,"column":72},"end":{"line":24,"column":77}}],"line":24},"1":{"loc":{"start":{"line":25,"column":26},"end":{"line":25,"column":69}},"type":"binary-expr","locations":[{"start":{"line":25,"column":26},"end":{"line":25,"column":64}},{"start":{"line":25,"column":68},"end":{"line":25,"column":69}}],"line":25},"2":{"loc":{"start":{"line":26,"column":29},"end":{"line":26,"column":74}},"type":"binary-expr","locations":[{"start":{"line":26,"column":29},"end":{"line":26,"column":69}},{"start":{"line":26,"column":73},"end":{"line":26,"column":74}}],"line":26},"3":{"loc":{"start":{"line":55,"column":54},"end":{"line":55,"column":70}},"type":"default-arg","locations":[{"start":{"line":55,"column":61},"end":{"line":55,"column":70}}],"line":55},"4":{"loc":{"start":{"line":59,"column":8},"end":{"line":61,"column":9}},"type":"if","locations":[{"start":{"line":59,"column":8},"end":{"line":61,"column":9}},{"start":{},"end":{}}],"line":59},"5":{"loc":{"start":{"line":106,"column":8},"end":{"line":108,"column":9}},"type":"if","locations":[{"start":{"line":106,"column":8},"end":{"line":108,"column":9}},{"start":{},"end":{}}],"line":106},"6":{"loc":{"start":{"line":111,"column":8},"end":{"line":113,"column":9}},"type":"if","locations":[{"start":{"line":111,"column":8},"end":{"line":113,"column":9}},{"start":{},"end":{}}],"line":111},"7":{"loc":{"start":{"line":118,"column":8},"end":{"line":135,"column":9}},"type":"if","locations":[{"start":{"line":118,"column":8},"end":{"line":135,"column":9}},{"start":{},"end":{}}],"line":118},"8":{"loc":{"start":{"line":141,"column":8},"end":{"line":151,"column":9}},"type":"if","locations":[{"start":{"line":141,"column":8},"end":{"line":151,"column":9}},{"start":{},"end":{}}],"line":141},"9":{"loc":{"start":{"line":141,"column":12},"end":{"line":141,"column":60}},"type":"binary-expr","locations":[{"start":{"line":141,"column":12},"end":{"line":141,"column":32}},{"start":{"line":141,"column":36},"end":{"line":141,"column":60}}],"line":141},"10":{"loc":{"start":{"line":206,"column":25},"end":{"line":206,"column":73}},"type":"binary-expr","locations":[{"start":{"line":206,"column":25},"end":{"line":206,"column":45}},{"start":{"line":206,"column":49},"end":{"line":206,"column":73}}],"line":206},"11":{"loc":{"start":{"line":248,"column":8},"end":{"line":250,"column":9}},"type":"if","locations":[{"start":{"line":248,"column":8},"end":{"line":250,"column":9}},{"start":{},"end":{}}],"line":248},"12":{"loc":{"start":{"line":248,"column":12},"end":{"line":248,"column":42}},"type":"binary-expr","locations":[{"start":{"line":248,"column":12},"end":{"line":248,"column":20}},{"start":{"line":248,"column":24},"end":{"line":248,"column":42}}],"line":248},"13":{"loc":{"start":{"line":258,"column":8},"end":{"line":275,"column":9}},"type":"if","locations":[{"start":{"line":258,"column":8},"end":{"line":275,"column":9}},{"start":{},"end":{}}],"line":258},"14":{"loc":{"start":{"line":279,"column":8},"end":{"line":281,"column":9}},"type":"if","locations":[{"start":{"line":279,"column":8},"end":{"line":281,"column":9}},{"start":{},"end":{}}],"line":279},"15":{"loc":{"start":{"line":319,"column":8},"end":{"line":322,"column":9}},"type":"if","locations":[{"start":{"line":319,"column":8},"end":{"line":322,"column":9}},{"start":{},"end":{}}],"line":319},"16":{"loc":{"start":{"line":336,"column":8},"end":{"line":338,"column":9}},"type":"if","locations":[{"start":{"line":336,"column":8},"end":{"line":338,"column":9}},{"start":{},"end":{}}],"line":336},"17":{"loc":{"start":{"line":358,"column":8},"end":{"line":361,"column":9}},"type":"if","locations":[{"start":{"line":358,"column":8},"end":{"line":361,"column":9}},{"start":{},"end":{}}],"line":358},"18":{"loc":{"start":{"line":392,"column":8},"end":{"line":394,"column":9}},"type":"if","locations":[{"start":{"line":392,"column":8},"end":{"line":394,"column":9}},{"start":{},"end":{}}],"line":392},"19":{"loc":{"start":{"line":397,"column":8},"end":{"line":404,"column":9}},"type":"if","locations":[{"start":{"line":397,"column":8},"end":{"line":404,"column":9}},{"start":{},"end":{}}],"line":397},"20":{"loc":{"start":{"line":397,"column":12},"end":{"line":397,"column":67}},"type":"binary-expr","locations":[{"start":{"line":397,"column":12},"end":{"line":397,"column":32}},{"start":{"line":397,"column":36},"end":{"line":397,"column":67}}],"line":397},"21":{"loc":{"start":{"line":400,"column":16},"end":{"line":402,"column":17}},"type":"if","locations":[{"start":{"line":400,"column":16},"end":{"line":402,"column":17}},{"start":{},"end":{}}],"line":400},"22":{"loc":{"start":{"line":410,"column":8},"end":{"line":412,"column":9}},"type":"if","locations":[{"start":{"line":410,"column":8},"end":{"line":412,"column":9}},{"start":{},"end":{}}],"line":410},"23":{"loc":{"start":{"line":451,"column":8},"end":{"line":453,"column":9}},"type":"if","locations":[{"start":{"line":451,"column":8},"end":{"line":453,"column":9}},{"start":{},"end":{}}],"line":451}},"s":{"0":3,"1":3,"2":3,"3":3,"4":3,"5":3,"6":3,"7":2,"8":2,"9":0,"10":0,"11":2,"12":2,"13":0,"14":0,"15":3,"16":3,"17":3,"18":1,"19":2,"20":2,"21":2,"22":2,"23":2,"24":2,"25":2,"26":2,"27":2,"28":3,"29":3,"30":1,"31":2,"32":0,"33":2,"34":2,"35":0,"36":0,"37":0,"38":2,"39":2,"40":0,"41":2,"42":2,"43":2,"44":2,"45":2,"46":2,"47":2,"48":2,"49":2,"50":2,"51":2,"52":2,"53":2,"54":2,"55":2,"56":2,"57":1,"58":1,"59":1,"60":1,"61":0,"62":1,"63":1,"64":0,"65":0,"66":0,"67":1,"68":1,"69":0,"70":1,"71":1,"72":1,"73":1,"74":1,"75":1,"76":1,"77":1,"78":0,"79":0,"80":0,"81":0,"82":0,"83":0,"84":0,"85":0,"86":0,"87":0,"88":0,"89":0,"90":0,"91":0,"92":0,"93":0,"94":0,"95":0,"96":0,"97":0,"98":0,"99":0,"100":0,"101":0,"102":0,"103":0,"104":0,"105":0,"106":0,"107":0,"108":0,"109":0,"110":0,"111":0,"112":0,"113":0,"114":0,"115":0,"116":0,"117":0,"118":0,"119":0,"120":0,"121":0,"122":0,"123":0,"124":0,"125":0,"126":0,"127":3},"f":{"0":2,"1":2,"2":3,"3":3,"4":2,"5":1,"6":0,"7":0,"8":0,"9":0,"10":0,"11":0},"b":{"0":[2,2],"1":[2,2],"2":[2,2],"3":[2],"4":[1,2],"5":[1,2],"6":[0,2],"7":[0,2],"8":[0,2],"9":[2,2],"10":[2,2],"11":[0,1],"12":[1,1],"13":[0,1],"14":[0,1],"15":[0,0],"16":[0,0],"17":[0,0],"18":[0,0],"19":[0,0],"20":[0,0],"21":[0,0],"22":[0,0],"23":[0,0]},"_coverageSchema":"1a1c01bbd47fc00a2c39e90264f33305004495a9","hash":"57f5ce7f3ecccf06e99126b2634afdea54f8fa85"}
,"C:\\Users\\USER\\Desktop\\AntiPhishX\\backend\\src\\auth\\jwt.service.js": {"path":"C:\\Users\\USER\\Desktop\\AntiPhishX\\backend\\src\\auth\\jwt.service.js","statementMap":{"0":{"start":{"line":6,"column":12},"end":{"line":6,"column":35}},"1":{"start":{"line":7,"column":11},"end":{"line":7,"column":24}},"2":{"start":{"line":8,"column":13},"end":{"line":8,"column":28}},"3":{"start":{"line":9,"column":15},"end":{"line":9,"column":42}},"4":{"start":{"line":13,"column":8},"end":{"line":13,"column":62}},"5":{"start":{"line":14,"column":8},"end":{"line":14,"column":78}},"6":{"start":{"line":15,"column":8},"end":{"line":15,"column":79}},"7":{"start":{"line":18,"column":8},"end":{"line":18,"column":24}},"8":{"start":{"line":25,"column":8},"end":{"line":57,"column":9}},"9":{"start":{"line":27,"column":12},"end":{"line":38,"column":13}},"10":{"start":{"line":28,"column":16},"end":{"line":28,"column":78}},"11":{"start":{"line":29,"column":19},"end":{"line":38,"column":13}},"12":{"start":{"line":30,"column":16},"end":{"line":33,"column":18}},"13":{"start":{"line":35,"column":16},"end":{"line":35,"column":101}},"14":{"start":{"line":36,"column":16},"end":{"line":36,"column":59}},"15":{"start":{"line":37,"column":16},"end":{"line":37,"column":41}},"16":{"start":{"line":40,"column":12},"end":{"line":51,"column":13}},"17":{"start":{"line":41,"column":16},"end":{"line":41,"column":76}},"18":{"start":{"line":42,"column":19},"end":{"line":51,"column":13}},"19":{"start":{"line":43,"column":16},"end":{"line":46,"column":18}},"20":{"start":{"line":47,"column":19},"end":{"line":51,"column":13}},"21":{"start":{"line":48,"column":16},"end":{"line":48,"column":49}},"22":{"start":{"line":50,"column":16},"end":{"line":50,"column":65}},"23":{"start":{"line":53,"column":12},"end":{"line":53,"column":86}},"24":{"start":{"line":55,"column":12},"end":{"line":55,"column":59}},"25":{"start":{"line":56,"column":12},"end":{"line":56,"column":55}},"26":{"start":{"line":67,"column":8},"end":{"line":69,"column":9}},"27":{"start":{"line":68,"column":12},"end
[...]
n":38}},"10":{"start":{"line":30,"column":49},"end":{"line":34,"column":10}},"11":{"start":{"line":36,"column":8},"end":{"line":40,"column":11}},"12":{"start":{"line":42,"column":8},"end":{"line":42,"column":55}},"13":{"start":{"line":55,"column":0},"end":{"line":83,"column":3}},"14":{"start":{"line":56,"column":4},"end":{"line":82,"column":5}},"15":{"start":{"line":57,"column":58},"end":{"line":57,"column":67}},"16":{"start":{"line":59,"column":24},"end":{"line":65,"column":10}},"17":{"start":{"line":68,"column":30},"end":{"line":77,"column":11}},"18":{"start":{"line":68,"column":55},"end":{"line":77,"column":9}},"19":{"start":{"line":79,"column":8},"end":{"line":79,"column":32}},"20":{"start":{"line":81,"column":8},"end":{"line":81,"column":55}},"21":{"start":{"line":92,"column":0},"end":{"line":111,"column":3}},"22":{"start":{"line":93,"column":4},"end":{"line":110,"column":5}},"23":{"start":{"line":94,"column":23},"end":{"line":94,"column":71}},"24":{"start":{"line":97,"column":31},"end":{"line":105,"column":11}},"25":{"start":{"line":97,"column":65},"end":{"line":105,"column":9}},"26":{"start":{"line":107,"column":8},"end":{"line":107,"column":33}},"27":{"start":{"line":109,"column":8},"end":{"line":109,"column":55}},"28":{"start":{"line":120,"column":0},"end":{"line":142,"column":3}},"29":{"start":{"line":121,"column":4},"end":{"line":141,"column":5}},"30":{"start":{"line":122,"column":21},"end":{"line":122,"column":79}},"31":{"start":{"line":125,"column":27},"end":{"line":136,"column":9}},"32":{"start":{"line":130,"column":57},"end":{"line":135,"column":13}},"33":{"start":{"line":138,"column":8},"end":{"line":138,"column":29}},"34":{"start":{"line":140,"column":8},"end":{"line":140,"column":55}},"35":{"start":{"line":151,"column":0},"end":{"line":170,"column":3}},"36":{"start":{"line":152,"column":4},"end":{"line":169,"column":5}},"37":{"start":{"line":153,"column":21},"end":{"line":153,"column":71}},"38":{"start":{"line":156,"column":27},"end":{"line":164,"column":11}},"39":{"start":{"line":156,"column":46},"end":{"line":164,"column":9}},"40":{"start":{"line":166,"column":8},"end":{"line":166,"column":29}},"41":{"start":{"line":168,"column":8},"end":{"line":168,"column":55}},"42":{"start":{"line":179,"column":0},"end":{"line":197,"column":3}},"43":{"start":{"line":180,"column":4},"end":{"line":196,"column":5}},"44":{"start":{"line":181,"column":29},"end":{"line":181,"column":90}},"45":{"start":{"line":184,"column":35},"end":{"line":191,"column":11}},"46":{"start":{"line":184,"column":63},"end":{"line":191,"column":9}},"47":{"start":{"line":193,"column":8},"end":{"line":193,"column":37}},"48":{"start":{"line":195,"column":8},"end":{"line":195,"column":55}},"49":{"start":{"line":206,"column":0},"end":{"line":214,"column":3}},"50":{"start":{"line":207,"column":4},"end":{"line":213,"column":5}},"51":{"start":{"line":209,"column":30},"end":{"line":209,"column":32}},"52":{"start":{"line":210,"column":8},"end":{"line":210,"column":32}},"53":{"start":{"line":212,"column":8},"end":{"line":212,"column":55}},"54":{"start":{"line":223,"column":0},"end":{"line":234,"column":3}},"55":{"start":{"line":224,"column":4},"end":{"line":233,"column":5}},"56":{"start":{"line":225,"column":32},"end":{"line":225,"column":40}},"57":{"start":{"line":230,"column":8},"end":{"line":230,"column":70}},"58":{"start":{"line":232,"column":8},"end":{"line":232,"column":55}},"59":{"start":{"line":239,"column":4},"end":{"line":246,"column":6}},"60":{"start":{"line":251,"column":4},"end":{"line":251,"column":14}},"61":{"start":{"line":254,"column":0},"end":{"line":254,"column":24}}},"fnMap":{"0":{"name":"(anonymous_0)","decl":{"start":{"line":26,"column":39},"end":{"line":26,"column":40}},"loc":{"start":{"line":26,"column":59},"end":{"line":44,"column":1}},"line":26},"1":{"name":"(anonymous_1)","decl":{"start":{"line":55,"column":37},"end":{"line":55,"column":38}},"loc":{"start":{"line":55,"column":57},"end":{"line":83,"column":1}},"line":55},"2":{"name":"(anonymous_2)","decl":{"start":{"line":68,"column":42},"end":{"line":68,"column":43}},"loc":{"start":{"line":68,"column":55},"end":{"line":77,"column":9}},"line":68},"3":{"name":"(anonymous_3)","decl":{"start":{"line":92,"column":50},"end":{"line":92,"column":51}},"loc":{"start":{"line":92,"column":70},"end":{"line":111,"column":1}},"line":92},"4":{"name":"(anonymous_4)","decl":{"start":{"line":97,"column":51},"end":{"line":97,"column":52}},"loc":{"start":{"line":97,"column":65},"end":{"line":105,"column":9}},"line":97},"5":{"name":"(anonymous_5)","decl":{"start":{"line":120,"column":48},"end":{"line":120,"column":49}},"loc":{"start":{"line":120,"column":68},"end":{"line":142,"column":1}},"line":120},"6":{"name":"(anonymous_6)","decl":{"start":{"line":130,"column":42},"end":{"line":130,"column":43}},"loc":{"start":{"line":130,"column":57},"end":{"line":135,"column":13}},"line":130},"7":{"name":"(anonymous_7)","decl":{"start":{"line":151,"column":34},"end":{"line":151,"column":35}},"loc":{"start":{"line":151,"column":54},"end":{"line":170,"column":1}},"line":151},"8":{"name":"(anonymous_8)","decl":{"start":{"line":156,"column":36},"end":{"line":156,"column":37}},"loc":{"start":{"line":156,"column":46},"end":{"line":164,"column":9}},"line":156},"9":{"name":"(anonymous_9)","decl":{"start":{"line":179,"column":42},"end":{"line":179,"column":43}},"loc":{"start":{"line":179,"column":62},"end":{"line":197,"column":1}},"line":179},"10":{"name":"(anonymous_10)","decl":{"start":{"line":184,"column":52},"end":{"line":184,"column":53}},"loc":{"start":{"line":184,"column":63},"end":{"line":191,"column":9}},"line":184},"11":{"name":"(anonymous_11)","decl":{"start":{"line":206,"column":43},"end":{"line":206,"column":44}},"loc":{"start":{"line":206,"column":63},"end":{"line":214,"column":1}},"line":206},"12":{"name":"(anonymous_12)","decl":{"start":{"line":223,"column":35},"end":{"line":223,"column":36}},"loc":{"start":{"line":223,"column":55},"end":{"line":234,"column":1}},"line":223},"13":{"name":"getMobileStats","decl":{"start":{"line":237,"column":15},"end":{"line":237,"column":29}},"loc":{"start":{"line":237,"column":38},"end":{"line":247,"column":1}},"line":237},"14":{"name":"getRecentActivity","decl":{"start":{"line":249,"column":15},"end":{"line":249,"column":32}},"loc":{"start":{"line":249,"column":41},"end":{"line":252,"column":1}},"line":249}},"branchMap":{"0":{"loc":{"start":{"line":57,"column":16},"end":{"line":57,"column":24}},"type":"default-arg","locations":[{"start":{"line":57,"column":23},"end":{"line":57,"column":24}}],"line":57},"1":{"loc":{"start":{"line":57,"column":26},"end":{"line":57,"column":36}},"type":"default-arg","locations":[{"start":{"line":57,"column":34},"end":{"line":57,"column":36}}],"line":57},"2":{"loc":{"start":{"line":103,"column":24},"end":{"line":103,"column":51}},"type":"binary-expr","locations":[{"start":{"line":103,"column":24},"end":{"line":103,"column":46}},{"start":{"line":103,"column":50},"end":{"line":103,"column":51}}],"line":103},"3":{"loc":{"start":{"line":104,"column":27},"end":{"line":104,"column":57}},"type":"binary-expr","locations":[{"start":{"line":104,"column":27},"end":{"line":104,"column":52}},{"start":{"line":104,"column":56},"end":{"line":104,"column":57}}],"line":104},"4":{"loc":{"start":{"line":230,"column":42},"end":{"line":230,"column":66}},"type":"binary-expr","locations":[{"start":{"line":230,"column":42},"end":{"line":230,"column":61}},{"start":{"line":230,"column":65},"end":{"line":230,"column":66}}],"line":230}},"s":{"0":0,"1":0,"2":0,"3":0,"4":0,"5":0,"6":0,"7":0,"8":0,"9":0,"10":0,"11":0,"12":0,"13":0,"14":0,"15":0,"16":0,"17":0,"18":0,"19":0,"20":0,"21":0,"22":0,"23":0,"24":0,"25":0,"26":0,"27":0,"28":0,"29":0,"30":0,"31":0,"32":0,"33":0,"34":0,"35":0,"36":0,"37":0,"38":0,"39":0,"40":0,"41":0,"42":0,"43":0,"44":0,"45":0,"46":0,"47":0,"48":0,"49":0,"50":0,"51":0,"52":0,"53":0,"54":0,"55":0,"56":0,"57":0,"58":0,"59":0,"60":0,"61":0},"f":{"0":0,"1":0,"2":0,"3":0,"4":0,"5":0,"6":0,"7":0,"8":0,"9":0,"10":0,"11":0,"12":0,"13":0,"14":0},"b":{"0":[0],"1":[0],"2":[0,0],"3":[0,0],"4":[0,0]}}
,"C:\\Users\\USER\\Desktop\\AntiPhishX\\backend\\src\\routes\\quiz.routes.js": {"path":"C:\\Users\\USER\\Desktop\\AntiPhishX\\backend\\src\\routes\\quiz.routes.js","statementMap":{"0":{"start":{"line":6,"column":16},"end":{"line":6,"column":34}},"1":{"start":{"line":7,"column":15},"end":{"line":7,"column":31}},"2":{"start":{"line":8,"column":23},"end":{"line":8,"column":60}},"3":{"start":{"line":9,"column":36},"end":{"line":9,"column":76}},"4":{"start":{"line":12,"column":0},"end":{"line":12,"column":61}},"5":{"start":{"line":13,"column":0},"end":{"line":13,"column":71}},"6":{"start":{"line":14,"column":0},"end":{"line":14,"column":68}},"7":{"start":{"line":15,"column":0},"end":{"line":15,"column":74}},"8":{"start":{"line":18,"column":0},"end":{"line":23,"column":2}},"9":{"start":{"line":25,"column":0},"end":{"line":30,"column":2}},"10":{"start":{"line":32,"column":0},"end":{"line":37,"column":2}},"11":{"start":{"line":39,"column":0},"end":{"line":44,"column":2}},"12":{"start":{"line":46,"column":0},"end":{"line":46,"column":24}}},"fnMap":{},"branchMap":{},"s":{"0":2,"1":2,"2":2,"3":2,"4":2,"5":2,"6":2,"7":2,"8":2,"9":2,"10":2,"11":2,"12":2},"f":{},"b":{},"_coverageSchema":"1a1c01bbd47fc00a2c39e90264f33305004495a9","hash":"9ec26372864f9e475d21412455b4a37f5376c249"}
,"C:\\Users\\USER\\Desktop\\AntiPhishX\\backend\\src\\storage\\storage.service.js": {"path":"C:\\Users\\USER\\Desktop\\AntiPhishX\\backend\\src\\storage\\storage.service.js","statementMap":{"0":{"start":{"line":6,"column":78},"end":{"line":6,"column":107}},"1":{"start":{"line":7,"column":25},"end":{"line":7,"column":65}},"2":{"start":{"line":8,"column":15},"end":{"line":8,"column":32}},"3":{"start":{"line":9,"column":15},"end":{"line":9,"column":42}},"4":{"start":{"line":13,"column":8},"end":{"line":13,"column":29}},"5":{"start":{"line":14,"column":8},"end":{"line":14,"column":53}},"6":{"start":{"line":15,"column":8},"end":{"line":15,"column":59}},"7":{"start":{"line":18,"column":8},"end":{"line":30,"column":9}},"8":{"start":{"line":19,"column":12},"end":{"line":26,"column":15}},"9":{"start":{"line":27,"column":12},"end":{"line":27,"column":58}},"10":{"start":{"line":29,"column":12},"end":{"line":29,"column":81}},"11":{"start":{"line":38,"column":8},"end":{"line":38,"column":38}},"12":{"start":{"line":50,"column":8},"end":{"line":52,"column":9}},"13":{"start":{"line":51,"column":12},"end":{"line":51,"column":57}},"14":{"start":{"line":55,"column":30},"end":{"line":55,"column":55}},"15":{"start":{"line":56,"column":25},"end":{"line":56,"column":63}},"16":{"start":{"line":57,"column":20},"end":{"line":57,"column":60}},"17":{"start":{"line":59,"column":24},"end":{"line":64,"column":10}},"18":{"start":{"line":66,"column":8},"end":{"line":66,"column":42}},"19":{"start":{"line":68,"column":8},"end":{"line":68,"column":51}},"20":{"start":{"line":70,"column":8},"end":{"line":74,"column":10}},"21":{"start":{"line":84,"column":8},"end":{"line":86,"column":9}},"22":{"start":{"line":85,"column":12},"end":{"line":85,"column":57}},"23":{"start":{"line":88,"column":24},"end":{"line":91,"column":10}},"24":{"start":{"line":93,"column":26},"end":{"line":93,"column":83}},"25":{"start":{"line":95,"column":8},"end":{"line":95,"column":25}},"26":{"start":{"line":104,"column":8},"end":{"line":106,"column":9}},"27":{"start":{"line":105,"column":12},"end":{"line":105,"column":57}},"28":{"start":{"line":108,"column":24},"end":{"line":111,"column":10}},"29":{"start":{"line":113,"column":8},"end":{"line":113,"column":42}},"30":{"start":{"line":115,"column":8},"end":{"line":115,"column":52}},"31":{"start":{"line":125,"column":8},"end":{"line":130,"column":10}},"32":{"start":{"line":142,"column":8},"end":{"line":147,"column":10}},"33":{"start":{"line":158,"column":8},"end":{"line":163,"column":10}},"34":{"start":{"line":167,"column":0},"end":{"line":167,"column":38}}},"fnMap":{"0":{"name":"(anonymous_0)","decl":{"start":{"line":12,"column":4},"end":{"line":12,"column":5}},"loc":{"start":{"line":12,"column":18},"end":{"line":31,"column":5}},"line":12},"1":{"name":"(anonymous_1)","decl":{"start":{"line":37,"column":4},"end":{"line":37,"column":5}},"loc":{"start":{"line":37,"column":19},"end":{"line":39,"column":5}},"line":37},"2":{"name":"(anonymous_2)","decl":{"start":{"line":49,"column":4},"end":{"line":49,"column":5}},"loc":{"start":{"line":49,"column":73},"end":{"line":75,"column":5}},"line":49},"3":{"name":"(anonymous_3)","decl":{"start":{"line":83,"column":4},"end":{"line":83,"column":5}},"loc":{"start":{"line":83,"column":46},"end":{"line":96,"column":5}},"line":83},"4":{"name":"(anonymous_4)","decl":{"start":{"line":103,"column":4},"end":{"line":103,"column":5}},"loc":{"start":{"line":103,"column":26},"end":{"line":116,"column":5}},"line":103},"5":{"name":"(anonymous_5)","decl":{"start":{"line":124,"column":4},"end":{"line":124,"column":5}},"loc":{"start":{"line":124,"column":54},"end":{"line":131,"column":5}},"line":124},"6":{"name":"(anonymous_6)","decl":{"start":{"line":141,"column":4},"end":{"line":141,"column":5}},"loc":{"start":{"line":141,"column":67},"end":{"line":148,"column":5}},"line":141},"7":{"name":"(anonymous_7)","decl":{"start":{"line":157,"column":4},"end":{"line":157,"column":5}},"loc":{"start":{"line":157,"column":59},"end":{"line":164,"column":5}},"line":157}},"branchMap":{"0":{"loc":{"start":{"line":15,"column":22},"end":{"line":15,"column":58}},"type":"binary-expr","locations":[{"start":{"line":15,"column":22},"end":{"line":15,"column":43}},{"start":{"line":15,"column":47},"end":{"line":15,"column":58}}],"line":15},"1":{"loc":{"start":{"line":18,"column":8},"end":{"line":30,"column":9}},"type":"if","locations":[{"start":{"line":18,"column":8},"end":{"line":30,"column":9}},{"start":{"line":28,"column":15},"end":{"line":30,"column":9}}],"line":18},"2":{"loc":{"start":{"line":18,"column":12},"end":{"line":18,"column":66}},"type":"binary-expr","locations":[{"start":{"line":18,"column":12},"end":{"line":18,"column":37}},{"start":{"line":18,"column":41},"end":{"line":18,"column":66}}],"line":18},"3":{"loc":{"start":{"line":49,"column":53},"end":{"line":49,"column":71}},"type":"default-arg","locations":[{"start":{"line":49,"column":62},"end":{"line":49,"column":71}}],"line":49},"4":{"loc":{"start":{"line":50,"column":8},"end":{"line":52,"column":9}},"type":"if","locations":[{"start":{"line":50,"column":8},"end":{"line":52,"column":9}},{"start":{},"end":{}}],"line":50},"5":{"loc":{"start":{"line":83,"column":28},"end":{"line":83,"column":44}},"type":"default-arg","locations":[{"start":{"line":83,"column":40},"end":{"line":83,"column":44}}],"line":83},"6":{"loc":{"start":{"line":84,"column":8},"end":{"line":86,"column":9}},"type":"if","locations":[{"start":{"line":84,"column":8},"end":{"line":86,"column":9}},{"start":{},"end":{}}],"line":84},"7":{"loc":{"start":{"line":104,"column":8},"end":{"line":106,"column":9}},"type":"if","locations":[{"start":{"line":104,"column":8},"end":{"line":106,"column":9}},{"start":{},"end":{}}],"line":104}},"s":{"0":0,"1":0,"2":0,"3":0,"4":0,"5":0,"6":0,"7":0,"8":0,"9":0,"10":0,"11":0,"12":0,"13":0,"14":0,"15":0,"16":0,"17":0,"18":0,"19":0,"20":0,"21":0,"22":0,"23":0,"24":0,"25":0,"26":0,"27":0,"28":0,"29":0,"30":0,"31":0,"32":0,"33":0,"34":0},"f":{"0":0,"1":0,"2":0,"3":0,"4":0,"5":0,"6":0,"7":0},"b":{"0":[0,0],"1":[0,0],"2":[0,0],"3":[0],"4":[0,0],"5":[0],"6":[0,0],"7":[0,0]}}
,"C:\\Users\\USER\\Desktop\\AntiPhishX\\backend\\src\\webhooks\\webhook.service.js": {"path":"C:\\Users\\USER\\Desktop\\AntiPhishX\\backend\\src\\webhooks\\webhook.service.js","statementMap":{"0":{"start":{"line":6,"column":14},"end":{"line":6,"column":30}},"1":{"start":{"line":7,"column":15},"end":{"line":7,"column":32}},"2":{"start":{"line":8,"column":15},"end":{"line":8,"column":42}},"3":{"start":{"line":12,"column":8},"end":{"line":12,"column":34}},"4":{"start":{"line":20,"column":44},"end":{"line":20,"column":50}},"5":{"start":{"line":21,"column":8},"end":{"line":21,"column":55}},"6":{"start":{"line":22,"column":8},"end":{"line":22,"column":49}},"7":{"start":{"line":31,"column":25},"end":{"line":33,"column":9}},"8":{"start":{"line":32,"column":12},"end":{"line":32,"column":42}},"9":{"start":{"line":35,"column":25},"end":{"line":35,"column":90}},"10":{"start":{"line":35,"column":51},"end":{"line":35,"column":89}},"11":{"start":{"line":36,"column":8},"end":{"line":36,"column":43}},"12":{"start":{"line":46,"column":8},"end":{"line":67,"column":9}},"13":{"start":{"line":47,"column":28},"end":{"line":51,"column":13}},"14":{"start":{"line":53,"column":30},"end":{"line":53,"column":77}},"15":{"start":{"line":55,"column":12},"end":{"line":62,"column":15}},"16":{"start":{"line":64,"column":12},"end":{"line":64,"column":68}},"17":{"start":{"line":66,"column":12},"end":{"line":66,"column":60}},"18":{"start":{"line":77,"column":21},"end":{"line":77,"column":56}},"19":{"start":{"line":78,"column":8},"end":{"line":78,"column":45}},"20":{"start":{"line":79,"column":8},"end":{"line":79,"column":34}},"21":{"start":{"line":87,"column":8},"end":{"line":91,"column":11}},"22":{"start":{"line":99,"column":8},"end":{"line":104,"column":11}},"23":{"start":{"line":112,"column":8},"end":{"line":117,"column":11}},"24":{"start":{"line":125,"column":8},"end":{"line":130,"column":11}},"25":{"start":{"line":138,"column":8},"end":{"line":143,"column":11}},"26":{"start":{"line":147,"column":0},"end":{"line":147,"column":38}}},"fnMap":{"0":{"name":"(anonymous_0)","decl":{"start":{"line":11,"column":4},"end":{"line":11,"column":5}},"loc":{"start":{"line":11,"column":18},"end":{"line":13,"column":5}},"line":11},"1":{"name":"(anonymous_1)","decl":{"start":{"line":19,"column":4},"end":{"line":19,"column":5}},"loc":{"start":{"line":19,"column":28},"end":{"line":23,"column":5}},"line":19},"2":{"name":"(anonymous_2)","decl":{"start":{"line":30,"column":4},"end":{"line":30,"column":5}},"loc":{"start":{"line":30,"column":33},"end":{"line":37,"column":5}},"line":30},"3":{"name":"(anonymous_3)","decl":{"start":{"line":31,"column":67},"end":{"line":31,"column":68}},"loc":{"start":{"line":32,"column":12},"end":{"line":32,"column":42}},"line":32},"4":{"name":"(anonymous_4)","decl":{"start":{"line":35,"column":38},"end":{"line":35,"column":39}},"loc":{"start":{"line":35,"column":51},"end":{"line":35,"column":89}},"line":35},"5":{"name":"(anonymous_5)","decl":{"start":{"line":45,"column":4},"end":{"line":45,"column":5}},"loc":{"start":{"line":45,"column":44},"end":{"line":68,"column":5}},"line":45},"6":{"name":"(anonymous_6)","decl":{"start":{"line":76,"column":4},"end":{"line":76,"column":5}},"loc":{"start":{"line":76,"column":39},"end":{"line":80,"column":5}},"line":76},"7":{"name":"(anonymous_7)","decl":{"start":{"line":86,"column":4},"end":{"line":86,"column":5}},"loc":{"start":{"line":86,"column":33},"end":{"line":92,"column":5}},"line":86},"8":{"name":"(anonymous_8)","decl":{"start":{"line":98,"column":4},"end":{"line":98,"column":5}},"loc":{"start":{"line":98,"column":34},"end":{"line":105,"column":5}},"line":98},"9":{"name":"(anonymous_9)","decl":{"start":{"line":111,"column":4},"end":{"line":111,"column":5}},"loc":{"start":{"line":111,"column":43},"end":{"line":118,"column":5}},"line":111},"10":{"name":"(anonymous_10)","decl":{"start":{"line":124,"column":4},"end":{"line":124,"column":5}},"loc":{"start":{"line":124,"column":29},"end":{"line":131,"column":5}},"line":124},"11":{"name":"(anonymous_11)","decl":{"start":{"line":137,"column":4},"end":{"line":137,"column":5}},"loc":{"start":{"line":137,"column":31},"end":{"line":144,"column":5}},"line":137}},"branchMap":{},"s":{"0":0,"1":0,"2":0,"3":0,"4":0,"5":0,"6":0,"7":0,"8":0,"9":0,"10":0,"11":0,"12":0,"13":0,"14":0,"15":0,"16":0,"17":0,"18":0,"19":0,"20":0,"21":0,"22":0,"23":0,"24":0,"25":0,"26":0},"f":{"0":0,"1":0,"2":0,"3":0,"4":0,"5":0,"6":0,"7":0,"8":0,"9":0,"10":0,"11":0},"b":{}}
}
