TN:
SF:src\app.js
FN:60,(anonymous_0)
FN:69,(anonymous_1)
FN:78,(anonymous_2)
FNF:3
FNH:3
FNDA:5,(anonymous_0)
FNDA:1,(anonymous_1)
FNDA:1,(anonymous_2)
DA:6,2
DA:7,2
DA:8,2
DA:9,2
DA:10,2
DA:11,2
DA:12,2
DA:13,2
DA:15,2
DA:18,2
DA:39,2
DA:47,2
DA:48,2
DA:51,2
DA:54,2
DA:57,2
DA:60,2
DA:61,5
DA:65,5
DA:69,2
DA:70,1
DA:78,2
DA:79,1
DA:87,2
DA:88,2
DA:91,2
DA:92,2
DA:95,2
DA:96,2
DA:99,2
DA:100,2
DA:103,2
DA:104,2
DA:107,2
DA:108,2
DA:111,2
DA:112,2
DA:115,2
DA:118,2
DA:120,2
LF:40
LH:40
BRDA:40,0,0,2
BRDA:40,0,1,2
BRF:2
BRH:2
end_of_record
TN:
SF:src\admin\admin.controller.js
FN:19,(anonymous_0)
FN:49,(anonymous_1)
FN:90,(anonymous_2)
FN:116,(anonymous_3)
FN:162,(anonymous_4)
FN:191,(anonymous_5)
FN:227,(anonymous_6)
FN:262,(anonymous_7)
FN:291,(anonymous_8)
FN:352,(anonymous_9)
FNF:10
FNH:0
FNDA:0,(anonymous_0)
FNDA:0,(anonymous_1)
FNDA:0,(anonymous_2)
FNDA:0,(anonymous_3)
FNDA:0,(anonymous_4)
FNDA:0,(anonymous_5)
FNDA:0,(anonymous_6)
FNDA:0,(anonymous_7)
FNDA:0,(anonymous_8)
FNDA:0,(anonymous_9)
DA:6,2
DA:7,2
DA:8,2
DA:9,2
DA:10,2
DA:11,2
DA:12,2
DA:20,0
DA:21,0
DA:24,0
DA:29,0
DA:34,0
DA:40,0
DA:41,0
DA:50,0
DA:51,0
DA:53,0
DA:54,0
DA:55,0
DA:56,0
DA:63,0
DA:69,0
DA:71,0
DA:81,0
DA:82,0
DA:91,0
DA:92,0
DA:94,0
DA:95,0
DA:96,0
DA:100,0
DA:102,0
DA:107,0
DA:108,0
DA:117,0
DA:118,0
DA:120,0
DA:128,0
DA:129,0
DA:130,0
DA:133,0
DA:135,0
DA:136,0
DA:139,0
DA:148,0
DA:153,0
DA:154,0
DA:163,0
DA:164,0
DA:166,0
DA:167,0
DA:168,0
DA:171,0
DA:180,0
DA:182,0
DA:183,0
DA:192,0
DA:193,0
DA:195,0
DA:196,0
DA:197,0
DA:200,0
DA:206,0
DA:208,0
DA:218,0
DA:219,0
DA:228,0
DA:229,0
DA:231,0
DA:232,0
DA:233,0
DA:235,0
DA:241,0
DA:243,0
DA:253,0
DA:254,0
DA:263,0
DA:264,0
DA:267,0
DA:271,0
DA:276,0
DA:282,0
DA:283,0
DA:292,0
DA:293,0
DA:298,0
DA:299,0
DA:300,0
DA:303,0
DA:306,0
DA:308,0
DA:312,0
DA:314,0
DA:318,0
DA:320,0
DA:324,0
DA:326,0
DA:327,0
DA:330,0
DA:338,0
DA:343,0
DA:344,0
DA:353,0
DA:355,0
DA:372,0
DA:374,0
DA:375,0
DA:380,2
LF:108
LH:8
BRDA:51,0,0,0
BRDA:51,1,0,0
BRDA:54,2,0,0
BRDA:54,2,1,0
BRDA:55,3,0,0
BRDA:55,3,1,0
BRDA:95,4,0,0
BRDA:95,4,1,0
BRDA:129,5,0,0
BRDA:129,5,1,0
BRDA:135,6,0,0
BRDA:135,6,1,0
BRDA:167,7,0,0
BRDA:167,7,1,0
BRDA:193,8,0,0
BRDA:193,9,0,0
BRDA:196,10,0,0
BRDA:196,10,1,0
BRDA:229,11,0,0
BRDA:229,12,0,0
BRDA:232,13,0,0
BRDA:232,13,1,0
BRDA:233,14,0,0
BRDA:233,14,1,0
BRDA:299,15,0,0
BRDA:299,15,1,0
BRDA:306,16,0,0
BRDA:306,16,1,0
BRDA:306,16,2,0
BRDA:306,16,3,0
BRDA:340,17,0,0
BRDA:340,17,1,0
BRF:32
BRH:0
end_of_record
TN:
SF:src\analytics\advanced-analytics.service.js
FN:18,(anonymous_0)
FN:60,(anonymous_1)
FN:104,(anonymous_2)
FN:127,(anonymous_3)
FN:140,(anonymous_4)
FN:172,(anonymous_5)
FN:184,(anonymous_6)
FN:200,(anonymous_7)
FN:211,(anonymous_8)
FN:217,(anonymous_9)
FN:224,(anonymous_10)
FN:252,(anonymous_11)
FN:270,(anonymous_12)
FN:275,(anonymous_13)
FN:280,(anonymous_14)
FN:287,(anonymous_15)
FNF:16
FNH:0
FNDA:0,(anonymous_0)
FNDA:0,(anonymous_1)
FNDA:0,(anonymous_2)
FNDA:0,(anonymous_3)
FNDA:0,(anonymous_4)
FNDA:0,(anonymous_5)
FNDA:0,(anonymous_6)
FNDA:0,(anonymous_7)
FNDA:0,(anonymous_8)
FNDA:0,(anonymous_9)
FNDA:0,(anonymous_10)
FNDA:0,(anonymous_11)
FNDA:0,(anonymous_12)
FNDA:0,(anonymous_13)
FNDA:0,(anonymous_14)
FNDA:0,(anonymous_15)
DA:6,0
DA:7,0
DA:8,0
DA:9,0
DA:10,0
DA:11,0
DA:29,0
DA:41,0
DA:61,0
DA:72,0
DA:83,0
DA:105,0
DA:127,0
DA:141,0
DA:172,0
DA:185,0
DA:186,0
DA:187,0
DA:189,0
DA:202,0
DA:212,0
DA:213,0
DA:214,0
DA:218,0
DA:221,0
DA:225,0
DA:253,0
DA:255,0
DA:272,0
DA:277,0
DA:281,0
DA:282,0
DA:283,0
DA:284,0
DA:289,0
DA:293,0
LF:36
LH:0
BRDA:96,0,0,0
BRDA:96,0,1,0
BRDA:214,1,0,0
BRDA:214,1,1,0
BRDA:221,2,0,0
BRDA:221,2,1,0
BRDA:284,3,0,0
BRDA:284,3,1,0
BRF:8
BRH:0
end_of_record
TN:
SF:src\analytics\analytics.service.js
FN:21,(anonymous_0)
FN:46,(anonymous_1)
FN:53,(anonymous_2)
FN:57,(anonymous_3)
FN:79,(anonymous_4)
FN:88,(anonymous_5)
FN:102,(anonymous_6)
FN:129,(anonymous_7)
FN:137,(anonymous_8)
FN:141,(anonymous_9)
FN:145,(anonymous_10)
FN:147,(anonymous_11)
FN:175,(anonymous_12)
FN:189,(anonymous_13)
FN:197,(anonymous_14)
FN:200,(anonymous_15)
FN:203,(anonymous_16)
FN:204,(anonymous_17)
FN:231,(anonymous_18)
FN:238,(anonymous_19)
FN:263,(anonymous_20)
FNF:21
FNH:0
FNDA:0,(anonymous_0)
FNDA:0,(anonymous_1)
FNDA:0,(anonymous_2)
FNDA:0,(anonymous_3)
FNDA:0,(anonymous_4)
FNDA:0,(anonymous_5)
FNDA:0,(anonymous_6)
FNDA:0,(anonymous_7)
FNDA:0,(anonymous_8)
FNDA:0,(anonymous_9)
FNDA:0,(anonymous_10)
FNDA:0,(anonymous_11)
FNDA:0,(anonymous_12)
FNDA:0,(anonymous_13)
FNDA:0,(anonymous_14)
FNDA:0,(anonymous_15)
FNDA:0,(anonymous_16)
FNDA:0,(anonymous_17)
FNDA:0,(anonymous_18)
FNDA:0,(anonymous_19)
FNDA:0,(anonymous_20)
DA:6,2
DA:7,2
DA:8,2
DA:9,2
DA:10,2
DA:11,2
DA:12,2
DA:13,2
DA:14,2
DA:22,0
DA:23,0
DA:24,0
DA:25,0
DA:27,0
DA:31,0
DA:47,0
DA:48,0
DA:49,0
DA:52,0
DA:53,0
DA:56,0
DA:57,0
DA:60,0
DA:62,0
DA:80,0
DA:86,0
DA:88,0
DA:89,0
DA:90,0
DA:93,0
DA:103,0
DA:105,0
DA:121,0
DA:130,0
DA:131,0
DA:132,0
DA:135,0
DA:136,0
DA:137,0
DA:140,0
DA:141,0
DA:145,0
DA:146,0
DA:147,0
DA:150,0
DA:158,0
DA:176,0
DA:177,0
DA:179,0
DA:180,0
DA:181,0
DA:190,0
DA:191,0
DA:192,0
DA:195,0
DA:196,0
DA:197,0
DA:200,0
DA:203,0
DA:204,0
DA:205,0
DA:208,0
DA:215,0
DA:232,0
DA:233,0
DA:234,0
DA:237,0
DA:238,0
DA:239,0
DA:241,0
DA:242,0
DA:244,0
DA:248,0
DA:250,0
DA:263,0
DA:270,2
LF:76
LH:10
BRDA:37,0,0,0
BRDA:37,0,1,0
BRDA:48,1,0,0
BRDA:48,1,1,0
BRDA:56,2,0,0
BRDA:56,2,1,0
BRDA:67,3,0,0
BRDA:67,3,1,0
BRDA:86,4,0,0
BRDA:86,4,1,0
BRDA:102,5,0,0
BRDA:131,6,0,0
BRDA:131,6,1,0
BRDA:140,7,0,0
BRDA:140,7,1,0
BRDA:147,8,0,0
BRDA:147,8,1,0
BRDA:153,9,0,0
BRDA:153,9,1,0
BRDA:163,10,0,0
BRDA:163,10,1,0
BRDA:176,11,0,0
BRDA:176,11,1,0
BRDA:179,12,0,0
BRDA:179,12,1,0
BRDA:180,13,0,0
BRDA:180,13,1,0
BRDA:191,14,0,0
BRDA:191,14,1,0
BRDA:200,15,0,0
BRDA:200,15,1,0
BRDA:211,16,0,0
BRDA:211,16,1,0
BRDA:220,17,0,0
BRDA:220,17,1,0
BRDA:233,18,0,0
BRDA:233,18,1,0
BRDA:257,19,0,0
BRDA:257,19,1,0
BRDA:259,20,0,0
BRDA:259,20,1,0
BRDA:261,21,0,0
BRDA:261,21,1,0
BRF:43
BRH:0
end_of_record
TN:
SF:src\auth\auth.controller.js
FN:18,(anonymous_0)
FN:70,(anonymous_1)
FN:154,(anonymous_2)
FN:189,(anonymous_3)
FN:209,(anonymous_4)
FN:239,(anonymous_5)
FN:286,(anonymous_6)
FN:306,(anonymous_7)
FN:353,(anonymous_8)
FN:370,(anonymous_9)
FN:395,(anonymous_10)
FN:423,(anonymous_11)
FN:438,(anonymous_12)
FNF:13
FNH:2
FNDA:1,(anonymous_0)
FNDA:1,(anonymous_1)
FNDA:0,(anonymous_2)
FNDA:0,(anonymous_3)
FNDA:0,(anonymous_4)
FNDA:0,(anonymous_5)
FNDA:0,(anonymous_6)
FNDA:0,(anonymous_7)
FNDA:0,(anonymous_8)
FNDA:0,(anonymous_9)
FNDA:0,(anonymous_10)
FNDA:0,(anonymous_11)
FNDA:0,(anonymous_12)
DA:6,2
DA:7,2
DA:8,2
DA:9,2
DA:10,2
DA:11,2
DA:19,1
DA:21,1
DA:34,1
DA:35,1
DA:36,0
DA:39,1
DA:42,1
DA:51,1
DA:61,0
DA:62,0
DA:71,1
DA:72,1
DA:78,1
DA:79,1
DA:80,0
DA:83,1
DA:91,1
DA:93,0
DA:94,0
DA:95,0
DA:97,0
DA:98,0
DA:102,0
DA:109,0
DA:116,0
DA:124,0
DA:132,1
DA:139,1
DA:145,0
DA:146,0
DA:155,0
DA:156,0
DA:158,0
DA:159,0
DA:162,0
DA:169,0
DA:176,0
DA:180,0
DA:181,0
DA:190,0
DA:191,0
DA:193,0
DA:194,0
DA:197,0
DA:198,0
DA:200,0
DA:201,0
DA:210,0
DA:211,0
DA:213,0
DA:214,0
DA:217,0
DA:220,0
DA:221,0
DA:222,0
DA:224,0
DA:230,0
DA:231,0
DA:240,0
DA:241,0
DA:245,0
DA:246,0
DA:247,0
DA:250,0
DA:252,0
DA:253,0
DA:256,0
DA:258,0
DA:259,0
DA:263,0
DA:264,0
DA:266,0
DA:275,0
DA:277,0
DA:278,0
DA:287,0
DA:288,0
DA:290,0
DA:293,0
DA:295,0
DA:297,0
DA:298,0
DA:307,0
DA:308,0
DA:309,0
DA:311,0
DA:312,0
DA:315,0
DA:321,0
DA:327,0
DA:328,0
DA:331,0
DA:333,0
DA:342,0
DA:344,0
DA:345,0
DA:354,0
DA:355,0
DA:357,0
DA:359,0
DA:361,0
DA:362,0
DA:371,0
DA:372,0
DA:376,0
DA:377,0
DA:378,0
DA:381,0
DA:384,0
DA:386,0
DA:387,0
DA:396,0
DA:397,0
DA:405,0
DA:406,0
DA:407,0
DA:410,0
DA:412,0
DA:414,0
DA:415,0
DA:424,0
DA:425,0
DA:427,0
DA:429,0
DA:430,0
DA:439,0
DA:440,0
DA:442,0
DA:444,0
DA:446,0
DA:447,0
DA:452,2
LF:138
LH:22
BRDA:35,0,0,0
BRDA:35,0,1,1
BRDA:79,1,0,0
BRDA:79,1,1,1
BRDA:91,2,0,0
BRDA:91,2,1,1
BRDA:93,3,0,0
BRDA:93,3,1,0
BRDA:93,4,0,0
BRDA:93,4,1,0
BRDA:97,5,0,0
BRDA:97,5,1,0
BRDA:112,6,0,0
BRDA:112,6,1,0
BRDA:135,7,0,1
BRDA:135,7,1,1
BRDA:158,8,0,0
BRDA:158,8,1,0
BRDA:172,9,0,0
BRDA:172,9,1,0
BRDA:193,10,0,0
BRDA:193,10,1,0
BRDA:213,11,0,0
BRDA:213,11,1,0
BRDA:246,12,0,0
BRDA:246,12,1,0
BRDA:252,13,0,0
BRDA:252,13,1,0
BRDA:258,14,0,0
BRDA:258,14,1,0
BRDA:311,15,0,0
BRDA:311,15,1,0
BRDA:325,16,0,0
BRDA:325,16,1,0
BRDA:377,17,0,0
BRDA:377,17,1,0
BRDA:406,18,0,0
BRDA:406,18,1,0
BRF:38
BRH:5
end_of_record
TN:
SF:src\auth\auth.service.js
FN:20,(anonymous_0)
FN:40,(anonymous_1)
FN:54,(anonymous_2)
FN:101,(anonymous_3)
FN:164,(anonymous_4)
FN:231,(anonymous_5)
FN:311,(anonymous_6)
FN:330,(anonymous_7)
FN:355,(anonymous_8)
FN:384,(anonymous_9)
FN:432,(anonymous_10)
FN:445,(anonymous_11)
FNF:12
FNH:6
FNDA:2,(anonymous_0)
FNDA:2,(anonymous_1)
FNDA:3,(anonymous_2)
FNDA:3,(anonymous_3)
FNDA:2,(anonymous_4)
FNDA:1,(anonymous_5)
FNDA:0,(anonymous_6)
FNDA:0,(anonymous_7)
FNDA:0,(anonymous_8)
FNDA:0,(anonymous_9)
FNDA:0,(anonymous_10)
FNDA:0,(anonymous_11)
DA:6,3
DA:7,3
DA:8,3
DA:9,3
DA:10,3
DA:11,3
DA:12,3
DA:21,2
DA:22,2
DA:29,0
DA:30,0
DA:41,2
DA:42,2
DA:44,0
DA:45,0
DA:55,3
DA:58,3
DA:59,3
DA:60,1
DA:64,2
DA:67,2
DA:68,2
DA:71,2
DA:83,2
DA:86,2
DA:87,2
DA:88,2
DA:90,2
DA:103,3
DA:106,3
DA:107,1
DA:111,2
DA:112,0
DA:116,2
DA:118,2
DA:120,0
DA:123,0
DA:134,0
DA:138,2
DA:141,2
DA:143,0
DA:154,2
DA:166,2
DA:172,2
DA:173,2
DA:176,2
DA:182,2
DA:183,2
DA:193,2
DA:194,2
DA:195,2
DA:198,2
DA:210,2
DA:213,2
DA:214,2
DA:215,2
DA:217,2
DA:233,1
DA:236,1
DA:242,1
DA:248,1
DA:249,0
DA:253,1
DA:258,1
DA:260,0
DA:262,0
DA:274,0
DA:278,1
DA:279,1
DA:280,0
DA:284,1
DA:285,1
DA:288,1
DA:294,1
DA:295,1
DA:296,1
DA:298,1
DA:300,1
DA:312,0
DA:317,0
DA:319,0
DA:320,0
DA:321,0
DA:331,0
DA:336,0
DA:337,0
DA:340,0
DA:341,0
DA:342,0
DA:343,0
DA:345,0
DA:347,0
DA:356,0
DA:358,0
DA:360,0
DA:364,0
DA:365,0
DA:367,0
DA:368,0
DA:369,0
DA:371,0
DA:375,0
DA:385,0
DA:387,0
DA:392,0
DA:393,0
DA:397,0
DA:398,0
DA:399,0
DA:400,0
DA:401,0
DA:407,0
DA:410,0
DA:411,0
DA:413,0
DA:416,0
DA:417,0
DA:418,0
DA:419,0
DA:422,0
DA:424,0
DA:433,0
DA:446,0
DA:451,0
DA:452,0
DA:455,0
DA:456,0
DA:460,3
LF:128
LH:65
BRDA:24,0,0,2
BRDA:24,0,1,2
BRDA:25,1,0,2
BRDA:25,1,1,2
BRDA:26,2,0,2
BRDA:26,2,1,2
BRDA:55,3,0,2
BRDA:59,4,0,1
BRDA:59,4,1,2
BRDA:106,5,0,1
BRDA:106,5,1,2
BRDA:111,6,0,0
BRDA:111,6,1,2
BRDA:118,7,0,0
BRDA:118,7,1,2
BRDA:141,8,0,0
BRDA:141,8,1,2
BRDA:141,9,0,2
BRDA:141,9,1,2
BRDA:206,10,0,2
BRDA:206,10,1,2
BRDA:248,11,0,0
BRDA:248,11,1,1
BRDA:248,12,0,1
BRDA:248,12,1,1
BRDA:258,13,0,0
BRDA:258,13,1,1
BRDA:279,14,0,0
BRDA:279,14,1,1
BRDA:319,15,0,0
BRDA:319,15,1,0
BRDA:336,16,0,0
BRDA:336,16,1,0
BRDA:358,17,0,0
BRDA:358,17,1,0
BRDA:392,18,0,0
BRDA:392,18,1,0
BRDA:397,19,0,0
BRDA:397,19,1,0
BRDA:397,20,0,0
BRDA:397,20,1,0
BRDA:400,21,0,0
BRDA:400,21,1,0
BRDA:410,22,0,0
BRDA:410,22,1,0
BRDA:451,23,0,0
BRDA:451,23,1,0
BRF:47
BRH:23
end_of_record
TN:
SF:src\auth\jwt.service.js
FN:12,(anonymous_0)
FN:24,(anonymous_1)
FN:65,(anonymous_2)
FN:78,(anonymous_3)
FN:99,(anonymous_4)
FN:118,(anonymous_5)
FN:146,(anonymous_6)
FN:174,(anonymous_7)
FNF:8
FNH:2
FNDA:3,(anonymous_0)
FNDA:3,(anonymous_1)
FNDA:0,(anonymous_2)
FNDA:0,(anonymous_3)
FNDA:0,(anonymous_4)
FNDA:0,(anonymous_5)
FNDA:0,(anonymous_6)
FNDA:0,(anonymous_7)
DA:6,3
DA:7,3
DA:8,3
DA:9,3
DA:13,3
DA:14,3
DA:15,3
DA:18,3
DA:25,3
DA:27,3
DA:28,0
DA:29,3
DA:30,0
DA:35,3
DA:36,3
DA:37,3
DA:40,3
DA:41,0
DA:42,3
DA:43,0
DA:47,3
DA:48,3
DA:50,0
DA:53,3
DA:55,0
DA:56,0
DA:67,0
DA:68,0
DA:70,0
DA:79,0
DA:86,0
DA:100,0
DA:105,0
DA:119,0
DA:120,0
DA:126,0
DA:127,0
DA:130,0
DA:132,0
DA:133,0
DA:134,0
DA:135,0
DA:137,0
DA:147,0
DA:148,0
DA:154,0
DA:155,0
DA:158,0
DA:160,0
DA:161,0
DA:162,0
DA:163,0
DA:165,0
DA:175,0
DA:179,3
LF:55
LH:20
BRDA:13,0,0,3
BRDA:13,0,1,3
BRDA:14,1,0,3
BRDA:14,1,1,3
BRDA:15,2,0,3
BRDA:15,2,1,3
BRDA:27,3,0,0
BRDA:27,3,1,3
BRDA:29,4,0,0
BRDA:29,4,1,3
BRDA:40,5,0,0
BRDA:40,5,1,3
BRDA:42,6,0,0
BRDA:42,6,1,3
BRDA:47,7,0,3
BRDA:47,7,1,0
BRDA:67,8,0,0
BRDA:67,8,1,0
BRDA:126,9,0,0
BRDA:126,9,1,0
BRDA:132,10,0,0
BRDA:132,10,1,0
BRDA:134,11,0,0
BRDA:134,11,1,0
BRDA:154,12,0,0
BRDA:154,12,1,0
BRDA:160,13,0,0
BRDA:160,13,1,0
BRDA:162,14,0,0
BRDA:162,14,1,0
BRF:30
BRH:11
end_of_record
TN:
SF:src\auth\mfa.service.js
FN:17,(anonymous_0)
FN:28,(anonymous_1)
FN:53,(anonymous_2)
FN:67,(anonymous_3)
FN:81,(anonymous_4)
FN:93,(anonymous_5)
FN:109,(anonymous_6)
FN:133,(anonymous_7)
FN:136,(anonymous_8)
FN:154,(anonymous_9)
FNF:10
FNH:1
FNDA:2,(anonymous_0)
FNDA:0,(anonymous_1)
FNDA:0,(anonymous_2)
FNDA:0,(anonymous_3)
FNDA:0,(anonymous_4)
FNDA:0,(anonymous_5)
FNDA:0,(anonymous_6)
FNDA:0,(anonymous_7)
FNDA:0,(anonymous_8)
FNDA:0,(anonymous_9)
DA:6,2
DA:7,2
DA:13,2
DA:14,2
DA:18,2
DA:19,2
DA:20,2
DA:29,0
DA:35,0
DA:38,0
DA:40,0
DA:54,0
DA:68,0
DA:69,0
DA:70,0
DA:71,0
DA:73,0
DA:82,0
DA:93,0
DA:100,0
DA:110,0
DA:117,0
DA:118,0
DA:121,0
DA:134,0
DA:136,0
DA:144,0
DA:155,0
DA:167,0
DA:168,0
DA:171,0
DA:178,2
LF:32
LH:8
BRDA:18,0,0,2
BRDA:18,0,1,2
BRDA:19,1,0,2
BRDA:19,1,1,2
BRDA:20,2,0,2
BRDA:20,2,1,2
BRDA:30,3,0,0
BRDA:30,3,1,0
BRDA:67,4,0,0
BRDA:117,5,0,0
BRDA:117,5,1,0
BRDA:167,6,0,0
BRDA:167,6,1,0
BRF:13
BRH:6
end_of_record
TN:
SF:src\cache\cache.service.js
FN:10,(anonymous_0)
FN:18,(anonymous_1)
FN:29,(anonymous_2)
FN:34,(anonymous_3)
FN:50,(anonymous_4)
FN:68,(anonymous_5)
FN:82,(anonymous_6)
FN:96,(anonymous_7)
FN:114,(anonymous_8)
FN:123,(anonymous_9)
FN:131,(anonymous_10)
FN:141,(anonymous_11)
FN:150,(anonymous_12)
FN:157,(anonymous_13)
FNF:14
FNH:0
FNDA:0,(anonymous_0)
FNDA:0,(anonymous_1)
FNDA:0,(anonymous_2)
FNDA:0,(anonymous_3)
FNDA:0,(anonymous_4)
FNDA:0,(anonymous_5)
FNDA:0,(anonymous_6)
FNDA:0,(anonymous_7)
FNDA:0,(anonymous_8)
FNDA:0,(anonymous_9)
FNDA:0,(anonymous_10)
FNDA:0,(anonymous_11)
FNDA:0,(anonymous_12)
FNDA:0,(anonymous_13)
DA:6,0
DA:7,0
DA:11,0
DA:12,0
DA:19,0
DA:20,0
DA:21,0
DA:24,0
DA:25,0
DA:29,0
DA:30,0
DA:31,0
DA:34,0
DA:35,0
DA:36,0
DA:39,0
DA:41,0
DA:51,0
DA:53,0
DA:54,0
DA:55,0
DA:57,0
DA:58,0
DA:69,0
DA:71,0
DA:72,0
DA:74,0
DA:83,0
DA:85,0
DA:86,0
DA:88,0
DA:97,0
DA:99,0
DA:100,0
DA:101,0
DA:102,0
DA:105,0
DA:115,0
DA:124,0
DA:132,0
DA:133,0
DA:142,0
DA:151,0
DA:158,0
DA:159,0
DA:160,0
DA:161,0
DA:166,0
LF:48
LH:0
BRDA:19,0,0,0
BRDA:19,0,1,0
BRDA:51,1,0,0
BRDA:51,1,1,0
BRDA:55,2,0,0
BRDA:55,2,1,0
BRDA:68,3,0,0
BRDA:69,4,0,0
BRDA:69,4,1,0
BRDA:83,5,0,0
BRDA:83,5,1,0
BRDA:97,6,0,0
BRDA:97,6,1,0
BRDA:101,7,0,0
BRDA:101,7,1,0
BRDA:158,8,0,0
BRDA:158,8,1,0
BRF:17
BRH:0
end_of_record
TN:
SF:src\certificates\certificate.controller.js
FN:15,(anonymous_0)
FN:45,(anonymous_1)
FN:62,(anonymous_2)
FN:80,(anonymous_3)
FN:95,(anonymous_4)
FN:117,(anonymous_5)
FN:150,(anonymous_6)
FN:181,(anonymous_7)
FNF:8
FNH:0
FNDA:0,(anonymous_0)
FNDA:0,(anonymous_1)
FNDA:0,(anonymous_2)
FNDA:0,(anonymous_3)
FNDA:0,(anonymous_4)
FNDA:0,(anonymous_5)
FNDA:0,(anonymous_6)
FNDA:0,(anonymous_7)
DA:6,2
DA:7,2
DA:8,2
DA:16,0
DA:17,0
DA:21,0
DA:22,0
DA:23,0
DA:26,0
DA:31,0
DA:36,0
DA:37,0
DA:46,0
DA:47,0
DA:49,0
DA:51,0
DA:53,0
DA:54,0
DA:63,0
DA:64,0
DA:65,0
DA:67,0
DA:69,0
DA:71,0
DA:72,0
DA:81,0
DA:82,0
DA:84,0
DA:86,0
DA:87,0
DA:96,0
DA:97,0
DA:99,0
DA:103,0
DA:108,0
DA:109,0
DA:118,0
DA:119,0
DA:121,0
DA:125,0
DA:126,0
DA:127,0
DA:130,0
DA:136,0
DA:141,0
DA:142,0
DA:151,0
DA:152,0
DA:157,0
DA:158,0
DA:159,0
DA:162,0
DA:167,0
DA:172,0
DA:173,0
DA:182,0
DA:183,0
DA:185,0
DA:187,0
DA:189,0
DA:190,0
DA:195,2
LF:62
LH:4
BRDA:22,0,0,0
BRDA:22,0,1,0
BRDA:126,1,0,0
BRDA:126,1,1,0
BRDA:158,2,0,0
BRDA:158,2,1,0
BRF:6
BRH:0
end_of_record
TN:
SF:src\certificates\certificate.service.js
FN:21,(anonymous_0)
FN:81,(anonymous_1)
FN:92,(anonymous_2)
FN:110,(anonymous_3)
FN:150,(anonymous_4)
FN:165,(anonymous_5)
FN:193,(anonymous_6)
FN:236,(anonymous_7)
FN:263,(anonymous_8)
FNF:9
FNH:0
FNDA:0,(anonymous_0)
FNDA:0,(anonymous_1)
FNDA:0,(anonymous_2)
FNDA:0,(anonymous_3)
FNDA:0,(anonymous_4)
FNDA:0,(anonymous_5)
FNDA:0,(anonymous_6)
FNDA:0,(anonymous_7)
FNDA:0,(anonymous_8)
DA:6,2
DA:7,2
DA:8,2
DA:9,2
DA:10,2
DA:11,2
DA:12,2
DA:23,0
DA:25,0
DA:26,0
DA:30,0
DA:32,0
DA:33,0
DA:37,0
DA:38,0
DA:40,0
DA:41,0
DA:45,0
DA:48,0
DA:51,0
DA:66,0
DA:67,0
DA:69,0
DA:70,0
DA:72,0
DA:74,0
DA:82,0
DA:83,0
DA:84,0
DA:93,0
DA:97,0
DA:98,0
DA:101,0
DA:111,0
DA:114,0
DA:115,0
DA:124,0
DA:125,0
DA:131,0
DA:151,0
DA:155,0
DA:166,0
DA:168,0
DA:169,0
DA:172,0
DA:173,0
DA:176,0
DA:177,0
DA:178,0
DA:179,0
DA:181,0
DA:183,0
DA:185,0
DA:194,0
DA:196,0
DA:197,0
DA:202,0
DA:215,0
DA:216,0
DA:223,0
DA:225,0
DA:228,0
DA:237,0
DA:239,0
DA:240,0
DA:241,0
DA:243,0
DA:249,0
DA:265,0
DA:267,0
DA:268,0
DA:276,0
DA:280,2
LF:73
LH:8
BRDA:25,0,0,0
BRDA:25,0,1,0
BRDA:25,1,0,0
BRDA:25,1,1,0
BRDA:32,2,0,0
BRDA:32,2,1,0
BRDA:40,3,0,0
BRDA:40,3,1,0
BRDA:40,4,0,0
BRDA:40,4,1,0
BRDA:61,5,0,0
BRDA:61,5,1,0
BRDA:97,6,0,0
BRDA:97,6,1,0
BRDA:110,7,0,0
BRDA:114,8,0,0
BRDA:114,8,1,0
BRDA:124,9,0,0
BRDA:124,9,1,0
BRDA:124,10,0,0
BRDA:124,10,1,0
BRDA:168,11,0,0
BRDA:168,11,1,0
BRDA:172,12,0,0
BRDA:172,12,1,0
BRDA:196,13,0,0
BRDA:196,13,1,0
BRDA:216,14,0,0
BRDA:216,14,1,0
BRDA:236,15,0,0
BRDA:237,16,0,0
BRDA:237,16,1,0
BRDA:267,17,0,0
BRDA:267,17,1,0
BRF:34
BRH:0
end_of_record
TN:
SF:src\courses\chapter.controller.js
FN:15,(anonymous_0)
FN:67,(anonymous_1)
FN:84,(anonymous_2)
FN:101,(anonymous_3)
FN:136,(anonymous_4)
FN:169,(anonymous_5)
FN:201,(anonymous_6)
FN:218,(anonymous_7)
FNF:8
FNH:0
FNDA:0,(anonymous_0)
FNDA:0,(anonymous_1)
FNDA:0,(anonymous_2)
FNDA:0,(anonymous_3)
FNDA:0,(anonymous_4)
FNDA:0,(anonymous_5)
FNDA:0,(anonymous_6)
FNDA:0,(anonymous_7)
DA:6,0
DA:7,0
DA:8,0
DA:16,0
DA:17,0
DA:46,0
DA:47,0
DA:48,0
DA:51,0
DA:53,0
DA:58,0
DA:59,0
DA:68,0
DA:69,0
DA:71,0
DA:73,0
DA:75,0
DA:76,0
DA:85,0
DA:86,0
DA:88,0
DA:90,0
DA:92,0
DA:93,0
DA:102,0
DA:103,0
DA:105,0
DA:115,0
DA:116,0
DA:117,0
DA:120,0
DA:122,0
DA:127,0
DA:128,0
DA:137,0
DA:138,0
DA:140,0
DA:148,0
DA:149,0
DA:150,0
DA:153,0
DA:155,0
DA:160,0
DA:161,0
DA:170,0
DA:171,0
DA:173,0
DA:180,0
DA:181,0
DA:182,0
DA:185,0
DA:187,0
DA:192,0
DA:193,0
DA:202,0
DA:203,0
DA:205,0
DA:207,0
DA:209,0
DA:210,0
DA:219,0
DA:220,0
DA:222,0
DA:226,0
DA:227,0
DA:228,0
DA:231,0
DA:233,0
DA:235,0
DA:236,0
DA:241,0
LF:71
LH:0
BRDA:47,0,0,0
BRDA:47,0,1,0
BRDA:116,1,0,0
BRDA:116,1,1,0
BRDA:149,2,0,0
BRDA:149,2,1,0
BRDA:181,3,0,0
BRDA:181,3,1,0
BRDA:227,4,0,0
BRDA:227,4,1,0
BRF:10
BRH:0
end_of_record
TN:
SF:src\courses\chapter.service.js
FN:17,(anonymous_0)
FN:51,(anonymous_1)
FN:69,(anonymous_2)
FN:83,(anonymous_3)
FN:101,(anonymous_4)
FN:120,(anonymous_5)
FN:151,(anonymous_6)
FN:182,(anonymous_7)
FN:189,(anonymous_8)
FN:204,(anonymous_9)
FN:212,(anonymous_10)
FN:227,(anonymous_11)
FN:251,(anonymous_12)
FNF:13
FNH:0
FNDA:0,(anonymous_0)
FNDA:0,(anonymous_1)
FNDA:0,(anonymous_2)
FNDA:0,(anonymous_3)
FNDA:0,(anonymous_4)
FNDA:0,(anonymous_5)
FNDA:0,(anonymous_6)
FNDA:0,(anonymous_7)
FNDA:0,(anonymous_8)
FNDA:0,(anonymous_9)
FNDA:0,(anonymous_10)
FNDA:0,(anonymous_11)
FNDA:0,(anonymous_12)
DA:6,2
DA:7,2
DA:8,2
DA:18,0
DA:21,0
DA:22,0
DA:23,0
DA:27,0
DA:38,0
DA:39,0
DA:41,0
DA:43,0
DA:52,0
DA:57,0
DA:58,0
DA:61,0
DA:70,0
DA:74,0
DA:84,0
DA:86,0
DA:87,0
DA:91,0
DA:101,0
DA:102,0
DA:103,0
DA:107,0
DA:109,0
DA:111,0
DA:121,0
DA:123,0
DA:124,0
DA:127,0
DA:129,0
DA:137,0
DA:139,0
DA:141,0
DA:152,0
DA:154,0
DA:155,0
DA:158,0
DA:160,0
DA:169,0
DA:171,0
DA:173,0
DA:183,0
DA:185,0
DA:186,0
DA:189,0
DA:191,0
DA:193,0
DA:195,0
DA:205,0
DA:207,0
DA:208,0
DA:211,0
DA:212,0
DA:215,0
DA:217,0
DA:219,0
DA:228,0
DA:230,0
DA:231,0
DA:235,0
DA:240,0
DA:242,0
DA:253,0
DA:254,0
DA:257,0
DA:261,2
LF:69
LH:4
BRDA:22,0,0,0
BRDA:22,0,1,0
BRDA:32,1,0,0
BRDA:32,1,1,0
BRDA:33,2,0,0
BRDA:33,2,1,0
BRDA:34,3,0,0
BRDA:34,3,1,0
BRDA:57,4,0,0
BRDA:57,4,1,0
BRDA:86,5,0,0
BRDA:86,5,1,0
BRDA:102,6,0,0
BRDA:102,6,1,0
BRDA:123,7,0,0
BRDA:123,7,1,0
BRDA:133,8,0,0
BRDA:133,8,1,0
BRDA:154,9,0,0
BRDA:154,9,1,0
BRDA:185,10,0,0
BRDA:185,10,1,0
BRDA:207,11,0,0
BRDA:207,11,1,0
BRDA:230,12,0,0
BRDA:230,12,1,0
BRF:26
BRH:0
end_of_record
TN:
SF:src\courses\course.controller.js
FN:15,(anonymous_0)
FN:49,(anonymous_1)
FN:70,(anonymous_2)
FN:87,(anonymous_3)
FN:123,(anonymous_4)
FN:143,(anonymous_5)
FN:163,(anonymous_6)
FN:180,(anonymous_7)
FN:200,(anonymous_8)
FN:215,(anonymous_9)
FNF:10
FNH:1
FNDA:0,(anonymous_0)
FNDA:1,(anonymous_1)
FNDA:0,(anonymous_2)
FNDA:0,(anonymous_3)
FNDA:0,(anonymous_4)
FNDA:0,(anonymous_5)
FNDA:0,(anonymous_6)
FNDA:0,(anonymous_7)
FNDA:0,(anonymous_8)
FNDA:0,(anonymous_9)
DA:6,2
DA:7,2
DA:8,2
DA:16,0
DA:17,0
DA:28,0
DA:29,0
DA:30,0
DA:33,0
DA:35,0
DA:40,0
DA:41,0
DA:50,1
DA:51,1
DA:57,1
DA:59,1
DA:61,0
DA:62,0
DA:71,0
DA:72,0
DA:74,0
DA:76,0
DA:78,0
DA:79,0
DA:88,0
DA:89,0
DA:91,0
DA:102,0
DA:103,0
DA:104,0
DA:107,0
DA:109,0
DA:114,0
DA:115,0
DA:124,0
DA:125,0
DA:127,0
DA:129,0
DA:134,0
DA:135,0
DA:144,0
DA:145,0
DA:147,0
DA:149,0
DA:154,0
DA:155,0
DA:164,0
DA:165,0
DA:167,0
DA:169,0
DA:171,0
DA:172,0
DA:181,0
DA:182,0
DA:184,0
DA:186,0
DA:191,0
DA:192,0
DA:201,0
DA:202,0
DA:204,0
DA:206,0
DA:207,0
DA:216,0
DA:217,0
DA:219,0
DA:221,0
DA:223,0
DA:224,0
DA:229,2
LF:70
LH:8
BRDA:29,0,0,0
BRDA:29,0,1,0
BRDA:54,1,0,0
BRDA:54,1,1,1
BRDA:54,2,0,0
BRDA:54,2,1,1
BRDA:103,3,0,0
BRDA:103,3,1,0
BRF:8
BRH:2
end_of_record
TN:
SF:src\courses\course.service.js
FN:19,(anonymous_0)
FN:43,(anonymous_1)
FN:70,(anonymous_2)
FN:93,(anonymous_3)
FN:108,(anonymous_4)
FN:127,(anonymous_5)
FN:164,(anonymous_6)
FN:185,(anonymous_7)
FN:218,(anonymous_8)
FN:264,(anonymous_9)
FN:275,(anonymous_10)
FN:289,(anonymous_11)
FNF:12
FNH:5
FNDA:2,(anonymous_0)
FNDA:1,(anonymous_1)
FNDA:2,(anonymous_2)
FNDA:0,(anonymous_3)
FNDA:0,(anonymous_4)
FNDA:1,(anonymous_5)
FNDA:0,(anonymous_6)
FNDA:0,(anonymous_7)
FNDA:2,(anonymous_8)
FNDA:0,(anonymous_9)
FNDA:0,(anonymous_10)
FNDA:0,(anonymous_11)
DA:6,3
DA:7,3
DA:8,3
DA:9,3
DA:10,3
DA:20,2
DA:22,2
DA:33,1
DA:35,1
DA:44,1
DA:46,1
DA:47,0
DA:50,1
DA:51,0
DA:54,1
DA:55,0
DA:58,1
DA:62,1
DA:71,2
DA:79,2
DA:80,1
DA:83,1
DA:94,0
DA:96,0
DA:97,0
DA:101,0
DA:103,0
DA:107,0
DA:108,0
DA:109,0
DA:110,0
DA:114,0
DA:116,0
DA:118,0
DA:128,1
DA:130,1
DA:131,0
DA:135,1
DA:136,0
DA:139,1
DA:140,1
DA:142,1
DA:154,1
DA:156,1
DA:165,0
DA:167,0
DA:168,0
DA:171,0
DA:172,0
DA:174,0
DA:176,0
DA:186,0
DA:188,0
DA:189,0
DA:193,0
DA:196,0
DA:198,0
DA:209,0
DA:219,2
DA:221,2
DA:222,0
DA:225,2
DA:226,0
DA:230,2
DA:232,2
DA:233,1
DA:237,1
DA:243,1
DA:254,1
DA:256,1
DA:265,0
DA:275,0
DA:290,0
DA:292,0
DA:293,0
DA:296,0
DA:297,0
DA:298,0
DA:300,0
DA:305,0
DA:315,3
LF:81
LH:38
BRDA:28,0,0,2
BRDA:28,0,1,2
BRDA:43,1,0,0
BRDA:46,2,0,0
BRDA:46,2,1,1
BRDA:50,3,0,0
BRDA:50,3,1,1
BRDA:54,4,0,0
BRDA:54,4,1,1
BRDA:79,5,0,1
BRDA:79,5,1,1
BRDA:96,6,0,0
BRDA:96,6,1,0
BRDA:101,7,0,0
BRDA:101,7,1,0
BRDA:109,8,0,0
BRDA:109,8,1,0
BRDA:130,9,0,0
BRDA:130,9,1,1
BRDA:135,10,0,0
BRDA:135,10,1,1
BRDA:135,11,0,1
BRDA:135,11,1,1
BRDA:167,12,0,0
BRDA:167,12,1,0
BRDA:188,13,0,0
BRDA:188,13,1,0
BRDA:221,14,0,0
BRDA:221,14,1,2
BRDA:225,15,0,0
BRDA:225,15,1,2
BRDA:232,16,0,1
BRDA:232,16,1,1
BRDA:292,17,0,0
BRDA:292,17,1,0
BRDA:309,18,0,0
BRDA:309,18,1,0
BRDA:310,19,0,0
BRDA:310,19,1,0
BRF:39
BRH:15
end_of_record
TN:
SF:src\courses\progress.service.js
FN:18,(anonymous_0)
FN:43,(anonymous_1)
FN:48,(anonymous_2)
FN:71,(anonymous_3)
FN:92,(anonymous_4)
FN:111,(anonymous_5)
FN:137,(anonymous_6)
FN:159,(anonymous_7)
FN:161,(anonymous_8)
FN:173,(anonymous_9)
FN:177,(anonymous_10)
FN:182,(anonymous_11)
FN:200,(anonymous_12)
FN:206,(anonymous_13)
FNF:14
FNH:0
FNDA:0,(anonymous_0)
FNDA:0,(anonymous_1)
FNDA:0,(anonymous_2)
FNDA:0,(anonymous_3)
FNDA:0,(anonymous_4)
FNDA:0,(anonymous_5)
FNDA:0,(anonymous_6)
FNDA:0,(anonymous_7)
FNDA:0,(anonymous_8)
FNDA:0,(anonymous_9)
FNDA:0,(anonymous_10)
FNDA:0,(anonymous_11)
FNDA:0,(anonymous_12)
FNDA:0,(anonymous_13)
DA:6,3
DA:7,3
DA:8,3
DA:9,3
DA:19,0
DA:25,0
DA:27,0
DA:33,0
DA:44,0
DA:47,0
DA:48,0
DA:51,0
DA:52,0
DA:53,0
DA:56,0
DA:58,0
DA:72,0
DA:74,0
DA:75,0
DA:77,0
DA:79,0
DA:93,0
DA:95,0
DA:96,0
DA:98,0
DA:100,0
DA:112,0
DA:114,0
DA:115,0
DA:116,0
DA:118,0
DA:119,0
DA:120,0
DA:123,0
DA:124,0
DA:126,0
DA:128,0
DA:138,0
DA:140,0
DA:141,0
DA:145,0
DA:146,0
DA:150,0
DA:155,0
DA:156,0
DA:159,0
DA:160,0
DA:161,0
DA:165,0
DA:174,0
DA:176,0
DA:177,0
DA:178,0
DA:181,0
DA:182,0
DA:185,0
DA:201,0
DA:206,0
DA:216,3
LF:59
LH:5
BRDA:25,0,0,0
BRDA:25,0,1,0
BRDA:51,1,0,0
BRDA:51,1,1,0
BRDA:118,2,0,0
BRDA:118,2,1,0
BRDA:140,3,0,0
BRDA:140,3,1,0
BRDA:145,4,0,0
BRDA:145,4,1,0
BRDA:145,5,0,0
BRDA:145,5,1,0
BRDA:155,6,0,0
BRDA:155,6,1,0
BRDA:181,7,0,0
BRDA:181,7,1,0
BRDA:190,8,0,0
BRDA:190,8,1,0
BRDA:200,9,0,0
BRF:19
BRH:0
end_of_record
TN:
SF:src\email\email.service.js
FN:10,(anonymous_0)
FN:26,(anonymous_1)
FN:48,(anonymous_2)
FN:75,(anonymous_3)
FN:104,(anonymous_4)
FN:133,(anonymous_5)
FNF:6
FNH:1
FNDA:1,(anonymous_0)
FNDA:0,(anonymous_1)
FNDA:0,(anonymous_2)
FNDA:0,(anonymous_3)
FNDA:0,(anonymous_4)
FNDA:0,(anonymous_5)
DA:6,1
DA:7,1
DA:11,1
DA:27,0
DA:28,0
DA:36,0
DA:37,0
DA:39,0
DA:40,0
DA:49,0
DA:63,0
DA:76,0
DA:78,0
DA:92,0
DA:105,0
DA:107,0
DA:121,0
DA:134,0
DA:136,0
DA:151,0
DA:159,1
LF:21
LH:4
BRF:0
BRH:0
end_of_record
TN:
SF:src\instructor\instructor.controller.js
FN:21,(anonymous_0)
FN:32,(anonymous_1)
FN:40,(anonymous_2)
FN:60,(anonymous_3)
FN:118,(anonymous_4)
FN:164,(anonymous_5)
FN:177,(anonymous_6)
FN:202,(anonymous_7)
FN:220,(anonymous_8)
FN:240,(anonymous_9)
FN:255,(anonymous_10)
FN:258,(anonymous_11)
FN:268,(anonymous_12)
FNF:13
FNH:0
FNDA:0,(anonymous_0)
FNDA:0,(anonymous_1)
FNDA:0,(anonymous_2)
FNDA:0,(anonymous_3)
FNDA:0,(anonymous_4)
FNDA:0,(anonymous_5)
FNDA:0,(anonymous_6)
FNDA:0,(anonymous_7)
FNDA:0,(anonymous_8)
FNDA:0,(anonymous_9)
FNDA:0,(anonymous_10)
FNDA:0,(anonymous_11)
FNDA:0,(anonymous_12)
DA:6,2
DA:7,2
DA:8,2
DA:9,2
DA:10,2
DA:11,2
DA:12,2
DA:13,2
DA:14,2
DA:22,0
DA:24,0
DA:29,0
DA:32,0
DA:33,0
DA:38,0
DA:40,0
DA:45,0
DA:51,0
DA:52,0
DA:61,0
DA:62,0
DA:82,0
DA:83,0
DA:84,0
DA:87,0
DA:99,0
DA:100,0
DA:101,0
DA:105,0
DA:110,0
DA:111,0
DA:119,0
DA:120,0
DA:144,0
DA:145,0
DA:146,0
DA:149,0
DA:151,0
DA:156,0
DA:157,0
DA:165,0
DA:166,0
DA:167,0
DA:169,0
DA:170,0
DA:178,0
DA:179,0
DA:180,0
DA:182,0
DA:183,0
DA:186,0
DA:187,0
DA:188,0
DA:190,0
DA:191,0
DA:194,0
DA:195,0
DA:203,0
DA:204,0
DA:205,0
DA:206,0
DA:207,0
DA:209,0
DA:210,0
DA:212,0
DA:213,0
DA:221,0
DA:222,0
DA:223,0
DA:224,0
DA:225,0
DA:227,0
DA:230,0
DA:232,0
DA:233,0
DA:241,0
DA:242,0
DA:245,0
DA:247,0
DA:248,0
DA:256,0
DA:257,0
DA:258,0
DA:259,0
DA:262,0
DA:267,0
DA:269,0
DA:270,0
DA:278,0
DA:288,0
DA:289,0
DA:294,2
LF:92
LH:10
BRDA:83,0,0,0
BRDA:83,0,1,0
BRDA:99,1,0,0
BRDA:99,1,1,0
BRDA:99,2,0,0
BRDA:99,2,1,0
BRDA:145,3,0,0
BRDA:145,3,1,0
BRDA:182,4,0,0
BRDA:182,4,1,0
BRDA:186,5,0,0
BRDA:186,5,1,0
BRDA:206,6,0,0
BRDA:206,6,1,0
BRDA:206,7,0,0
BRDA:206,7,1,0
BRDA:224,8,0,0
BRDA:224,8,1,0
BRDA:224,9,0,0
BRDA:224,9,1,0
BRDA:283,10,0,0
BRDA:283,10,1,0
BRF:22
BRH:0
end_of_record
TN:
SF:src\integrations\slack.service.js
FN:10,(anonymous_0)
FN:19,(anonymous_1)
FN:38,(anonymous_2)
FN:67,(anonymous_3)
FN:99,(anonymous_4)
FN:127,(anonymous_5)
FNF:6
FNH:0
FNDA:0,(anonymous_0)
FNDA:0,(anonymous_1)
FNDA:0,(anonymous_2)
FNDA:0,(anonymous_3)
FNDA:0,(anonymous_4)
FNDA:0,(anonymous_5)
DA:6,0
DA:7,0
DA:11,0
DA:12,0
DA:20,0
DA:21,0
DA:22,0
DA:25,0
DA:26,0
DA:27,0
DA:29,0
DA:39,0
DA:68,0
DA:100,0
DA:128,0
DA:156,0
LF:16
LH:0
BRDA:20,0,0,0
BRDA:20,0,1,0
BRF:2
BRH:0
end_of_record
TN:
SF:src\labs\lab.controller.js
FN:15,(anonymous_0)
FN:63,(anonymous_1)
FN:80,(anonymous_2)
FN:100,(anonymous_3)
FN:128,(anonymous_4)
FN:158,(anonymous_5)
FN:175,(anonymous_6)
FN:192,(anonymous_7)
FN:237,(anonymous_8)
FN:257,(anonymous_9)
FNF:10
FNH:0
FNDA:0,(anonymous_0)
FNDA:0,(anonymous_1)
FNDA:0,(anonymous_2)
FNDA:0,(anonymous_3)
FNDA:0,(anonymous_4)
FNDA:0,(anonymous_5)
FNDA:0,(anonymous_6)
FNDA:0,(anonymous_7)
FNDA:0,(anonymous_8)
FNDA:0,(anonymous_9)
DA:6,2
DA:7,2
DA:8,2
DA:16,0
DA:17,0
DA:42,0
DA:43,0
DA:44,0
DA:47,0
DA:49,0
DA:54,0
DA:55,0
DA:64,0
DA:65,0
DA:67,0
DA:69,0
DA:71,0
DA:72,0
DA:81,0
DA:82,0
DA:84,0
DA:86,0
DA:91,0
DA:92,0
DA:101,0
DA:102,0
DA:104,0
DA:110,0
DA:111,0
DA:112,0
DA:115,0
DA:117,0
DA:119,0
DA:120,0
DA:129,0
DA:130,0
DA:132,0
DA:137,0
DA:138,0
DA:139,0
DA:142,0
DA:144,0
DA:149,0
DA:150,0
DA:159,0
DA:160,0
DA:162,0
DA:164,0
DA:166,0
DA:167,0
DA:176,0
DA:177,0
DA:179,0
DA:181,0
DA:183,0
DA:184,0
DA:193,0
DA:194,0
DA:196,0
DA:216,0
DA:217,0
DA:218,0
DA:221,0
DA:223,0
DA:228,0
DA:229,0
DA:238,0
DA:239,0
DA:241,0
DA:243,0
DA:248,0
DA:249,0
DA:258,0
DA:259,0
DA:261,0
DA:263,0
DA:265,0
DA:266,0
DA:271,2
LF:79
LH:4
BRDA:43,0,0,0
BRDA:43,0,1,0
BRDA:111,1,0,0
BRDA:111,1,1,0
BRDA:138,2,0,0
BRDA:138,2,1,0
BRDA:145,3,0,0
BRDA:145,3,1,0
BRDA:217,4,0,0
BRDA:217,4,1,0
BRF:10
BRH:0
end_of_record
TN:
SF:src\labs\lab.service.js
FN:19,(anonymous_0)
FN:65,(anonymous_1)
FN:76,(anonymous_2)
FN:78,(anonymous_3)
FN:91,(anonymous_4)
FN:126,(anonymous_5)
FN:145,(anonymous_6)
FN:211,(anonymous_7)
FN:216,(anonymous_8)
FN:242,(anonymous_9)
FN:269,(anonymous_10)
FN:338,(anonymous_11)
FN:344,(anonymous_12)
FN:362,(anonymous_13)
FN:374,(anonymous_14)
FN:403,(anonymous_15)
FN:428,(anonymous_16)
FN:447,(anonymous_17)
FN:472,(anonymous_18)
FN:495,(anonymous_19)
FN:508,(anonymous_20)
FNF:21
FNH:0
FNDA:0,(anonymous_0)
FNDA:0,(anonymous_1)
FNDA:0,(anonymous_2)
FNDA:0,(anonymous_3)
FNDA:0,(anonymous_4)
FNDA:0,(anonymous_5)
FNDA:0,(anonymous_6)
FNDA:0,(anonymous_7)
FNDA:0,(anonymous_8)
FNDA:0,(anonymous_9)
FNDA:0,(anonymous_10)
FNDA:0,(anonymous_11)
FNDA:0,(anonymous_12)
FNDA:0,(anonymous_13)
FNDA:0,(anonymous_14)
FNDA:0,(anonymous_15)
FNDA:0,(anonymous_16)
FNDA:0,(anonymous_17)
FNDA:0,(anonymous_18)
FNDA:0,(anonymous_19)
FNDA:0,(anonymous_20)
DA:6,2
DA:7,2
DA:8,2
DA:9,2
DA:10,2
DA:33,0
DA:36,0
DA:38,0
DA:55,0
DA:57,0
DA:67,0
DA:69,0
DA:70,0
DA:71,0
DA:75,0
DA:76,0
DA:77,0
DA:78,0
DA:79,0
DA:85,0
DA:86,0
DA:87,0
DA:90,0
DA:91,0
DA:92,0
DA:96,0
DA:97,0
DA:98,0
DA:102,0
DA:103,0
DA:104,0
DA:108,0
DA:109,0
DA:110,0
DA:114,0
DA:115,0
DA:116,0
DA:127,0
DA:132,0
DA:133,0
DA:136,0
DA:146,0
DA:148,0
DA:149,0
DA:152,0
DA:153,0
DA:157,0
DA:162,0
DA:163,0
DA:167,0
DA:170,0
DA:179,0
DA:181,0
DA:183,0
DA:212,0
DA:215,0
DA:216,0
DA:217,0
DA:218,0
DA:219,0
DA:223,0
DA:224,0
DA:225,0
DA:226,0
DA:229,0
DA:230,0
DA:233,0
DA:243,0
DA:245,0
DA:246,0
DA:249,0
DA:251,0
DA:257,0
DA:259,0
DA:270,0
DA:272,0
DA:273,0
DA:276,0
DA:277,0
DA:280,0
DA:281,0
DA:284,0
DA:287,0
DA:289,0
DA:290,0
DA:291,0
DA:292,0
DA:295,0
DA:296,0
DA:297,0
DA:298,0
DA:299,0
DA:301,0
DA:304,0
DA:305,0
DA:315,0
DA:319,0
DA:339,0
DA:344,0
DA:345,0
DA:346,0
DA:353,0
DA:363,0
DA:366,0
DA:375,0
DA:376,0
DA:377,0
DA:379,0
DA:384,0
DA:386,0
DA:404,0
DA:406,0
DA:407,0
DA:411,0
DA:412,0
DA:416,0
DA:428,0
DA:429,0
DA:430,0
DA:434,0
DA:436,0
DA:438,0
DA:448,0
DA:450,0
DA:451,0
DA:454,0
DA:455,0
DA:456,0
DA:458,0
DA:460,0
DA:462,0
DA:473,0
DA:475,0
DA:476,0
DA:479,0
DA:480,0
DA:481,0
DA:482,0
DA:484,0
DA:486,0
DA:488,0
DA:496,0
DA:501,0
DA:509,0
DA:511,0
DA:512,0
DA:516,0
DA:519,0
DA:521,0
DA:525,2
LF:150
LH:6
BRDA:46,0,0,0
BRDA:46,0,1,0
BRDA:47,1,0,0
BRDA:47,1,1,0
BRDA:49,2,0,0
BRDA:49,2,1,0
BRDA:50,3,0,0
BRDA:50,3,1,0
BRDA:69,4,0,0
BRDA:69,4,1,0
BRDA:70,5,0,0
BRDA:70,5,1,0
BRDA:75,6,0,0
BRDA:75,6,1,0
BRDA:78,7,0,0
BRDA:78,7,1,0
BRDA:85,8,0,0
BRDA:85,8,1,0
BRDA:86,9,0,0
BRDA:86,9,1,0
BRDA:91,10,0,0
BRDA:91,10,1,0
BRDA:96,11,0,0
BRDA:96,11,1,0
BRDA:97,12,0,0
BRDA:97,12,1,0
BRDA:102,13,0,0
BRDA:102,13,1,0
BRDA:103,14,0,0
BRDA:103,14,1,0
BRDA:108,15,0,0
BRDA:108,15,1,0
BRDA:109,16,0,0
BRDA:109,16,1,0
BRDA:114,17,0,0
BRDA:114,17,1,0
BRDA:115,18,0,0
BRDA:115,18,1,0
BRDA:132,19,0,0
BRDA:132,19,1,0
BRDA:148,20,0,0
BRDA:148,20,1,0
BRDA:152,21,0,0
BRDA:152,21,1,0
BRDA:162,22,0,0
BRDA:162,22,1,0
BRDA:215,23,0,0
BRDA:215,23,1,0
BRDA:223,24,0,0
BRDA:223,24,1,0
BRDA:229,25,0,0
BRDA:229,25,1,0
BRDA:245,26,0,0
BRDA:245,26,1,0
BRDA:254,27,0,0
BRDA:254,27,1,0
BRDA:272,28,0,0
BRDA:272,28,1,0
BRDA:276,29,0,0
BRDA:276,29,1,0
BRDA:280,30,0,0
BRDA:280,30,1,0
BRDA:296,31,0,0
BRDA:296,31,1,0
BRDA:304,32,0,0
BRDA:304,32,1,0
BRDA:340,33,0,0
BRDA:340,33,1,0
BRDA:349,34,0,0
BRDA:349,34,1,0
BRDA:391,35,0,0
BRDA:391,35,1,0
BRDA:392,36,0,0
BRDA:392,36,1,0
BRDA:406,37,0,0
BRDA:406,37,1,0
BRDA:411,38,0,0
BRDA:411,38,1,0
BRDA:412,39,0,0
BRDA:412,39,1,0
BRDA:429,40,0,0
BRDA:429,40,1,0
BRDA:450,41,0,0
BRDA:450,41,1,0
BRDA:475,42,0,0
BRDA:475,42,1,0
BRDA:511,43,0,0
BRDA:511,43,1,0
BRF:88
BRH:0
end_of_record
TN:
SF:src\middleware\auth.middleware.js
FN:15,(anonymous_0)
FN:70,(anonymous_1)
FN:71,(anonymous_2)
FN:108,(anonymous_3)
FN:144,(anonymous_4)
FN:157,(anonymous_5)
FNF:6
FNH:1
FNDA:0,(anonymous_0)
FNDA:40,(anonymous_1)
FNDA:0,(anonymous_2)
FNDA:0,(anonymous_3)
FNDA:0,(anonymous_4)
FNDA:0,(anonymous_5)
DA:6,2
DA:7,2
DA:8,2
DA:9,2
DA:15,2
DA:16,0
DA:18,0
DA:20,0
DA:21,0
DA:22,0
DA:23,0
DA:26,0
DA:27,0
DA:31,0
DA:34,0
DA:36,0
DA:37,0
DA:41,0
DA:42,0
DA:46,0
DA:54,0
DA:56,0
DA:58,0
DA:59,0
DA:62,0
DA:70,2
DA:71,40
DA:72,0
DA:73,0
DA:74,0
DA:77,0
DA:79,0
DA:93,0
DA:96,0
DA:98,0
DA:99,0
DA:108,2
DA:109,0
DA:110,0
DA:112,0
DA:113,0
DA:114,0
DA:115,0
DA:118,0
DA:119,0
DA:120,0
DA:122,0
DA:123,0
DA:133,0
DA:136,0
DA:144,2
DA:145,0
DA:148,0
DA:150,0
DA:157,2
DA:158,0
DA:159,0
DA:160,0
DA:163,0
DA:165,0
DA:166,0
DA:172,0
DA:174,0
DA:175,0
DA:179,2
LF:65
LH:11
BRDA:20,0,0,0
BRDA:20,0,1,0
BRDA:20,1,0,0
BRDA:20,1,1,0
BRDA:22,2,0,0
BRDA:22,2,1,0
BRDA:22,3,0,0
BRDA:22,3,1,0
BRDA:26,4,0,0
BRDA:26,4,1,0
BRDA:36,5,0,0
BRDA:36,5,1,0
BRDA:41,6,0,0
BRDA:41,6,1,0
BRDA:58,7,0,0
BRDA:58,7,1,0
BRDA:73,8,0,0
BRDA:73,8,1,0
BRDA:77,9,0,0
BRDA:77,9,1,0
BRDA:112,10,0,0
BRDA:112,10,1,0
BRDA:112,11,0,0
BRDA:112,11,1,0
BRDA:114,12,0,0
BRDA:114,12,1,0
BRDA:114,13,0,0
BRDA:114,13,1,0
BRDA:118,14,0,0
BRDA:118,14,1,0
BRDA:122,15,0,0
BRDA:122,15,1,0
BRDA:122,16,0,0
BRDA:122,16,1,0
BRDA:159,17,0,0
BRDA:159,17,1,0
BRDA:165,18,0,0
BRDA:165,18,1,0
BRDA:165,19,0,0
BRDA:165,19,1,0
BRF:40
BRH:0
end_of_record
TN:
SF:src\middleware\error.middleware.js
FN:10,(anonymous_0)
FN:22,(anonymous_1)
FN:31,(anonymous_2)
FN:58,(anonymous_3)
FNF:4
FNH:0
FNDA:0,(anonymous_0)
FNDA:0,(anonymous_1)
FNDA:0,(anonymous_2)
FNDA:0,(anonymous_3)
DA:11,0
DA:12,0
DA:13,0
DA:14,0
DA:22,2
DA:23,0
DA:24,0
DA:31,2
DA:32,0
DA:33,0
DA:36,0
DA:44,0
DA:45,0
DA:46,0
DA:50,0
DA:51,0
DA:52,0
DA:53,0
DA:57,0
DA:58,0
DA:59,0
DA:63,0
DA:64,0
DA:65,0
DA:68,0
DA:69,0
DA:70,0
DA:74,0
DA:81,2
LF:29
LH:3
BRDA:44,0,0,0
BRDA:44,0,1,0
BRDA:50,1,0,0
BRDA:50,1,1,0
BRDA:57,2,0,0
BRDA:57,2,1,0
BRDA:63,3,0,0
BRDA:63,3,1,0
BRDA:68,4,0,0
BRDA:68,4,1,0
BRDA:74,5,0,0
BRDA:74,5,1,0
BRDA:76,6,0,0
BRDA:76,6,1,0
BRDA:77,7,0,0
BRDA:77,7,1,0
BRF:16
BRH:0
end_of_record
TN:
SF:src\middleware\rateLimiter.middleware.js
FN:18,(anonymous_0)
FN:37,(anonymous_1)
FN:55,(anonymous_2)
FN:72,(anonymous_3)
FN:88,(anonymous_4)
FN:92,(anonymous_5)
FNF:6
FNH:0
FNDA:0,(anonymous_0)
FNDA:0,(anonymous_1)
FNDA:0,(anonymous_2)
FNDA:0,(anonymous_3)
FNDA:0,(anonymous_4)
FNDA:0,(anonymous_5)
DA:6,2
DA:12,2
DA:20,0
DA:21,0
DA:32,2
DA:39,0
DA:40,0
DA:51,2
DA:56,0
DA:57,0
DA:68,2
DA:73,0
DA:74,0
DA:85,2
DA:90,0
DA:93,0
DA:100,2
LF:17
LH:7
BRDA:90,0,0,0
BRDA:90,0,1,0
BRF:2
BRH:0
end_of_record
TN:
SF:src\middleware\security.js
FN:15,(anonymous_0)
FN:24,(anonymous_1)
FN:30,(anonymous_2)
FN:41,(anonymous_3)
FN:44,(anonymous_4)
FN:53,(anonymous_5)
FN:60,(anonymous_6)
FN:69,(anonymous_7)
FN:85,(anonymous_8)
FN:109,(anonymous_9)
FN:110,(anonymous_10)
FN:128,(anonymous_11)
FN:154,(anonymous_12)
FN:185,parseSize
FNF:14
FNH:0
FNDA:0,(anonymous_0)
FNDA:0,(anonymous_1)
FNDA:0,(anonymous_2)
FNDA:0,(anonymous_3)
FNDA:0,(anonymous_4)
FNDA:0,(anonymous_5)
FNDA:0,(anonymous_6)
FNDA:0,(anonymous_7)
FNDA:0,(anonymous_8)
FNDA:0,(anonymous_9)
FNDA:0,(anonymous_10)
FNDA:0,(anonymous_11)
FNDA:0,(anonymous_12)
FNDA:0,parseSize
DA:6,0
DA:7,0
DA:8,0
DA:9,0
DA:10,0
DA:15,0
DA:16,0
DA:18,0
DA:25,0
DA:26,0
DA:32,0
DA:33,0
DA:41,0
DA:42,0
DA:45,0
DA:53,0
DA:54,0
DA:60,0
DA:61,0
DA:69,0
DA:70,0
DA:79,0
DA:85,0
DA:86,0
DA:92,0
DA:94,0
DA:95,0
DA:96,0
DA:97,0
DA:103,0
DA:109,0
DA:110,0
DA:111,0
DA:112,0
DA:114,0
DA:115,0
DA:116,0
DA:121,0
DA:128,0
DA:129,0
DA:130,0
DA:132,0
DA:133,0
DA:134,0
DA:139,0
DA:140,0
DA:141,0
DA:146,0
DA:152,0
DA:154,0
DA:155,0
DA:156,0
DA:157,0
DA:158,0
DA:160,0
DA:161,0
DA:162,0
DA:165,0
DA:167,0
DA:168,0
DA:169,0
DA:172,0
DA:174,0
DA:175,0
DA:176,0
DA:181,0
DA:186,0
DA:187,0
DA:188,0
DA:189,0
DA:192,0
LF:71
LH:0
BRDA:27,0,0,0
BRDA:27,0,1,0
BRDA:32,1,0,0
BRDA:32,1,1,0
BRDA:95,2,0,0
BRDA:95,2,1,0
BRDA:109,3,0,0
BRDA:111,4,0,0
BRDA:111,4,1,0
BRDA:114,5,0,0
BRDA:114,5,1,0
BRDA:129,6,0,0
BRDA:129,6,1,0
BRDA:130,7,0,0
BRDA:130,7,1,0
BRDA:132,8,0,0
BRDA:132,8,1,0
BRDA:139,9,0,0
BRDA:139,9,1,0
BRDA:139,10,0,0
BRDA:139,10,1,0
BRDA:160,11,0,0
BRDA:160,11,1,0
BRDA:167,12,0,0
BRDA:167,12,1,0
BRDA:174,13,0,0
BRDA:174,13,1,0
BRDA:188,14,0,0
BRDA:188,14,1,0
BRF:29
BRH:0
end_of_record
TN:
SF:src\models\AuditLog.js
FN:59,(anonymous_0)
FNF:1
FNH:0
FNDA:0,(anonymous_0)
DA:1,4
DA:3,4
DA:50,4
DA:51,4
DA:52,4
DA:53,4
DA:56,4
DA:59,4
DA:60,0
DA:74,4
LF:10
LH:9
BRDA:68,0,0,0
BRDA:68,0,1,0
BRDA:69,1,0,0
BRDA:69,1,1,0
BRF:4
BRH:0
end_of_record
TN:
SF:src\models\Certificate.js
FN:19,(anonymous_0)
FN:88,(anonymous_1)
FNF:2
FNH:0
FNDA:0,(anonymous_0)
FNDA:0,(anonymous_1)
DA:1,2
DA:2,2
DA:4,2
DA:19,0
DA:82,2
DA:83,2
DA:84,2
DA:85,2
DA:88,2
DA:89,0
DA:90,0
DA:91,0
DA:92,0
DA:93,0
DA:96,2
LF:15
LH:9
BRF:0
BRH:0
end_of_record
TN:
SF:src\models\Chapter.js
FN:91,(anonymous_0)
FN:93,(anonymous_1)
FNF:2
FNH:0
FNDA:0,(anonymous_0)
FNDA:0,(anonymous_1)
DA:1,4
DA:3,4
DA:87,4
DA:88,4
DA:91,4
DA:92,0
DA:93,0
DA:96,4
LF:8
LH:6
BRDA:92,0,0,0
BRDA:92,0,1,0
BRDA:92,1,0,0
BRDA:92,1,1,0
BRDA:93,2,0,0
BRDA:93,2,1,0
BRF:6
BRH:0
end_of_record
TN:
SF:src\models\Course.js
FN:63,(anonymous_0)
FNF:1
FNH:0
FNDA:0,(anonymous_0)
DA:1,4
DA:3,4
DA:58,4
DA:59,4
DA:60,4
DA:63,4
DA:64,0
DA:67,4
LF:8
LH:7
BRDA:64,0,0,0
BRDA:64,0,1,0
BRF:2
BRH:0
end_of_record
TN:
SF:src\models\Lab.js
FNF:0
FNH:0
DA:1,2
DA:3,2
DA:109,2
DA:110,2
DA:111,2
DA:113,2
LF:6
LH:6
BRF:0
BRH:0
end_of_record
TN:
SF:src\models\LabSimulation.js
FN:19,(anonymous_0)
FN:102,(anonymous_1)
FNF:2
FNH:0
FNDA:0,(anonymous_0)
FNDA:0,(anonymous_1)
DA:1,2
DA:2,2
DA:4,2
DA:19,0
DA:96,2
DA:98,2
DA:99,2
DA:102,2
DA:103,0
DA:104,0
DA:106,0
DA:109,2
LF:12
LH:8
BRDA:103,0,0,0
BRDA:103,0,1,0
BRDA:103,1,0,0
BRDA:103,1,1,0
BRDA:103,1,2,0
BRF:5
BRH:0
end_of_record
TN:
SF:src\models\Progress.js
FN:105,(anonymous_0)
FN:107,(anonymous_1)
FN:119,(anonymous_2)
FN:132,(anonymous_3)
FN:145,(anonymous_4)
FN:153,(anonymous_5)
FN:154,(anonymous_6)
FNF:7
FNH:0
FNDA:0,(anonymous_0)
FNDA:0,(anonymous_1)
FNDA:0,(anonymous_2)
FNDA:0,(anonymous_3)
FNDA:0,(anonymous_4)
FNDA:0,(anonymous_5)
FNDA:0,(anonymous_6)
DA:1,4
DA:3,4
DA:100,4
DA:101,4
DA:102,4
DA:105,4
DA:106,0
DA:107,0
DA:110,0
DA:111,0
DA:112,0
DA:115,0
DA:119,4
DA:120,0
DA:127,0
DA:128,0
DA:132,4
DA:133,0
DA:140,0
DA:141,0
DA:145,4
DA:146,0
DA:147,0
DA:149,0
DA:151,0
DA:152,0
DA:153,0
DA:154,0
DA:157,0
DA:158,0
DA:159,0
DA:160,0
DA:162,0
DA:164,0
DA:167,4
LF:35
LH:10
BRDA:110,0,0,0
BRDA:110,0,1,0
BRDA:149,1,0,0
BRDA:149,1,1,0
BRDA:157,2,0,0
BRDA:157,2,1,0
BRDA:158,3,0,0
BRDA:158,3,1,0
BRDA:160,4,0,0
BRDA:160,4,1,0
BRF:10
BRH:0
end_of_record
TN:
SF:src\models\Quiz.js
FN:33,(anonymous_0)
FN:93,(anonymous_1)
FN:95,(anonymous_2)
FN:99,(anonymous_3)
FNF:4
FNH:0
FNDA:0,(anonymous_0)
FNDA:0,(anonymous_1)
FNDA:0,(anonymous_2)
FNDA:0,(anonymous_3)
DA:1,3
DA:3,3
DA:34,0
DA:88,3
DA:89,3
DA:90,3
DA:93,3
DA:94,0
DA:95,0
DA:99,3
DA:100,0
DA:103,3
LF:12
LH:8
BRDA:34,0,0,0
BRDA:34,0,1,0
BRDA:94,1,0,0
BRDA:94,1,1,0
BRDA:94,2,0,0
BRDA:94,2,1,0
BRDA:95,3,0,0
BRDA:95,3,1,0
BRDA:100,4,0,0
BRDA:100,4,1,0
BRF:10
BRH:0
end_of_record
TN:
SF:src\models\QuizResponse.js
FN:73,(anonymous_0)
FNF:1
FNH:0
FNDA:0,(anonymous_0)
DA:1,3
DA:3,3
DA:68,3
DA:69,3
DA:70,3
DA:73,3
DA:74,0
DA:75,0
DA:77,0
DA:80,3
LF:10
LH:7
BRDA:74,0,0,0
BRDA:74,0,1,0
BRDA:74,1,0,0
BRDA:74,1,1,0
BRF:4
BRH:0
end_of_record
TN:
SF:src\models\Session.js
FN:52,(anonymous_0)
FN:57,(anonymous_1)
FN:63,(anonymous_2)
FN:71,(anonymous_3)
FNF:4
FNH:0
FNDA:0,(anonymous_0)
FNDA:0,(anonymous_1)
FNDA:0,(anonymous_2)
FNDA:0,(anonymous_3)
DA:1,3
DA:3,3
DA:47,3
DA:48,3
DA:52,3
DA:53,0
DA:57,3
DA:58,0
DA:59,0
DA:63,3
DA:64,0
DA:71,3
DA:72,0
DA:75,3
LF:14
LH:9
BRDA:53,0,0,0
BRDA:53,0,1,0
BRF:2
BRH:0
end_of_record
TN:
SF:src\models\User.js
FN:110,(anonymous_0)
FN:115,(anonymous_1)
FN:120,(anonymous_2)
FN:143,(anonymous_3)
FNF:4
FNH:0
FNDA:0,(anonymous_0)
FNDA:0,(anonymous_1)
FNDA:0,(anonymous_2)
FNDA:0,(anonymous_3)
DA:1,3
DA:3,3
DA:106,3
DA:107,3
DA:110,3
DA:111,0
DA:115,3
DA:116,0
DA:120,3
DA:122,0
DA:123,0
DA:129,0
DA:132,0
DA:133,0
DA:139,0
DA:143,3
DA:144,0
DA:150,3
LF:18
LH:9
BRDA:116,0,0,0
BRDA:116,0,1,0
BRDA:116,0,2,0
BRDA:122,1,0,0
BRDA:122,1,1,0
BRDA:122,2,0,0
BRDA:122,2,1,0
BRDA:132,3,0,0
BRDA:132,3,1,0
BRF:9
BRH:0
end_of_record
TN:
SF:src\notifications\notification.service.js
FN:11,(anonymous_0)
FN:20,(anonymous_1)
FN:29,(anonymous_2)
FN:48,(anonymous_3)
FN:52,(anonymous_4)
FN:67,(anonymous_5)
FN:84,(anonymous_6)
FN:85,(anonymous_7)
FN:95,(anonymous_8)
FN:108,(anonymous_9)
FN:122,(anonymous_10)
FN:138,(anonymous_11)
FN:152,(anonymous_12)
FNF:13
FNH:0
FNDA:0,(anonymous_0)
FNDA:0,(anonymous_1)
FNDA:0,(anonymous_2)
FNDA:0,(anonymous_3)
FNDA:0,(anonymous_4)
FNDA:0,(anonymous_5)
FNDA:0,(anonymous_6)
FNDA:0,(anonymous_7)
FNDA:0,(anonymous_8)
FNDA:0,(anonymous_9)
FNDA:0,(anonymous_10)
FNDA:0,(anonymous_11)
FNDA:0,(anonymous_12)
DA:6,0
DA:7,0
DA:8,0
DA:12,0
DA:13,0
DA:21,0
DA:29,0
DA:30,0
DA:32,0
DA:33,0
DA:36,0
DA:37,0
DA:40,0
DA:41,0
DA:43,0
DA:48,0
DA:49,0
DA:50,0
DA:52,0
DA:53,0
DA:54,0
DA:58,0
DA:68,0
DA:69,0
DA:70,0
DA:85,0
DA:86,0
DA:96,0
DA:109,0
DA:123,0
DA:139,0
DA:153,0
DA:164,0
LF:33
LH:0
BRDA:32,0,0,0
BRDA:32,0,1,0
BRDA:69,1,0,0
BRDA:69,1,1,0
BRDA:124,2,0,0
BRDA:124,2,1,0
BRDA:154,3,0,0
BRDA:154,3,1,0
BRF:8
BRH:0
end_of_record
TN:
SF:src\quizzes\quiz.controller.js
FN:15,(anonymous_0)
FN:63,(anonymous_1)
FN:85,(anonymous_2)
FN:102,(anonymous_3)
FN:143,(anonymous_4)
FN:160,(anonymous_5)
FN:177,(anonymous_6)
FN:223,(anonymous_7)
FNF:8
FNH:0
FNDA:0,(anonymous_0)
FNDA:0,(anonymous_1)
FNDA:0,(anonymous_2)
FNDA:0,(anonymous_3)
FNDA:0,(anonymous_4)
FNDA:0,(anonymous_5)
FNDA:0,(anonymous_6)
FNDA:0,(anonymous_7)
DA:6,2
DA:7,2
DA:8,2
DA:16,0
DA:17,0
DA:42,0
DA:43,0
DA:44,0
DA:47,0
DA:49,0
DA:54,0
DA:55,0
DA:64,0
DA:65,0
DA:66,0
DA:70,0
DA:72,0
DA:74,0
DA:76,0
DA:77,0
DA:86,0
DA:87,0
DA:89,0
DA:91,0
DA:93,0
DA:94,0
DA:103,0
DA:104,0
DA:106,0
DA:117,0
DA:118,0
DA:119,0
DA:122,0
DA:129,0
DA:134,0
DA:135,0
DA:144,0
DA:145,0
DA:147,0
DA:149,0
DA:151,0
DA:152,0
DA:161,0
DA:162,0
DA:164,0
DA:166,0
DA:168,0
DA:169,0
DA:178,0
DA:179,0
DA:181,0
DA:202,0
DA:203,0
DA:204,0
DA:207,0
DA:209,0
DA:214,0
DA:215,0
DA:224,0
DA:225,0
DA:227,0
DA:229,0
DA:231,0
DA:232,0
DA:237,2
LF:65
LH:4
BRDA:43,0,0,0
BRDA:43,0,1,0
BRDA:70,1,0,0
BRDA:70,1,1,0
BRDA:118,2,0,0
BRDA:118,2,1,0
BRDA:130,3,0,0
BRDA:130,3,1,0
BRDA:203,4,0,0
BRDA:203,4,1,0
BRF:10
BRH:0
end_of_record
TN:
SF:src\quizzes\quiz.service.js
FN:18,(anonymous_0)
FN:64,(anonymous_1)
FN:77,(anonymous_2)
FN:95,(anonymous_3)
FN:131,(anonymous_4)
FN:166,(anonymous_5)
FN:189,(anonymous_6)
FN:202,(anonymous_7)
FN:251,(anonymous_8)
FN:270,(anonymous_9)
FN:282,(anonymous_10)
FN:309,(anonymous_11)
FN:328,(anonymous_12)
FN:346,(anonymous_13)
FN:367,(anonymous_14)
FNF:15
FNH:10
FNDA:2,(anonymous_0)
FNDA:2,(anonymous_1)
FNDA:2,(anonymous_2)
FNDA:2,(anonymous_3)
FNDA:1,(anonymous_4)
FNDA:2,(anonymous_5)
FNDA:5,(anonymous_6)
FNDA:5,(anonymous_7)
FNDA:0,(anonymous_8)
FNDA:1,(anonymous_9)
FNDA:0,(anonymous_10)
FNDA:0,(anonymous_11)
FNDA:0,(anonymous_12)
FNDA:0,(anonymous_13)
FNDA:2,(anonymous_14)
DA:6,3
DA:7,3
DA:8,3
DA:9,3
DA:31,2
DA:34,2
DA:35,0
DA:38,2
DA:53,2
DA:55,2
DA:65,2
DA:70,2
DA:71,0
DA:75,2
DA:76,2
DA:77,2
DA:83,2
DA:86,0
DA:96,2
DA:99,2
DA:104,2
DA:106,1
DA:107,0
DA:110,0
DA:112,0
DA:113,0
DA:115,0
DA:116,0
DA:122,1
DA:127,1
DA:128,1
DA:131,1
DA:132,1
DA:133,1
DA:140,1
DA:167,2
DA:169,2
DA:170,0
DA:174,2
DA:179,2
DA:180,0
DA:184,2
DA:185,0
DA:189,2
DA:190,5
DA:191,5
DA:192,5
DA:194,5
DA:202,5
DA:203,2
DA:204,2
DA:205,2
DA:208,2
DA:221,2
DA:222,0
DA:232,2
DA:237,2
DA:250,2
DA:251,0
DA:261,2
DA:271,1
DA:274,1
DA:283,0
DA:284,0
DA:286,0
DA:291,0
DA:293,0
DA:310,0
DA:312,0
DA:313,0
DA:317,0
DA:328,0
DA:329,0
DA:330,0
DA:334,0
DA:336,0
DA:338,0
DA:347,0
DA:349,0
DA:350,0
DA:354,0
DA:357,0
DA:359,0
DA:368,2
DA:369,2
DA:370,3
DA:371,3
DA:373,2
DA:377,3
LF:89
LH:54
BRDA:34,0,0,0
BRDA:34,0,1,2
BRDA:34,1,0,2
BRDA:34,1,1,2
BRDA:45,2,0,2
BRDA:45,2,1,1
BRDA:47,3,0,2
BRDA:47,3,1,2
BRDA:48,4,0,1
BRDA:48,4,1,1
BRDA:49,5,0,0
BRDA:49,5,1,2
BRDA:64,6,0,0
BRDA:70,7,0,0
BRDA:70,7,1,2
BRDA:75,8,0,2
BRDA:75,8,1,0
BRDA:104,9,0,1
BRDA:104,9,1,1
BRDA:106,10,0,0
BRDA:106,10,1,1
BRDA:110,11,0,0
BRDA:110,11,1,0
BRDA:115,12,0,0
BRDA:115,12,1,0
BRDA:127,13,0,1
BRDA:127,13,1,0
BRDA:169,14,0,0
BRDA:169,14,1,2
BRDA:179,15,0,0
BRDA:179,15,1,2
BRDA:184,16,0,0
BRDA:184,16,1,2
BRDA:192,17,0,3
BRDA:192,17,1,2
BRDA:221,18,0,0
BRDA:221,18,1,2
BRDA:250,19,0,0
BRDA:250,19,1,2
BRDA:297,20,0,0
BRDA:297,20,1,0
BRDA:298,21,0,0
BRDA:298,21,1,0
BRDA:312,22,0,0
BRDA:312,22,1,0
BRDA:329,23,0,0
BRDA:329,23,1,0
BRDA:349,24,0,0
BRDA:349,24,1,0
BRF:49
BRH:23
end_of_record
TN:
SF:src\routes\admin.routes.js
FNF:0
FNH:0
DA:6,2
DA:7,2
DA:8,2
DA:9,2
DA:12,2
DA:15,2
DA:16,2
DA:19,2
DA:20,2
DA:21,2
DA:22,2
DA:23,2
DA:26,2
DA:29,2
DA:32,2
DA:34,2
LF:16
LH:16
BRF:0
BRH:0
end_of_record
TN:
SF:src\routes\auth.routes.js
FNF:0
FNH:0
DA:6,2
DA:7,2
DA:8,2
DA:9,2
DA:14,2
DA:17,2
DA:18,2
DA:19,2
DA:20,2
DA:21,2
DA:22,2
DA:25,2
DA:26,2
DA:27,2
DA:30,2
DA:31,2
DA:32,2
DA:33,2
DA:35,2
LF:19
LH:19
BRF:0
BRH:0
end_of_record
TN:
SF:src\routes\certificate.routes.js
FNF:0
FNH:0
DA:6,2
DA:7,2
DA:8,2
DA:9,2
DA:12,2
DA:15,2
DA:16,2
DA:17,2
DA:18,2
DA:21,2
DA:28,2
DA:35,2
DA:42,2
LF:13
LH:13
BRF:0
BRH:0
end_of_record
TN:
SF:src\routes\chapter.routes.js
FNF:0
FNH:0
DA:6,0
DA:7,0
DA:8,0
DA:9,0
DA:12,0
DA:15,0
DA:22,0
DA:29,0
DA:36,0
DA:43,0
DA:50,0
LF:11
LH:0
BRF:0
BRH:0
end_of_record
TN:
SF:src\routes\course.routes.js
FNF:0
FNH:0
DA:6,2
DA:7,2
DA:8,2
DA:9,2
DA:12,2
DA:13,2
DA:16,2
DA:17,2
DA:20,2
DA:27,2
DA:34,2
DA:41,2
DA:48,2
DA:56,2
DA:63,2
LF:15
LH:15
BRF:0
BRH:0
end_of_record
TN:
SF:src\routes\instructor.routes.js
FNF:0
FNH:0
DA:6,2
DA:7,2
DA:8,2
DA:9,2
DA:12,2
DA:15,2
DA:16,2
DA:19,2
DA:20,2
DA:21,2
DA:22,2
DA:25,2
DA:28,2
DA:29,2
DA:31,2
LF:15
LH:15
BRF:0
BRH:0
end_of_record
TN:
SF:src\routes\lab.routes.js
FNF:0
FNH:0
DA:6,2
DA:7,2
DA:8,2
DA:9,2
DA:12,2
DA:13,2
DA:14,2
DA:15,2
DA:16,2
DA:19,2
DA:26,2
DA:33,2
DA:40,2
DA:47,2
DA:54,2
LF:15
LH:15
BRF:0
BRH:0
end_of_record
TN:
SF:src\routes\mobile.routes.js
FN:26,(anonymous_0)
FN:55,(anonymous_1)
FN:68,(anonymous_2)
FN:92,(anonymous_3)
FN:97,(anonymous_4)
FN:120,(anonymous_5)
FN:130,(anonymous_6)
FN:151,(anonymous_7)
FN:156,(anonymous_8)
FN:179,(anonymous_9)
FN:184,(anonymous_10)
FN:206,(anonymous_11)
FN:223,(anonymous_12)
FN:237,getMobileStats
FN:249,getRecentActivity
FNF:15
FNH:0
FNDA:0,(anonymous_0)
FNDA:0,(anonymous_1)
FNDA:0,(anonymous_2)
FNDA:0,(anonymous_3)
FNDA:0,(anonymous_4)
FNDA:0,(anonymous_5)
FNDA:0,(anonymous_6)
FNDA:0,(anonymous_7)
FNDA:0,(anonymous_8)
FNDA:0,(anonymous_9)
FNDA:0,(anonymous_10)
FNDA:0,(anonymous_11)
FNDA:0,(anonymous_12)
FNDA:0,getMobileStats
FNDA:0,getRecentActivity
DA:6,0
DA:7,0
DA:8,0
DA:9,0
DA:10,0
DA:11,0
DA:12,0
DA:26,0
DA:27,0
DA:28,0
DA:30,0
DA:36,0
DA:42,0
DA:55,0
DA:56,0
DA:57,0
DA:59,0
DA:68,0
DA:79,0
DA:81,0
DA:92,0
DA:93,0
DA:94,0
DA:97,0
DA:107,0
DA:109,0
DA:120,0
DA:121,0
DA:122,0
DA:125,0
DA:130,0
DA:138,0
DA:140,0
DA:151,0
DA:152,0
DA:153,0
DA:156,0
DA:166,0
DA:168,0
DA:179,0
DA:180,0
DA:181,0
DA:184,0
DA:193,0
DA:195,0
DA:206,0
DA:207,0
DA:209,0
DA:210,0
DA:212,0
DA:223,0
DA:224,0
DA:225,0
DA:230,0
DA:232,0
DA:239,0
DA:251,0
DA:254,0
LF:58
LH:0
BRDA:57,0,0,0
BRDA:57,1,0,0
BRDA:103,2,0,0
BRDA:103,2,1,0
BRDA:104,3,0,0
BRDA:104,3,1,0
BRDA:230,4,0,0
BRDA:230,4,1,0
BRF:8
BRH:0
end_of_record
TN:
SF:src\routes\quiz.routes.js
FNF:0
FNH:0
DA:6,2
DA:7,2
DA:8,2
DA:9,2
DA:12,2
DA:13,2
DA:14,2
DA:15,2
DA:18,2
DA:25,2
DA:32,2
DA:39,2
DA:46,2
LF:13
LH:13
BRF:0
BRH:0
end_of_record
TN:
SF:src\storage\storage.service.js
FN:12,(anonymous_0)
FN:37,(anonymous_1)
FN:49,(anonymous_2)
FN:83,(anonymous_3)
FN:103,(anonymous_4)
FN:124,(anonymous_5)
FN:141,(anonymous_6)
FN:157,(anonymous_7)
FNF:8
FNH:0
FNDA:0,(anonymous_0)
FNDA:0,(anonymous_1)
FNDA:0,(anonymous_2)
FNDA:0,(anonymous_3)
FNDA:0,(anonymous_4)
FNDA:0,(anonymous_5)
FNDA:0,(anonymous_6)
FNDA:0,(anonymous_7)
DA:6,0
DA:7,0
DA:8,0
DA:9,0
DA:13,0
DA:14,0
DA:15,0
DA:18,0
DA:19,0
DA:27,0
DA:29,0
DA:38,0
DA:50,0
DA:51,0
DA:55,0
DA:56,0
DA:57,0
DA:59,0
DA:66,0
DA:68,0
DA:70,0
DA:84,0
DA:85,0
DA:88,0
DA:93,0
DA:95,0
DA:104,0
DA:105,0
DA:108,0
DA:113,0
DA:115,0
DA:125,0
DA:142,0
DA:158,0
DA:167,0
LF:35
LH:0
BRDA:15,0,0,0
BRDA:15,0,1,0
BRDA:18,1,0,0
BRDA:18,1,1,0
BRDA:18,2,0,0
BRDA:18,2,1,0
BRDA:49,3,0,0
BRDA:50,4,0,0
BRDA:50,4,1,0
BRDA:83,5,0,0
BRDA:84,6,0,0
BRDA:84,6,1,0
BRDA:104,7,0,0
BRDA:104,7,1,0
BRF:14
BRH:0
end_of_record
TN:
SF:src\webhooks\webhook.service.js
FN:11,(anonymous_0)
FN:19,(anonymous_1)
FN:30,(anonymous_2)
FN:31,(anonymous_3)
FN:35,(anonymous_4)
FN:45,(anonymous_5)
FN:76,(anonymous_6)
FN:86,(anonymous_7)
FN:98,(anonymous_8)
FN:111,(anonymous_9)
FN:124,(anonymous_10)
FN:137,(anonymous_11)
FNF:12
FNH:0
FNDA:0,(anonymous_0)
FNDA:0,(anonymous_1)
FNDA:0,(anonymous_2)
FNDA:0,(anonymous_3)
FNDA:0,(anonymous_4)
FNDA:0,(anonymous_5)
FNDA:0,(anonymous_6)
FNDA:0,(anonymous_7)
FNDA:0,(anonymous_8)
FNDA:0,(anonymous_9)
FNDA:0,(anonymous_10)
FNDA:0,(anonymous_11)
DA:6,0
DA:7,0
DA:8,0
DA:12,0
DA:20,0
DA:21,0
DA:22,0
DA:31,0
DA:32,0
DA:35,0
DA:36,0
DA:46,0
DA:47,0
DA:53,0
DA:55,0
DA:64,0
DA:66,0
DA:77,0
DA:78,0
DA:79,0
DA:87,0
DA:99,0
DA:112,0
DA:125,0
DA:138,0
DA:147,0
LF:26
LH:0
BRF:0
BRH:0
end_of_record
